Scanning dependencies of target calculations
[ 12%] Building CXX object CMakeFiles/calculations.dir/src/error.cpp.o
In file included from /usr/include/c++/9/string:38,
                 from /media/paul/kalashkov/university/forthTerm/oop/repo/lab01/include/global.hpp:3,
                 from /media/paul/kalashkov/university/forthTerm/oop/repo/lab01/src/error.cpp:2:
/usr/include/x86_64-linux-gnu/c++/9/bits/c++config.h:252:1: error: expected initializer before ‘namespace’
  252 | namespace std
      | ^~~~~~~~~
In file included from /usr/include/c++/9/bits/stl_algobase.h:62,
                 from /usr/include/c++/9/bits/char_traits.h:39,
                 from /usr/include/c++/9/string:40,
                 from /media/paul/kalashkov/university/forthTerm/oop/repo/lab01/include/global.hpp:3,
                 from /media/paul/kalashkov/university/forthTerm/oop/repo/lab01/src/error.cpp:2:
/usr/include/c++/9/ext/type_traits.h:162:35: error: ‘bool __gnu_cxx::__is_null_pointer’ redeclared as different kind of entity
  162 |   __is_null_pointer(std::nullptr_t)
      |                                   ^
/usr/include/c++/9/ext/type_traits.h:157:5: note: previous declaration ‘template<class _Type> bool __gnu_cxx::__is_null_pointer(_Type)’
  157 |     __is_null_pointer(_Type)
      |     ^~~~~~~~~~~~~~~~~
/usr/include/c++/9/ext/type_traits.h:162:26: error: ‘nullptr_t’ is not a member of ‘std’
  162 |   __is_null_pointer(std::nullptr_t)
      |                          ^~~~~~~~~
In file included from /usr/include/c++/9/bits/move.h:55,
                 from /usr/include/c++/9/bits/stl_pair.h:59,
                 from /usr/include/c++/9/bits/stl_algobase.h:64,
                 from /usr/include/c++/9/bits/char_traits.h:39,
                 from /usr/include/c++/9/string:40,
                 from /media/paul/kalashkov/university/forthTerm/oop/repo/lab01/include/global.hpp:3,
                 from /media/paul/kalashkov/university/forthTerm/oop/repo/lab01/src/error.cpp:2:
/usr/include/c++/9/type_traits:361:26: error: ‘std::size_t’ has not been declared
  361 |   template<typename _Tp, std::size_t _Size>
      |                          ^~~
/usr/include/c++/9/type_traits:362:25: error: ‘_Size’ was not declared in this scope
  362 |     struct is_array<_Tp[_Size]>
      |                         ^~~~~
/usr/include/c++/9/type_traits:362:31: error: template argument 1 is invalid
  362 |     struct is_array<_Tp[_Size]>
      |                               ^
/usr/include/c++/9/type_traits:560:42: error: ‘nullptr_t’ is not a member of ‘std’
  560 |     struct __is_null_pointer_helper<std::nullptr_t>
      |                                          ^~~~~~~~~
/usr/include/c++/9/type_traits:560:51: error: template argument 1 is invalid
  560 |     struct __is_null_pointer_helper<std::nullptr_t>
      |                                                   ^
/usr/include/c++/9/type_traits:1253:37: error: ‘size_t’ is not a member of ‘std’
 1253 |     : public integral_constant<std::size_t, alignof(_Tp)> { };
      |                                     ^~~~~~
/usr/include/c++/9/type_traits:1253:57: error: template argument 1 is invalid
 1253 |     : public integral_constant<std::size_t, alignof(_Tp)> { };
      |                                                         ^
/usr/include/c++/9/type_traits:1253:57: note: invalid template non-type parameter
/usr/include/c++/9/type_traits:1258:37: error: ‘size_t’ is not a member of ‘std’
 1258 |     : public integral_constant<std::size_t, 0> { };
      |                                     ^~~~~~
/usr/include/c++/9/type_traits:1258:46: error: template argument 1 is invalid
 1258 |     : public integral_constant<std::size_t, 0> { };
      |                                              ^
/usr/include/c++/9/type_traits:1258:46: note: invalid template non-type parameter
/usr/include/c++/9/type_traits:1260:26: error: ‘std::size_t’ has not been declared
 1260 |   template<typename _Tp, std::size_t _Size>
      |                          ^~~
/usr/include/c++/9/type_traits:1261:21: error: ‘_Size’ was not declared in this scope
 1261 |     struct rank<_Tp[_Size]>
      |                     ^~~~~
/usr/include/c++/9/type_traits:1261:27: error: template argument 1 is invalid
 1261 |     struct rank<_Tp[_Size]>
      |                           ^
/usr/include/c++/9/type_traits:1262:37: error: ‘size_t’ is not a member of ‘std’
 1262 |     : public integral_constant<std::size_t, 1 + rank<_Tp>::value> { };
      |                                     ^~~~~~
/usr/include/c++/9/type_traits:1262:65: error: template argument 1 is invalid
 1262 |     : public integral_constant<std::size_t, 1 + rank<_Tp>::value> { };
      |                                                                 ^
/usr/include/c++/9/type_traits:1262:65: note: invalid template non-type parameter
/usr/include/c++/9/type_traits:1266:37: error: ‘size_t’ is not a member of ‘std’
 1266 |     : public integral_constant<std::size_t, 1 + rank<_Tp>::value> { };
      |                                     ^~~~~~
/usr/include/c++/9/type_traits:1266:65: error: template argument 1 is invalid
 1266 |     : public integral_constant<std::size_t, 1 + rank<_Tp>::value> { };
      |                                                                 ^
/usr/include/c++/9/type_traits:1266:65: note: invalid template non-type parameter
/usr/include/c++/9/type_traits:1271:37: error: ‘size_t’ is not a member of ‘std’
 1271 |     : public integral_constant<std::size_t, 0> { };
      |                                     ^~~~~~
/usr/include/c++/9/type_traits:1271:46: error: template argument 1 is invalid
 1271 |     : public integral_constant<std::size_t, 0> { };
      |                                              ^
/usr/include/c++/9/type_traits:1271:46: note: invalid template non-type parameter
/usr/include/c++/9/type_traits:1273:42: error: ‘std::size_t’ has not been declared
 1273 |   template<typename _Tp, unsigned _Uint, std::size_t _Size>
      |                                          ^~~
/usr/include/c++/9/type_traits:1274:23: error: ‘_Size’ was not declared in this scope
 1274 |     struct extent<_Tp[_Size], _Uint>
      |                       ^~~~~
/usr/include/c++/9/type_traits:1274:36: error: template argument 1 is invalid
 1274 |     struct extent<_Tp[_Size], _Uint>
      |                                    ^
/usr/include/c++/9/type_traits:1275:37: error: ‘size_t’ is not a member of ‘std’
 1275 |     : public integral_constant<std::size_t,
      |                                     ^~~~~~
/usr/include/c++/9/type_traits:1276:24: error: ‘_Size’ was not declared in this scope
 1276 |           _Uint == 0 ? _Size : extent<_Tp,
      |                        ^~~~~
/usr/include/c++/9/type_traits:1277:28: error: template argument 1 is invalid
 1277 |           _Uint - 1>::value>
      |                            ^
/usr/include/c++/9/type_traits:1277:28: note: invalid template non-type parameter
/usr/include/c++/9/type_traits:1282:37: error: ‘size_t’ is not a member of ‘std’
 1282 |     : public integral_constant<std::size_t,
      |                                     ^~~~~~
/usr/include/c++/9/type_traits:1284:31: error: template argument 1 is invalid
 1284 |              _Uint - 1>::value>
      |                               ^
/usr/include/c++/9/type_traits:1284:31: note: invalid template non-type parameter
/usr/include/c++/9/type_traits:1617:26: error: ‘size_t’ does not name a type
 1617 |       { static constexpr size_t __size = sizeof(_Tp); };
      |                          ^~~~~~
In file included from /usr/include/c++/9/bits/move.h:55,
                 from /usr/include/c++/9/bits/stl_pair.h:59,
                 from /usr/include/c++/9/bits/stl_algobase.h:64,
                 from /usr/include/c++/9/bits/char_traits.h:39,
                 from /usr/include/c++/9/string:40,
                 from /media/paul/kalashkov/university/forthTerm/oop/repo/lab01/include/global.hpp:3,
                 from /media/paul/kalashkov/university/forthTerm/oop/repo/lab01/src/error.cpp:2:
/usr/include/c++/9/type_traits:1:1: note: ‘size_t’ is defined in header ‘<cstddef>’; did you forget to ‘#include <cstddef>’?
  +++ |+#include <cstddef>
    1 | // C++11 <type_traits> -*- C++ -*-
In file included from /usr/include/c++/9/bits/move.h:55,
                 from /usr/include/c++/9/bits/stl_pair.h:59,
                 from /usr/include/c++/9/bits/stl_algobase.h:64,
                 from /usr/include/c++/9/bits/char_traits.h:39,
                 from /usr/include/c++/9/string:40,
                 from /media/paul/kalashkov/university/forthTerm/oop/repo/lab01/include/global.hpp:3,
                 from /media/paul/kalashkov/university/forthTerm/oop/repo/lab01/src/error.cpp:2:
/usr/include/c++/9/type_traits:1619:14: error: ‘size_t’ has not been declared
 1619 |     template<size_t _Sz, typename _Tp, bool = (_Sz <= _Tp::__size)>
      |              ^~~~~~
/usr/include/c++/9/type_traits:1619:48: error: ‘_Sz’ was not declared in this scope
 1619 |     template<size_t _Sz, typename _Tp, bool = (_Sz <= _Tp::__size)>
      |                                                ^~~
/usr/include/c++/9/type_traits:1620:14: error: no default argument for ‘_Tp’
 1620 |       struct __select;
      |              ^~~~~~~~
/usr/include/c++/9/type_traits:1622:14: error: ‘size_t’ has not been declared
 1622 |     template<size_t _Sz, typename _Uint, typename... _UInts>
      |              ^~~~~~
/usr/include/c++/9/type_traits:1623:23: error: ‘_Sz’ was not declared in this scope
 1623 |       struct __select<_Sz, _List<_Uint, _UInts...>, true>
      |                       ^~~
/usr/include/c++/9/type_traits:1623:57: error: template argument 1 is invalid
 1623 |       struct __select<_Sz, _List<_Uint, _UInts...>, true>
      |                                                         ^
/usr/include/c++/9/type_traits:1626:14: error: ‘size_t’ has not been declared
 1626 |     template<size_t _Sz, typename _Uint, typename... _UInts>
      |              ^~~~~~
/usr/include/c++/9/type_traits:1627:23: error: ‘_Sz’ was not declared in this scope
 1627 |       struct __select<_Sz, _List<_Uint, _UInts...>, false>
      |                       ^~~
/usr/include/c++/9/type_traits:1627:58: error: template argument 1 is invalid
 1627 |       struct __select<_Sz, _List<_Uint, _UInts...>, false>
      |                                                          ^
/usr/include/c++/9/type_traits:1628:18: error: ‘_Sz’ was not declared in this scope
 1628 |       : __select<_Sz, _List<_UInts...>>
      |                  ^~~
/usr/include/c++/9/type_traits:1628:38: error: template argument 1 is invalid
 1628 |       : __select<_Sz, _List<_UInts...>>
      |                                      ^~
/usr/include/c++/9/type_traits:1619:52: error: ‘__size’ is not a member of ‘std::__make_unsigned_selector_base::_List<unsigned char, short unsigned int, unsigned int, long unsigned int, long long unsigned int>’
 1619 |     template<size_t _Sz, typename _Tp, bool = (_Sz <= _Tp::__size)>
      |                                               ~~~~~^~~~~~~~~~~~~~~
/usr/include/c++/9/type_traits:1641:68: error: template argument 3 is invalid
 1641 |       using __unsigned_type = typename __select<sizeof(_Tp), _UInts>::__type;
      |                                                                    ^
/usr/include/c++/9/type_traits:1645:40: error: ‘__unsigned_type’ was not declared in this scope
 1645 |  = typename __match_cv_qualifiers<_Tp, __unsigned_type>::__type;
      |                                        ^~~~~~~~~~~~~~~
/usr/include/c++/9/type_traits:1645:55: error: template argument 2 is invalid
 1645 |  = typename __match_cv_qualifiers<_Tp, __unsigned_type>::__type;
      |                                                       ^
/usr/include/c++/9/type_traits:1657:61: error: ‘__type’ in ‘class std::__make_unsigned_selector<wchar_t, false, true>’ does not name a type
 1657 |  = typename __make_unsigned_selector<wchar_t, false, true>::__type;
      |                                                             ^~~~~~
/usr/include/c++/9/type_traits:1674:62: error: ‘__type’ in ‘class std::__make_unsigned_selector<char16_t, false, true>’ does not name a type
 1674 |  = typename __make_unsigned_selector<char16_t, false, true>::__type;
      |                                                              ^~~~~~
/usr/include/c++/9/type_traits:1681:62: error: ‘__type’ in ‘class std::__make_unsigned_selector<char32_t, false, true>’ does not name a type
 1681 |  = typename __make_unsigned_selector<char32_t, false, true>::__type;
      |                                                              ^~~~~~
/usr/include/c++/9/type_traits: In instantiation of ‘class std::__make_unsigned_selector<wchar_t, true, false>’:
/usr/include/c++/9/type_traits:1768:62:   required from ‘class std::__make_signed_selector<wchar_t, false, true>’
/usr/include/c++/9/type_traits:1783:57:   required from here
/usr/include/c++/9/type_traits:1602:13: error: no type named ‘__type’ in ‘struct std::__make_unsigned<wchar_t>’
 1602 |       using __unsigned_type
      |             ^~~~~~~~~~~~~~~
/usr/include/c++/9/type_traits:1606:13: error: no type named ‘__type’ in ‘struct std::__make_unsigned<wchar_t>’
 1606 |       using __type
      |             ^~~~~~
/usr/include/c++/9/type_traits:1783:59: error: invalid combination of multiple type-specifiers
 1783 |  = typename __make_signed_selector<wchar_t, false, true>::__type;
      |                                                           ^~~~~~
/usr/include/c++/9/type_traits: In instantiation of ‘class std::__make_unsigned_selector<char16_t, true, false>’:
/usr/include/c++/9/type_traits:1768:62:   required from ‘class std::__make_signed_selector<char16_t, false, true>’
/usr/include/c++/9/type_traits:1800:58:   required from here
/usr/include/c++/9/type_traits:1602:13: error: no type named ‘__type’ in ‘struct std::__make_unsigned<char16_t>’
 1602 |       using __unsigned_type
      |             ^~~~~~~~~~~~~~~
/usr/include/c++/9/type_traits:1606:13: error: no type named ‘__type’ in ‘struct std::__make_unsigned<char16_t>’
 1606 |       using __type
      |             ^~~~~~
/usr/include/c++/9/type_traits:1800:60: error: invalid combination of multiple type-specifiers
 1800 |  = typename __make_signed_selector<char16_t, false, true>::__type;
      |                                                            ^~~~~~
/usr/include/c++/9/type_traits: In instantiation of ‘class std::__make_unsigned_selector<char32_t, true, false>’:
/usr/include/c++/9/type_traits:1768:62:   required from ‘class std::__make_signed_selector<char32_t, false, true>’
/usr/include/c++/9/type_traits:1807:58:   required from here
/usr/include/c++/9/type_traits:1602:13: error: no type named ‘__type’ in ‘struct std::__make_unsigned<char32_t>’
 1602 |       using __unsigned_type
      |             ^~~~~~~~~~~~~~~
/usr/include/c++/9/type_traits:1606:13: error: no type named ‘__type’ in ‘struct std::__make_unsigned<char32_t>’
 1606 |       using __type
      |             ^~~~~~
/usr/include/c++/9/type_traits:1807:60: error: invalid combination of multiple type-specifiers
 1807 |  = typename __make_signed_selector<char32_t, false, true>::__type;
      |                                                            ^~~~~~
/usr/include/c++/9/type_traits:1839:26: error: ‘std::size_t’ has not been declared
 1839 |   template<typename _Tp, std::size_t _Size>
      |                          ^~~
/usr/include/c++/9/type_traits:1840:30: error: ‘_Size’ was not declared in this scope
 1840 |     struct remove_extent<_Tp[_Size]>
      |                              ^~~~~
/usr/include/c++/9/type_traits:1840:36: error: template argument 1 is invalid
 1840 |     struct remove_extent<_Tp[_Size]>
      |                                    ^
/usr/include/c++/9/type_traits:1852:26: error: ‘std::size_t’ has not been declared
 1852 |   template<typename _Tp, std::size_t _Size>
      |                          ^~~
/usr/include/c++/9/type_traits:1853:35: error: ‘_Size’ was not declared in this scope
 1853 |     struct remove_all_extents<_Tp[_Size]>
      |                                   ^~~~~
/usr/include/c++/9/type_traits:1853:41: error: template argument 1 is invalid
 1853 |     struct remove_all_extents<_Tp[_Size]>
      |                                         ^
/usr/include/c++/9/type_traits:1911:12: error: ‘std::size_t’ has not been declared
 1911 |   template<std::size_t _Len>
      |            ^~~
/usr/include/c++/9/type_traits:1916:23: error: ‘_Len’ was not declared in this scope
 1916 |  unsigned char __data[_Len];
      |                       ^~~~
/usr/include/c++/9/type_traits:1931:12: error: ‘std::size_t’ has not been declared
 1931 |   template<std::size_t _Len, std::size_t _Align =
      |            ^~~
/usr/include/c++/9/type_traits:1931:30: error: ‘std::size_t’ has not been declared
 1931 |   template<std::size_t _Len, std::size_t _Align =
      |                              ^~~
/usr/include/c++/9/type_traits:1932:48: error: ‘_Len’ was not declared in this scope
 1932 |     __alignof__(typename __aligned_storage_msa<_Len>::__type)>
      |                                                ^~~~
/usr/include/c++/9/type_traits:1932:52: error: template argument 1 is invalid
 1932 |     __alignof__(typename __aligned_storage_msa<_Len>::__type)>
      |                                                    ^
/usr/include/c++/9/type_traits:1937:23: error: ‘_Len’ was not declared in this scope
 1937 |  unsigned char __data[_Len];
      |                       ^~~~
/usr/include/c++/9/type_traits:1938:37: error: ‘_Align’ was not declared in this scope
 1938 |  struct __attribute__((__aligned__((_Align)))) { } __align;
      |                                     ^~~~~~
/usr/include/c++/9/type_traits:1945:20: error: ‘size_t’ does not name a type
 1945 |       static const size_t _S_alignment = 0;
      |                    ^~~~~~
/usr/include/c++/9/type_traits:1945:20: note: ‘size_t’ is defined in header ‘<cstddef>’; did you forget to ‘#include <cstddef>’?
/usr/include/c++/9/type_traits:1946:20: error: ‘size_t’ does not name a type
 1946 |       static const size_t _S_size = 0;
      |                    ^~~~~~
/usr/include/c++/9/type_traits:1946:20: note: ‘size_t’ is defined in header ‘<cstddef>’; did you forget to ‘#include <cstddef>’?
/usr/include/c++/9/type_traits:1952:20: error: ‘size_t’ does not name a type
 1952 |       static const size_t _S_alignment =
      |                    ^~~~~~
/usr/include/c++/9/type_traits:1952:20: note: ‘size_t’ is defined in header ‘<cstddef>’; did you forget to ‘#include <cstddef>’?
/usr/include/c++/9/type_traits:1955:20: error: ‘size_t’ does not name a type
 1955 |       static const size_t _S_size =
      |                    ^~~~~~
/usr/include/c++/9/type_traits:1955:20: note: ‘size_t’ is defined in header ‘<cstddef>’; did you forget to ‘#include <cstddef>’?
/usr/include/c++/9/type_traits:1970:13: error: ‘size_t’ has not been declared
 1970 |   template <size_t _Len, typename... _Types>
      |             ^~~~~~
/usr/include/c++/9/type_traits:1977:20: error: ‘size_t’ does not name a type
 1977 |       static const size_t _S_len = _Len > __strictest::_S_size
      |                    ^~~~~~
/usr/include/c++/9/type_traits:1977:20: note: ‘size_t’ is defined in header ‘<cstddef>’; did you forget to ‘#include <cstddef>’?
/usr/include/c++/9/type_traits:1981:20: error: ‘size_t’ does not name a type
 1981 |       static const size_t alignment_value = __strictest::_S_alignment;
      |                    ^~~~~~
/usr/include/c++/9/type_traits:1981:20: note: ‘size_t’ is defined in header ‘<cstddef>’; did you forget to ‘#include <cstddef>’?
/usr/include/c++/9/type_traits:1983:40: error: ‘_S_len’ was not declared in this scope
 1983 |       typedef typename aligned_storage<_S_len, alignment_value>::type type;
      |                                        ^~~~~~
/usr/include/c++/9/type_traits:1983:48: error: ‘alignment_value’ was not declared in this scope; did you mean ‘alignment_of’?
 1983 |       typedef typename aligned_storage<_S_len, alignment_value>::type type;
      |                                                ^~~~~~~~~~~~~~~
      |                                                alignment_of
/usr/include/c++/9/type_traits:1983:63: error: template argument 1 is invalid
 1983 |       typedef typename aligned_storage<_S_len, alignment_value>::type type;
      |                                                               ^
/usr/include/c++/9/type_traits:1983:63: error: template argument 2 is invalid
/usr/include/c++/9/type_traits:1986:13: error: ‘size_t’ has not been declared
 1986 |   template <size_t _Len, typename... _Types>
      |             ^~~~~~
/usr/include/c++/9/type_traits:1987:11: error: ‘size_t’ does not name a type
 1987 |     const size_t aligned_union<_Len, _Types...>::alignment_value;
      |           ^~~~~~
/usr/include/c++/9/type_traits:1987:11: note: ‘size_t’ is defined in header ‘<cstddef>’; did you forget to ‘#include <cstddef>’?
/usr/include/c++/9/type_traits:2372:12: error: ‘size_t’ has not been declared
 2372 |   template<size_t _Len, size_t _Align =
      |            ^~~~~~
/usr/include/c++/9/type_traits:2372:25: error: ‘size_t’ has not been declared
 2372 |   template<size_t _Len, size_t _Align =
      |                         ^~~~~~
/usr/include/c++/9/type_traits:2373:49: error: ‘_Len’ was not declared in this scope
 2373 |      __alignof__(typename __aligned_storage_msa<_Len>::__type)>
      |                                                 ^~~~
/usr/include/c++/9/type_traits:2373:53: error: template argument 1 is invalid
 2373 |      __alignof__(typename __aligned_storage_msa<_Len>::__type)>
      |                                                     ^
/usr/include/c++/9/type_traits:2374:56: error: ‘_Len’ was not declared in this scope
 2374 |     using aligned_storage_t = typename aligned_storage<_Len, _Align>::type;
      |                                                        ^~~~
/usr/include/c++/9/type_traits:2374:62: error: ‘_Align’ was not declared in this scope
 2374 |     using aligned_storage_t = typename aligned_storage<_Len, _Align>::type;
      |                                                              ^~~~~~
/usr/include/c++/9/type_traits:2374:68: error: template argument 1 is invalid
 2374 |     using aligned_storage_t = typename aligned_storage<_Len, _Align>::type;
      |                                                                    ^
/usr/include/c++/9/type_traits:2374:68: error: template argument 2 is invalid
/usr/include/c++/9/type_traits:2376:13: error: ‘size_t’ has not been declared
 2376 |   template <size_t _Len, typename... _Types>
      |             ^~~~~~
/usr/include/c++/9/type_traits:2377:52: error: ‘_Len’ was not declared in this scope
 2377 |     using aligned_union_t = typename aligned_union<_Len, _Types...>::type;
      |                                                    ^~~~
/usr/include/c++/9/type_traits:2377:67: error: template argument 1 is invalid
 2377 |     using aligned_union_t = typename aligned_union<_Len, _Types...>::type;
      |                                                                   ^
/usr/include/c++/9/type_traits:2494:26: error: ‘size_t’ has not been declared
 2494 |   template<typename _Tp, size_t _Nm>
      |                          ^~~~~~
/usr/include/c++/9/type_traits:2497:21: error: ‘_Nm’ was not declared in this scope
 2497 |     swap(_Tp (&__a)[_Nm], _Tp (&__b)[_Nm])
      |                     ^~~
/usr/include/c++/9/type_traits:2497:24: error: ‘template<class _Tp, <declaration error> > typename std::enable_if<std::__is_swappable<_Tp>::value>::type std::swap’ conflicts with a previous declaration
 2497 |     swap(_Tp (&__a)[_Nm], _Tp (&__b)[_Nm])
      |                        ^
/usr/include/c++/9/type_traits:2490:5: note: previous declaration ‘typename std::enable_if<std::__and_<std::__not_<std::__is_tuple_like<_Tp> >, std::is_move_constructible<_Tp>, std::is_move_assignable<_Tp> >::value>::type std::swap(_Tp&, _Tp&)’
 2490 |     swap(_Tp&, _Tp&)
      |     ^~~~
/usr/include/c++/9/type_traits:2497:16: error: ‘__a’ was not declared in this scope
 2497 |     swap(_Tp (&__a)[_Nm], _Tp (&__b)[_Nm])
      |                ^~~
/usr/include/c++/9/type_traits:2497:21: error: ‘_Nm’ was not declared in this scope
 2497 |     swap(_Tp (&__a)[_Nm], _Tp (&__b)[_Nm])
      |                     ^~~
/usr/include/c++/9/type_traits:2497:33: error: ‘__b’ was not declared in this scope
 2497 |     swap(_Tp (&__a)[_Nm], _Tp (&__b)[_Nm])
      |                                 ^~~
/usr/include/c++/9/type_traits:2497:38: error: ‘_Nm’ was not declared in this scope
 2497 |     swap(_Tp (&__a)[_Nm], _Tp (&__b)[_Nm])
      |                                      ^~~
/usr/include/c++/9/type_traits:2497:43: error: expected ‘;’ before ‘noexcept’
 2497 |     swap(_Tp (&__a)[_Nm], _Tp (&__b)[_Nm])
      |                                           ^
      |                                           ;
 2498 |     noexcept(__is_nothrow_swappable<_Tp>::value);
      |     ~~~~~~~~                               
/usr/include/c++/9/type_traits:2990:20: error: ‘size_t’ does not name a type
 2990 |   inline constexpr size_t alignment_of_v = alignment_of<_Tp>::value;
      |                    ^~~~~~
/usr/include/c++/9/type_traits:2990:20: note: ‘size_t’ is defined in header ‘<cstddef>’; did you forget to ‘#include <cstddef>’?
/usr/include/c++/9/type_traits:2992:20: error: ‘size_t’ does not name a type
 2992 |   inline constexpr size_t rank_v = rank<_Tp>::value;
      |                    ^~~~~~
/usr/include/c++/9/type_traits:2992:20: note: ‘size_t’ is defined in header ‘<cstddef>’; did you forget to ‘#include <cstddef>’?
/usr/include/c++/9/type_traits:2994:20: error: ‘size_t’ does not name a type
 2994 |   inline constexpr size_t extent_v = extent<_Tp, _Idx>::value;
      |                    ^~~~~~
/usr/include/c++/9/type_traits:2994:20: note: ‘size_t’ is defined in header ‘<cstddef>’; did you forget to ‘#include <cstddef>’?
In file included from /usr/include/c++/9/bits/stl_pair.h:59,
                 from /usr/include/c++/9/bits/stl_algobase.h:64,
                 from /usr/include/c++/9/bits/char_traits.h:39,
                 from /usr/include/c++/9/string:40,
                 from /media/paul/kalashkov/university/forthTerm/oop/repo/lab01/include/global.hpp:3,
                 from /media/paul/kalashkov/university/forthTerm/oop/repo/lab01/src/error.cpp:2:
/usr/include/c++/9/bits/move.h:201:26: error: ‘size_t’ has not been declared
  201 |   template<typename _Tp, size_t _Nm>
      |                          ^~~~~~
/usr/include/c++/9/bits/move.h:205:21: error: ‘_Nm’ was not declared in this scope
  205 |     swap(_Tp (&__a)[_Nm], _Tp (&__b)[_Nm])
      |                     ^~~
/usr/include/c++/9/bits/move.h:205:24: error: ‘template<class _Tp, <declaration error> > typename std::enable_if<std::__is_swappable<_Tp>::value>::type std::swap’ conflicts with a previous declaration
  205 |     swap(_Tp (&__a)[_Nm], _Tp (&__b)[_Nm])
      |                        ^
/usr/include/c++/9/bits/move.h:182:5: note: previous declaration ‘typename std::enable_if<std::__and_<std::__not_<std::__is_tuple_like<_Tp> >, std::is_move_constructible<_Tp>, std::is_move_assignable<_Tp> >::value>::type std::swap(_Tp&, _Tp&)’
  182 |     swap(_Tp& __a, _Tp& __b)
      |     ^~~~
/usr/include/c++/9/bits/move.h:205:16: error: ‘__a’ was not declared in this scope
  205 |     swap(_Tp (&__a)[_Nm], _Tp (&__b)[_Nm])
      |                ^~~
/usr/include/c++/9/bits/move.h:205:21: error: ‘_Nm’ was not declared in this scope
  205 |     swap(_Tp (&__a)[_Nm], _Tp (&__b)[_Nm])
      |                     ^~~
/usr/include/c++/9/bits/move.h:205:33: error: ‘__b’ was not declared in this scope
  205 |     swap(_Tp (&__a)[_Nm], _Tp (&__b)[_Nm])
      |                                 ^~~
/usr/include/c++/9/bits/move.h:205:38: error: ‘_Nm’ was not declared in this scope
  205 |     swap(_Tp (&__a)[_Nm], _Tp (&__b)[_Nm])
      |                                      ^~~
/usr/include/c++/9/bits/move.h:205:43: error: expected ‘;’ before ‘noexcept’
  205 |     swap(_Tp (&__a)[_Nm], _Tp (&__b)[_Nm])
      |                                           ^
      |                                           ;
  206 |     noexcept(__is_nothrow_swappable<_Tp>::value)
      |     ~~~~~~~~                               
In file included from /usr/include/c++/9/bits/stl_algobase.h:64,
                 from /usr/include/c++/9/bits/char_traits.h:39,
                 from /usr/include/c++/9/string:40,
                 from /media/paul/kalashkov/university/forthTerm/oop/repo/lab01/include/global.hpp:3,
                 from /media/paul/kalashkov/university/forthTerm/oop/repo/lab01/src/error.cpp:2:
/usr/include/c++/9/bits/stl_pair.h:86:12: error: ‘std::size_t’ has not been declared
   86 |   template<std::size_t...>
      |            ^~~
/usr/include/c++/9/bits/stl_pair.h:434:36: error: ‘std::size_t’ has not been declared
  434 |       template<typename... _Args1, std::size_t... _Indexes1,
      |                                    ^~~
/usr/include/c++/9/bits/stl_pair.h:435:36: error: ‘std::size_t’ has not been declared
  435 |                typename... _Args2, std::size_t... _Indexes2>
      |                                    ^~~
/usr/include/c++/9/bits/stl_pair.h:437:27: error: ‘_Indexes1’ was not declared in this scope
  437 |              _Index_tuple<_Indexes1...>, _Index_tuple<_Indexes2...>);
      |                           ^~~~~~~~~
/usr/include/c++/9/bits/stl_pair.h:437:36: error: expected parameter pack before ‘...’
  437 |              _Index_tuple<_Indexes1...>, _Index_tuple<_Indexes2...>);
      |                                    ^~~
/usr/include/c++/9/bits/stl_pair.h:437:39: error: template argument 1 is invalid
  437 |              _Index_tuple<_Indexes1...>, _Index_tuple<_Indexes2...>);
      |                                       ^
/usr/include/c++/9/bits/stl_pair.h:437:55: error: ‘_Indexes2’ was not declared in this scope
  437 |              _Index_tuple<_Indexes1...>, _Index_tuple<_Indexes2...>);
      |                                                       ^~~~~~~~~
/usr/include/c++/9/bits/stl_pair.h:437:64: error: expected parameter pack before ‘...’
  437 |              _Index_tuple<_Indexes1...>, _Index_tuple<_Indexes2...>);
      |                                                                ^~~
/usr/include/c++/9/bits/stl_pair.h:437:67: error: template argument 1 is invalid
  437 |              _Index_tuple<_Indexes1...>, _Index_tuple<_Indexes2...>);
      |                                                                   ^
In file included from /usr/include/c++/9/bits/stl_algobase.h:65,
                 from /usr/include/c++/9/bits/char_traits.h:39,
                 from /usr/include/c++/9/string:40,
                 from /media/paul/kalashkov/university/forthTerm/oop/repo/lab01/include/global.hpp:3,
                 from /media/paul/kalashkov/university/forthTerm/oop/repo/lab01/src/error.cpp:2:
/usr/include/c++/9/bits/stl_iterator_base_types.h:116:67: error: ‘ptrdiff_t’ does not name a type
  116 |   template<typename _Category, typename _Tp, typename _Distance = ptrdiff_t,
      |                                                                   ^~~~~~~~~
In file included from /usr/include/c++/9/bits/stl_algobase.h:65,
                 from /usr/include/c++/9/bits/char_traits.h:39,
                 from /usr/include/c++/9/string:40,
                 from /media/paul/kalashkov/university/forthTerm/oop/repo/lab01/include/global.hpp:3,
                 from /media/paul/kalashkov/university/forthTerm/oop/repo/lab01/src/error.cpp:2:
/usr/include/c++/9/bits/stl_iterator_base_types.h:1:1: note: ‘ptrdiff_t’ is defined in header ‘<cstddef>’; did you forget to ‘#include <cstddef>’?
  +++ |+#include <cstddef>
    1 | // Types used in iterator implementation -*- C++ -*-
In file included from /usr/include/c++/9/bits/stl_algobase.h:65,
                 from /usr/include/c++/9/bits/char_traits.h:39,
                 from /usr/include/c++/9/string:40,
                 from /media/paul/kalashkov/university/forthTerm/oop/repo/lab01/include/global.hpp:3,
                 from /media/paul/kalashkov/university/forthTerm/oop/repo/lab01/src/error.cpp:2:
/usr/include/c++/9/bits/stl_iterator_base_types.h:182:15: error: ‘ptrdiff_t’ does not name a type
  182 |       typedef ptrdiff_t                   difference_type;
      |               ^~~~~~~~~
/usr/include/c++/9/bits/stl_iterator_base_types.h:182:15: note: ‘ptrdiff_t’ is defined in header ‘<cstddef>’; did you forget to ‘#include <cstddef>’?
/usr/include/c++/9/bits/stl_iterator_base_types.h:193:15: error: ‘ptrdiff_t’ does not name a type
  193 |       typedef ptrdiff_t                   difference_type;
      |               ^~~~~~~~~
/usr/include/c++/9/bits/stl_iterator_base_types.h:193:15: note: ‘ptrdiff_t’ is defined in header ‘<cstddef>’; did you forget to ‘#include <cstddef>’?
In file included from /usr/include/c++/9/bits/stl_algobase.h:66,
                 from /usr/include/c++/9/bits/char_traits.h:39,
                 from /usr/include/c++/9/string:40,
                 from /media/paul/kalashkov/university/forthTerm/oop/repo/lab01/include/global.hpp:3,
                 from /media/paul/kalashkov/university/forthTerm/oop/repo/lab01/src/error.cpp:2:
/usr/include/c++/9/bits/stl_iterator_base_funcs.h:110:5: error: ‘ptrdiff_t’ does not name a type
  110 |     ptrdiff_t
      |     ^~~~~~~~~
/usr/include/c++/9/bits/stl_iterator_base_funcs.h:66:1: note: ‘ptrdiff_t’ is defined in header ‘<cstddef>’; did you forget to ‘#include <cstddef>’?
   65 | #include <debug/assertions.h>
  +++ |+#include <cstddef>
   66 | 
/usr/include/c++/9/bits/stl_iterator_base_funcs.h:116:5: error: ‘ptrdiff_t’ does not name a type
  116 |     ptrdiff_t
      |     ^~~~~~~~~
/usr/include/c++/9/bits/stl_iterator_base_funcs.h:116:5: note: ‘ptrdiff_t’ is defined in header ‘<cstddef>’; did you forget to ‘#include <cstddef>’?
In file included from /usr/include/c++/9/bits/stl_iterator.h:66,
                 from /usr/include/c++/9/bits/stl_algobase.h:67,
                 from /usr/include/c++/9/bits/char_traits.h:39,
                 from /usr/include/c++/9/string:40,
                 from /media/paul/kalashkov/university/forthTerm/oop/repo/lab01/include/global.hpp:3,
                 from /media/paul/kalashkov/university/forthTerm/oop/repo/lab01/src/error.cpp:2:
/usr/include/c++/9/bits/ptr_traits.h:109:20: error: ‘ptrdiff_t’ was not declared in this scope
  109 |  = __detected_or_t<ptrdiff_t, __difference_type, _Ptr>;
      |                    ^~~~~~~~~
/usr/include/c++/9/bits/ptr_traits.h:1:1: note: ‘ptrdiff_t’ is defined in header ‘<cstddef>’; did you forget to ‘#include <cstddef>’?
  +++ |+#include <cstddef>
    1 | // Pointer Traits -*- C++ -*-
/usr/include/c++/9/bits/ptr_traits.h:109:54: error: template argument 1 is invalid
  109 |  = __detected_or_t<ptrdiff_t, __difference_type, _Ptr>;
      |                                                      ^
/usr/include/c++/9/bits/ptr_traits.h:135:15: error: ‘ptrdiff_t’ does not name a type
  135 |       typedef ptrdiff_t difference_type;
      |               ^~~~~~~~~
/usr/include/c++/9/bits/ptr_traits.h:135:15: note: ‘ptrdiff_t’ is defined in header ‘<cstddef>’; did you forget to ‘#include <cstddef>’?
In file included from /usr/include/c++/9/bits/char_traits.h:39,
                 from /usr/include/c++/9/string:40,
                 from /media/paul/kalashkov/university/forthTerm/oop/repo/lab01/include/global.hpp:3,
                 from /media/paul/kalashkov/university/forthTerm/oop/repo/lab01/src/error.cpp:2:
/usr/include/c++/9/bits/stl_algobase.h: In static member function ‘static _Tp* std::__copy_move<_IsMove, true, std::random_access_iterator_tag>::__copy_m(const _Tp*, const _Tp*, _Tp*)’:
/usr/include/c++/9/bits/stl_algobase.h:384:10: error: ‘ptrdiff_t’ does not name a type
  384 |    const ptrdiff_t _Num = __last - __first;
      |          ^~~~~~~~~
/usr/include/c++/9/bits/stl_algobase.h:72:1: note: ‘ptrdiff_t’ is defined in header ‘<cstddef>’; did you forget to ‘#include <cstddef>’?
   71 | #include <bits/predefined_ops.h>
  +++ |+#include <cstddef>
   72 | #if __cplusplus >= 201103L
/usr/include/c++/9/bits/stl_algobase.h:385:8: error: ‘_Num’ was not declared in this scope
  385 |    if (_Num)
      |        ^~~~
/usr/include/c++/9/bits/stl_algobase.h:387:22: error: ‘_Num’ was not declared in this scope
  387 |    return __result + _Num;
      |                      ^~~~
/usr/include/c++/9/bits/stl_algobase.h: In static member function ‘static _Tp* std::__copy_move_backward<_IsMove, true, std::random_access_iterator_tag>::__copy_move_b(const _Tp*, const _Tp*, _Tp*)’:
/usr/include/c++/9/bits/stl_algobase.h:586:10: error: ‘ptrdiff_t’ does not name a type
  586 |    const ptrdiff_t _Num = __last - __first;
      |          ^~~~~~~~~
/usr/include/c++/9/bits/stl_algobase.h:586:10: note: ‘ptrdiff_t’ is defined in header ‘<cstddef>’; did you forget to ‘#include <cstddef>’?
/usr/include/c++/9/bits/stl_algobase.h:587:8: error: ‘_Num’ was not declared in this scope
  587 |    if (_Num)
      |        ^~~~
/usr/include/c++/9/bits/stl_algobase.h:589:22: error: ‘_Num’ was not declared in this scope
  589 |    return __result - _Num;
      |                      ^~~~
/usr/include/c++/9/bits/stl_algobase.h: In function ‘typename __gnu_cxx::__enable_if<std::__is_byte<_Tp>::__value, void>::__type std::__fill_a(_Tp*, _Tp*, const _Tp&)’:
/usr/include/c++/9/bits/stl_algobase.h:724:24: error: expected initializer before ‘__len’
  724 |       if (const size_t __len = __last - __first)
      |                        ^~~~~
/usr/include/c++/9/bits/stl_algobase.h:724:23: error: expected ‘)’ before ‘__len’
  724 |       if (const size_t __len = __last - __first)
      |          ~            ^~~~~~
      |                       )
/usr/include/c++/9/bits/stl_algobase.h:725:63: error: ‘__len’ was not declared in this scope
  725 |  __builtin_memset(__first, static_cast<unsigned char>(__tmp), __len);
      |                                                               ^~~~~
/usr/include/c++/9/bits/stl_algobase.h: In static member function ‘static bool std::__equal<true>::equal(const _Tp*, const _Tp*, const _Tp*)’:
/usr/include/c++/9/bits/stl_algobase.h:833:21: error: expected initializer before ‘__len’
  833 |    if (const size_t __len = (__last1 - __first1))
      |                     ^~~~~
/usr/include/c++/9/bits/stl_algobase.h:833:20: error: expected ‘)’ before ‘__len’
  833 |    if (const size_t __len = (__last1 - __first1))
      |       ~            ^~~~~~
      |                    )
/usr/include/c++/9/bits/stl_algobase.h:834:65: error: ‘__len’ was not declared in this scope
  834 |      return !__builtin_memcmp(__first1, __first2, sizeof(_Tp) * __len);
      |                                                                 ^~~~~
/usr/include/c++/9/bits/stl_algobase.h: In static member function ‘static bool std::__lexicographical_compare<true>::__lc(const _Tp*, const _Tp*, const _Up*, const _Up*)’:
/usr/include/c++/9/bits/stl_algobase.h:937:10: error: ‘size_t’ does not name a type
  937 |    const size_t __len1 = __last1 - __first1;
      |          ^~~~~~
/usr/include/c++/9/bits/stl_algobase.h:937:10: note: ‘size_t’ is defined in header ‘<cstddef>’; did you forget to ‘#include <cstddef>’?
/usr/include/c++/9/bits/stl_algobase.h:938:10: error: ‘size_t’ does not name a type
  938 |    const size_t __len2 = __last2 - __first2;
      |          ^~~~~~
/usr/include/c++/9/bits/stl_algobase.h:938:10: note: ‘size_t’ is defined in header ‘<cstddef>’; did you forget to ‘#include <cstddef>’?
/usr/include/c++/9/bits/stl_algobase.h:939:21: error: expected initializer before ‘__len’
  939 |    if (const size_t __len = std::min(__len1, __len2))
      |                     ^~~~~
/usr/include/c++/9/bits/stl_algobase.h:939:20: error: expected ‘)’ before ‘__len’
  939 |    if (const size_t __len = std::min(__len1, __len2))
      |       ~            ^~~~~~
      |                    )
/usr/include/c++/9/bits/stl_algobase.h:940:62: error: ‘__len’ was not declared in this scope
  940 |      if (int __result = __builtin_memcmp(__first1, __first2, __len))
      |                                                              ^~~~~
/usr/include/c++/9/bits/stl_algobase.h:942:11: error: ‘__len1’ was not declared in this scope
  942 |    return __len1 < __len2;
      |           ^~~~~~
/usr/include/c++/9/bits/stl_algobase.h:942:20: error: ‘__len2’ was not declared in this scope
  942 |    return __len1 < __len2;
      |                    ^~~~~~
In file included from /usr/include/c++/9/bits/char_traits.h:40,
                 from /usr/include/c++/9/string:40,
                 from /media/paul/kalashkov/university/forthTerm/oop/repo/lab01/include/global.hpp:3,
                 from /media/paul/kalashkov/university/forthTerm/oop/repo/lab01/src/error.cpp:2:
/usr/include/c++/9/bits/postypes.h: At global scope:
/usr/include/c++/9/bits/postypes.h:98:11: error: ‘ptrdiff_t’ does not name a type
   98 |   typedef ptrdiff_t streamsize; // Signed integral type
      |           ^~~~~~~~~
/usr/include/c++/9/bits/postypes.h:41:1: note: ‘ptrdiff_t’ is defined in header ‘<cstddef>’; did you forget to ‘#include <cstddef>’?
   40 | #include <cwchar> // For mbstate_t
  +++ |+#include <cstddef>
   41 | 
In file included from /usr/include/c++/9/string:40,
                 from /media/paul/kalashkov/university/forthTerm/oop/repo/lab01/include/global.hpp:3,
                 from /media/paul/kalashkov/university/forthTerm/oop/repo/lab01/src/error.cpp:2:
/usr/include/c++/9/bits/char_traits.h:108:61: error: ‘std::size_t’ has not been declared
  108 |       compare(const char_type* __s1, const char_type* __s2, std::size_t __n);
      |                                                             ^~~
/usr/include/c++/9/bits/char_traits.h:110:40: error: ‘size_t’ in namespace ‘std’ does not name a type
  110 |       static _GLIBCXX14_CONSTEXPR std::size_t
      |                                        ^~~~~~
/usr/include/c++/9/bits/char_traits.h:114:34: error: ‘std::size_t’ has not been declared
  114 |       find(const char_type* __s, std::size_t __n, const char_type& __a);
      |                                  ^~~
/usr/include/c++/9/bits/char_traits.h:117:52: error: ‘std::size_t’ has not been declared
  117 |       move(char_type* __s1, const char_type* __s2, std::size_t __n);
      |                                                    ^~~
/usr/include/c++/9/bits/char_traits.h:120:52: error: ‘std::size_t’ has not been declared
  120 |       copy(char_type* __s1, const char_type* __s2, std::size_t __n);
      |                                                    ^~~
/usr/include/c++/9/bits/char_traits.h:123:30: error: ‘std::size_t’ has not been declared
  123 |       assign(char_type* __s, std::size_t __n, char_type __a);
      |                              ^~~
/usr/include/c++/9/bits/char_traits.h:149:59: error: ‘std::size_t’ has not been declared
  149 |     compare(const char_type* __s1, const char_type* __s2, std::size_t __n)
      |                                                           ^~~
/usr/include/c++/9/bits/char_traits.h: In static member function ‘static constexpr int __gnu_cxx::char_traits<_CharT>::compare(const char_type*, const char_type*, int)’:
/usr/include/c++/9/bits/char_traits.h:151:17: error: ‘size_t’ is not a member of ‘std’; did you mean ‘size_t’?
  151 |       for (std::size_t __i = 0; __i < __n; ++__i)
      |                 ^~~~~~
In file included from /usr/include/wchar.h:35,
                 from /usr/include/c++/9/cwchar:44,
                 from /usr/include/c++/9/bits/postypes.h:40,
                 from /usr/include/c++/9/bits/char_traits.h:40,
                 from /usr/include/c++/9/string:40,
                 from /media/paul/kalashkov/university/forthTerm/oop/repo/lab01/include/global.hpp:3,
                 from /media/paul/kalashkov/university/forthTerm/oop/repo/lab01/src/error.cpp:2:
/usr/lib/gcc/x86_64-linux-gnu/9/include/stddef.h:209:23: note: ‘size_t’ declared here
  209 | typedef __SIZE_TYPE__ size_t;
      |                       ^~~~~~
In file included from /usr/include/c++/9/string:40,
                 from /media/paul/kalashkov/university/forthTerm/oop/repo/lab01/include/global.hpp:3,
                 from /media/paul/kalashkov/university/forthTerm/oop/repo/lab01/src/error.cpp:2:
/usr/include/c++/9/bits/char_traits.h:151:33: error: ‘__i’ was not declared in this scope; did you mean ‘__n’?
  151 |       for (std::size_t __i = 0; __i < __n; ++__i)
      |                                 ^~~
      |                                 __n
/usr/include/c++/9/bits/char_traits.h: At global scope:
/usr/include/c++/9/bits/char_traits.h:160:31: error: ‘size_t’ in namespace ‘std’ does not name a type
  160 |     _GLIBCXX14_CONSTEXPR std::size_t
      |                               ^~~~~~
/usr/include/c++/9/bits/char_traits.h:173:32: error: ‘std::size_t’ has not been declared
  173 |     find(const char_type* __s, std::size_t __n, const char_type& __a)
      |                                ^~~
/usr/include/c++/9/bits/char_traits.h: In static member function ‘static constexpr const char_type* __gnu_cxx::char_traits<_CharT>::find(const char_type*, int, const char_type&)’:
/usr/include/c++/9/bits/char_traits.h:175:17: error: ‘size_t’ is not a member of ‘std’; did you mean ‘size_t’?
  175 |       for (std::size_t __i = 0; __i < __n; ++__i)
      |                 ^~~~~~
In file included from /usr/include/wchar.h:35,
                 from /usr/include/c++/9/cwchar:44,
                 from /usr/include/c++/9/bits/postypes.h:40,
                 from /usr/include/c++/9/bits/char_traits.h:40,
                 from /usr/include/c++/9/string:40,
                 from /media/paul/kalashkov/university/forthTerm/oop/repo/lab01/include/global.hpp:3,
                 from /media/paul/kalashkov/university/forthTerm/oop/repo/lab01/src/error.cpp:2:
/usr/lib/gcc/x86_64-linux-gnu/9/include/stddef.h:209:23: note: ‘size_t’ declared here
  209 | typedef __SIZE_TYPE__ size_t;
      |                       ^~~~~~
In file included from /usr/include/c++/9/string:40,
                 from /media/paul/kalashkov/university/forthTerm/oop/repo/lab01/include/global.hpp:3,
                 from /media/paul/kalashkov/university/forthTerm/oop/repo/lab01/src/error.cpp:2:
/usr/include/c++/9/bits/char_traits.h:175:33: error: ‘__i’ was not declared in this scope; did you mean ‘__s’?
  175 |       for (std::size_t __i = 0; __i < __n; ++__i)
      |                                 ^~~
      |                                 __s
/usr/include/c++/9/bits/char_traits.h: At global scope:
/usr/include/c++/9/bits/char_traits.h:184:50: error: ‘std::size_t’ has not been declared
  184 |     move(char_type* __s1, const char_type* __s2, std::size_t __n)
      |                                                  ^~~
/usr/include/c++/9/bits/char_traits.h:195:50: error: ‘std::size_t’ has not been declared
  195 |     copy(char_type* __s1, const char_type* __s2, std::size_t __n)
      |                                                  ^~~
/usr/include/c++/9/bits/char_traits.h:205:28: error: ‘std::size_t’ has not been declared
  205 |     assign(char_type* __s, std::size_t __n, char_type __a)
      |                            ^~~
/usr/include/c++/9/bits/char_traits.h: In static member function ‘static constexpr size_t std::char_traits<char>::length(const char_type*)’:
/usr/include/c++/9/bits/char_traits.h:333:46: error: ‘length’ is not a member of ‘__gnu_cxx::char_traits<char>’
  333 |    return __gnu_cxx::char_traits<char_type>::length(__s);
      |                                              ^~~~~~
/usr/include/c++/9/bits/char_traits.h: In static member function ‘static constexpr size_t std::char_traits<wchar_t>::length(const char_type*)’:
/usr/include/c++/9/bits/char_traits.h:442:46: error: ‘length’ is not a member of ‘__gnu_cxx::char_traits<wchar_t>’
  442 |    return __gnu_cxx::char_traits<char_type>::length(__s);
      |                                              ^~~~~~
/usr/include/c++/9/bits/char_traits.h:444:15: error: call to non-‘constexpr’ function ‘size_t wcslen(const wchar_t*)’
  444 |  return wcslen(__s);
      |         ~~~~~~^~~~~
In file included from /usr/include/c++/9/ext/new_allocator.h:33,
                 from /usr/include/x86_64-linux-gnu/c++/9/bits/c++allocator.h:33,
                 from /usr/include/c++/9/bits/allocator.h:46,
                 from /usr/include/c++/9/string:41,
                 from /media/paul/kalashkov/university/forthTerm/oop/repo/lab01/include/global.hpp:3,
                 from /media/paul/kalashkov/university/forthTerm/oop/repo/lab01/src/error.cpp:2:
/usr/include/c++/9/new: At global scope:
/usr/include/c++/9/new:125:50: error: declaration of ‘operator new’ as non-function
  125 | _GLIBCXX_NODISCARD void* operator new(std::size_t) _GLIBCXX_THROW (std::bad_alloc)
      |                                                  ^
/usr/include/c++/9/new:125:44: error: ‘size_t’ is not a member of ‘std’; did you mean ‘size_t’?
  125 | _GLIBCXX_NODISCARD void* operator new(std::size_t) _GLIBCXX_THROW (std::bad_alloc)
      |                                            ^~~~~~
In file included from /usr/include/wchar.h:35,
                 from /usr/include/c++/9/cwchar:44,
                 from /usr/include/c++/9/bits/postypes.h:40,
                 from /usr/include/c++/9/bits/char_traits.h:40,
                 from /usr/include/c++/9/string:40,
                 from /media/paul/kalashkov/university/forthTerm/oop/repo/lab01/include/global.hpp:3,
                 from /media/paul/kalashkov/university/forthTerm/oop/repo/lab01/src/error.cpp:2:
/usr/lib/gcc/x86_64-linux-gnu/9/include/stddef.h:209:23: note: ‘size_t’ declared here
  209 | typedef __SIZE_TYPE__ size_t;
      |                       ^~~~~~
In file included from /usr/include/c++/9/ext/new_allocator.h:33,
                 from /usr/include/x86_64-linux-gnu/c++/9/bits/c++allocator.h:33,
                 from /usr/include/c++/9/bits/allocator.h:46,
                 from /usr/include/c++/9/string:41,
                 from /media/paul/kalashkov/university/forthTerm/oop/repo/lab01/include/global.hpp:3,
                 from /media/paul/kalashkov/university/forthTerm/oop/repo/lab01/src/error.cpp:2:
/usr/include/c++/9/new:126:41: error: attributes after parenthesized initializer ignored [-fpermissive]
  126 |   __attribute__((__externally_visible__));
      |                                         ^
/usr/include/c++/9/new:127:52: error: declaration of ‘operator new []’ as non-function
  127 | _GLIBCXX_NODISCARD void* operator new[](std::size_t) _GLIBCXX_THROW (std::bad_alloc)
      |                                                    ^
/usr/include/c++/9/new:127:46: error: ‘size_t’ is not a member of ‘std’; did you mean ‘size_t’?
  127 | _GLIBCXX_NODISCARD void* operator new[](std::size_t) _GLIBCXX_THROW (std::bad_alloc)
      |                                              ^~~~~~
In file included from /usr/include/wchar.h:35,
                 from /usr/include/c++/9/cwchar:44,
                 from /usr/include/c++/9/bits/postypes.h:40,
                 from /usr/include/c++/9/bits/char_traits.h:40,
                 from /usr/include/c++/9/string:40,
                 from /media/paul/kalashkov/university/forthTerm/oop/repo/lab01/include/global.hpp:3,
                 from /media/paul/kalashkov/university/forthTerm/oop/repo/lab01/src/error.cpp:2:
/usr/lib/gcc/x86_64-linux-gnu/9/include/stddef.h:209:23: note: ‘size_t’ declared here
  209 | typedef __SIZE_TYPE__ size_t;
      |                       ^~~~~~
In file included from /usr/include/c++/9/ext/new_allocator.h:33,
                 from /usr/include/x86_64-linux-gnu/c++/9/bits/c++allocator.h:33,
                 from /usr/include/c++/9/bits/allocator.h:46,
                 from /usr/include/c++/9/string:41,
                 from /media/paul/kalashkov/university/forthTerm/oop/repo/lab01/include/global.hpp:3,
                 from /media/paul/kalashkov/university/forthTerm/oop/repo/lab01/src/error.cpp:2:
/usr/include/c++/9/new:128:41: error: attributes after parenthesized initializer ignored [-fpermissive]
  128 |   __attribute__((__externally_visible__));
      |                                         ^
/usr/include/c++/9/new:134:29: error: ‘std::size_t’ has not been declared
  134 | void operator delete(void*, std::size_t) _GLIBCXX_USE_NOEXCEPT
      |                             ^~~
/usr/include/c++/9/new:136:31: error: ‘std::size_t’ has not been declared
  136 | void operator delete[](void*, std::size_t) _GLIBCXX_USE_NOEXCEPT
      |                               ^~~
/usr/include/c++/9/new:139:44: error: declaration of ‘operator new’ as non-function
  139 | _GLIBCXX_NODISCARD void* operator new(std::size_t, const std::nothrow_t&) _GLIBCXX_USE_NOEXCEPT
      |                                            ^~~~~~
/usr/include/c++/9/new:139:44: error: ‘size_t’ is not a member of ‘std’; did you mean ‘size_t’?
In file included from /usr/include/wchar.h:35,
                 from /usr/include/c++/9/cwchar:44,
                 from /usr/include/c++/9/bits/postypes.h:40,
                 from /usr/include/c++/9/bits/char_traits.h:40,
                 from /usr/include/c++/9/string:40,
                 from /media/paul/kalashkov/university/forthTerm/oop/repo/lab01/include/global.hpp:3,
                 from /media/paul/kalashkov/university/forthTerm/oop/repo/lab01/src/error.cpp:2:
/usr/lib/gcc/x86_64-linux-gnu/9/include/stddef.h:209:23: note: ‘size_t’ declared here
  209 | typedef __SIZE_TYPE__ size_t;
      |                       ^~~~~~
In file included from /usr/include/c++/9/ext/new_allocator.h:33,
                 from /usr/include/x86_64-linux-gnu/c++/9/bits/c++allocator.h:33,
                 from /usr/include/c++/9/bits/allocator.h:46,
                 from /usr/include/c++/9/string:41,
                 from /media/paul/kalashkov/university/forthTerm/oop/repo/lab01/include/global.hpp:3,
                 from /media/paul/kalashkov/university/forthTerm/oop/repo/lab01/src/error.cpp:2:
/usr/include/c++/9/new:139:52: error: expected primary-expression before ‘const’
  139 | _GLIBCXX_NODISCARD void* operator new(std::size_t, const std::nothrow_t&) _GLIBCXX_USE_NOEXCEPT
      |                                                    ^~~~~
/usr/include/c++/9/new:141:46: error: declaration of ‘operator new []’ as non-function
  141 | _GLIBCXX_NODISCARD void* operator new[](std::size_t, const std::nothrow_t&) _GLIBCXX_USE_NOEXCEPT
      |                                              ^~~~~~
/usr/include/c++/9/new:141:46: error: ‘size_t’ is not a member of ‘std’; did you mean ‘size_t’?
In file included from /usr/include/wchar.h:35,
                 from /usr/include/c++/9/cwchar:44,
                 from /usr/include/c++/9/bits/postypes.h:40,
                 from /usr/include/c++/9/bits/char_traits.h:40,
                 from /usr/include/c++/9/string:40,
                 from /media/paul/kalashkov/university/forthTerm/oop/repo/lab01/include/global.hpp:3,
                 from /media/paul/kalashkov/university/forthTerm/oop/repo/lab01/src/error.cpp:2:
/usr/lib/gcc/x86_64-linux-gnu/9/include/stddef.h:209:23: note: ‘size_t’ declared here
  209 | typedef __SIZE_TYPE__ size_t;
      |                       ^~~~~~
In file included from /usr/include/c++/9/ext/new_allocator.h:33,
                 from /usr/include/x86_64-linux-gnu/c++/9/bits/c++allocator.h:33,
                 from /usr/include/c++/9/bits/allocator.h:46,
                 from /usr/include/c++/9/string:41,
                 from /media/paul/kalashkov/university/forthTerm/oop/repo/lab01/include/global.hpp:3,
                 from /media/paul/kalashkov/university/forthTerm/oop/repo/lab01/src/error.cpp:2:
/usr/include/c++/9/new:141:54: error: expected primary-expression before ‘const’
  141 | _GLIBCXX_NODISCARD void* operator new[](std::size_t, const std::nothrow_t&) _GLIBCXX_USE_NOEXCEPT
      |                                                      ^~~~~
/usr/include/c++/9/new:148:44: error: declaration of ‘operator new’ as non-function
  148 | _GLIBCXX_NODISCARD void* operator new(std::size_t, std::align_val_t)
      |                                            ^~~~~~
/usr/include/c++/9/new:148:44: error: ‘size_t’ is not a member of ‘std’; did you mean ‘size_t’?
In file included from /usr/include/wchar.h:35,
                 from /usr/include/c++/9/cwchar:44,
                 from /usr/include/c++/9/bits/postypes.h:40,
                 from /usr/include/c++/9/bits/char_traits.h:40,
                 from /usr/include/c++/9/string:40,
                 from /media/paul/kalashkov/university/forthTerm/oop/repo/lab01/include/global.hpp:3,
                 from /media/paul/kalashkov/university/forthTerm/oop/repo/lab01/src/error.cpp:2:
/usr/lib/gcc/x86_64-linux-gnu/9/include/stddef.h:209:23: note: ‘size_t’ declared here
  209 | typedef __SIZE_TYPE__ size_t;
      |                       ^~~~~~
In file included from /usr/include/c++/9/ext/new_allocator.h:33,
                 from /usr/include/x86_64-linux-gnu/c++/9/bits/c++allocator.h:33,
                 from /usr/include/c++/9/bits/allocator.h:46,
                 from /usr/include/c++/9/string:41,
                 from /media/paul/kalashkov/university/forthTerm/oop/repo/lab01/include/global.hpp:3,
                 from /media/paul/kalashkov/university/forthTerm/oop/repo/lab01/src/error.cpp:2:
/usr/include/c++/9/new:148:68: error: expected primary-expression before ‘)’ token
  148 | _GLIBCXX_NODISCARD void* operator new(std::size_t, std::align_val_t)
      |                                                                    ^
/usr/include/c++/9/new:149:41: error: attributes after parenthesized initializer ignored [-fpermissive]
  149 |   __attribute__((__externally_visible__));
      |                                         ^
/usr/include/c++/9/new:150:44: error: declaration of ‘operator new’ as non-function
  150 | _GLIBCXX_NODISCARD void* operator new(std::size_t, std::align_val_t, const std::nothrow_t&)
      |                                            ^~~~~~
/usr/include/c++/9/new:150:44: error: ‘size_t’ is not a member of ‘std’; did you mean ‘size_t’?
In file included from /usr/include/wchar.h:35,
                 from /usr/include/c++/9/cwchar:44,
                 from /usr/include/c++/9/bits/postypes.h:40,
                 from /usr/include/c++/9/bits/char_traits.h:40,
                 from /usr/include/c++/9/string:40,
                 from /media/paul/kalashkov/university/forthTerm/oop/repo/lab01/include/global.hpp:3,
                 from /media/paul/kalashkov/university/forthTerm/oop/repo/lab01/src/error.cpp:2:
/usr/lib/gcc/x86_64-linux-gnu/9/include/stddef.h:209:23: note: ‘size_t’ declared here
  209 | typedef __SIZE_TYPE__ size_t;
      |                       ^~~~~~
In file included from /usr/include/c++/9/ext/new_allocator.h:33,
                 from /usr/include/x86_64-linux-gnu/c++/9/bits/c++allocator.h:33,
                 from /usr/include/c++/9/bits/allocator.h:46,
                 from /usr/include/c++/9/string:41,
                 from /media/paul/kalashkov/university/forthTerm/oop/repo/lab01/include/global.hpp:3,
                 from /media/paul/kalashkov/university/forthTerm/oop/repo/lab01/src/error.cpp:2:
/usr/include/c++/9/new:150:68: error: expected primary-expression before ‘,’ token
  150 | _GLIBCXX_NODISCARD void* operator new(std::size_t, std::align_val_t, const std::nothrow_t&)
      |                                                                    ^
/usr/include/c++/9/new:150:70: error: expected primary-expression before ‘const’
  150 | _GLIBCXX_NODISCARD void* operator new(std::size_t, std::align_val_t, const std::nothrow_t&)
      |                                                                      ^~~~~
/usr/include/c++/9/new:156:46: error: declaration of ‘operator new []’ as non-function
  156 | _GLIBCXX_NODISCARD void* operator new[](std::size_t, std::align_val_t)
      |                                              ^~~~~~
/usr/include/c++/9/new:156:46: error: ‘size_t’ is not a member of ‘std’; did you mean ‘size_t’?
In file included from /usr/include/wchar.h:35,
                 from /usr/include/c++/9/cwchar:44,
                 from /usr/include/c++/9/bits/postypes.h:40,
                 from /usr/include/c++/9/bits/char_traits.h:40,
                 from /usr/include/c++/9/string:40,
                 from /media/paul/kalashkov/university/forthTerm/oop/repo/lab01/include/global.hpp:3,
                 from /media/paul/kalashkov/university/forthTerm/oop/repo/lab01/src/error.cpp:2:
/usr/lib/gcc/x86_64-linux-gnu/9/include/stddef.h:209:23: note: ‘size_t’ declared here
  209 | typedef __SIZE_TYPE__ size_t;
      |                       ^~~~~~
In file included from /usr/include/c++/9/ext/new_allocator.h:33,
                 from /usr/include/x86_64-linux-gnu/c++/9/bits/c++allocator.h:33,
                 from /usr/include/c++/9/bits/allocator.h:46,
                 from /usr/include/c++/9/string:41,
                 from /media/paul/kalashkov/university/forthTerm/oop/repo/lab01/include/global.hpp:3,
                 from /media/paul/kalashkov/university/forthTerm/oop/repo/lab01/src/error.cpp:2:
/usr/include/c++/9/new:156:70: error: expected primary-expression before ‘)’ token
  156 | _GLIBCXX_NODISCARD void* operator new[](std::size_t, std::align_val_t)
      |                                                                      ^
/usr/include/c++/9/new:157:41: error: attributes after parenthesized initializer ignored [-fpermissive]
  157 |   __attribute__((__externally_visible__));
      |                                         ^
/usr/include/c++/9/new:158:46: error: declaration of ‘operator new []’ as non-function
  158 | _GLIBCXX_NODISCARD void* operator new[](std::size_t, std::align_val_t, const std::nothrow_t&)
      |                                              ^~~~~~
/usr/include/c++/9/new:158:46: error: ‘size_t’ is not a member of ‘std’; did you mean ‘size_t’?
In file included from /usr/include/wchar.h:35,
                 from /usr/include/c++/9/cwchar:44,
                 from /usr/include/c++/9/bits/postypes.h:40,
                 from /usr/include/c++/9/bits/char_traits.h:40,
                 from /usr/include/c++/9/string:40,
                 from /media/paul/kalashkov/university/forthTerm/oop/repo/lab01/include/global.hpp:3,
                 from /media/paul/kalashkov/university/forthTerm/oop/repo/lab01/src/error.cpp:2:
/usr/lib/gcc/x86_64-linux-gnu/9/include/stddef.h:209:23: note: ‘size_t’ declared here
  209 | typedef __SIZE_TYPE__ size_t;
      |                       ^~~~~~
In file included from /usr/include/c++/9/ext/new_allocator.h:33,
                 from /usr/include/x86_64-linux-gnu/c++/9/bits/c++allocator.h:33,
                 from /usr/include/c++/9/bits/allocator.h:46,
                 from /usr/include/c++/9/string:41,
                 from /media/paul/kalashkov/university/forthTerm/oop/repo/lab01/include/global.hpp:3,
                 from /media/paul/kalashkov/university/forthTerm/oop/repo/lab01/src/error.cpp:2:
/usr/include/c++/9/new:158:70: error: expected primary-expression before ‘,’ token
  158 | _GLIBCXX_NODISCARD void* operator new[](std::size_t, std::align_val_t, const std::nothrow_t&)
      |                                                                      ^
/usr/include/c++/9/new:158:72: error: expected primary-expression before ‘const’
  158 | _GLIBCXX_NODISCARD void* operator new[](std::size_t, std::align_val_t, const std::nothrow_t&)
      |                                                                        ^~~~~
/usr/include/c++/9/new:165:29: error: ‘std::size_t’ has not been declared
  165 | void operator delete(void*, std::size_t, std::align_val_t)
      |                             ^~~
/usr/include/c++/9/new:167:31: error: ‘std::size_t’ has not been declared
  167 | void operator delete[](void*, std::size_t, std::align_val_t)
      |                               ^~~
/usr/include/c++/9/new:173:51: error: declaration of ‘operator new’ as non-function
  173 | _GLIBCXX_NODISCARD inline void* operator new(std::size_t, void* __p) _GLIBCXX_USE_NOEXCEPT
      |                                                   ^~~~~~
/usr/include/c++/9/new:173:51: error: ‘size_t’ is not a member of ‘std’; did you mean ‘size_t’?
In file included from /usr/include/wchar.h:35,
                 from /usr/include/c++/9/cwchar:44,
                 from /usr/include/c++/9/bits/postypes.h:40,
                 from /usr/include/c++/9/bits/char_traits.h:40,
                 from /usr/include/c++/9/string:40,
                 from /media/paul/kalashkov/university/forthTerm/oop/repo/lab01/include/global.hpp:3,
                 from /media/paul/kalashkov/university/forthTerm/oop/repo/lab01/src/error.cpp:2:
/usr/lib/gcc/x86_64-linux-gnu/9/include/stddef.h:209:23: note: ‘size_t’ declared here
  209 | typedef __SIZE_TYPE__ size_t;
      |                       ^~~~~~
In file included from /usr/include/c++/9/ext/new_allocator.h:33,
                 from /usr/include/x86_64-linux-gnu/c++/9/bits/c++allocator.h:33,
                 from /usr/include/c++/9/bits/allocator.h:46,
                 from /usr/include/c++/9/string:41,
                 from /media/paul/kalashkov/university/forthTerm/oop/repo/lab01/include/global.hpp:3,
                 from /media/paul/kalashkov/university/forthTerm/oop/repo/lab01/src/error.cpp:2:
/usr/include/c++/9/new:173:59: error: expected primary-expression before ‘void’
  173 | _GLIBCXX_NODISCARD inline void* operator new(std::size_t, void* __p) _GLIBCXX_USE_NOEXCEPT
      |                                                           ^~~~
/usr/include/c++/9/new:175:53: error: declaration of ‘operator new []’ as non-function
  175 | _GLIBCXX_NODISCARD inline void* operator new[](std::size_t, void* __p) _GLIBCXX_USE_NOEXCEPT
      |                                                     ^~~~~~
/usr/include/c++/9/new:175:53: error: ‘size_t’ is not a member of ‘std’; did you mean ‘size_t’?
In file included from /usr/include/wchar.h:35,
                 from /usr/include/c++/9/cwchar:44,
                 from /usr/include/c++/9/bits/postypes.h:40,
                 from /usr/include/c++/9/bits/char_traits.h:40,
                 from /usr/include/c++/9/string:40,
                 from /media/paul/kalashkov/university/forthTerm/oop/repo/lab01/include/global.hpp:3,
                 from /media/paul/kalashkov/university/forthTerm/oop/repo/lab01/src/error.cpp:2:
/usr/lib/gcc/x86_64-linux-gnu/9/include/stddef.h:209:23: note: ‘size_t’ declared here
  209 | typedef __SIZE_TYPE__ size_t;
      |                       ^~~~~~
In file included from /usr/include/c++/9/ext/new_allocator.h:33,
                 from /usr/include/x86_64-linux-gnu/c++/9/bits/c++allocator.h:33,
                 from /usr/include/c++/9/bits/allocator.h:46,
                 from /usr/include/c++/9/string:41,
                 from /media/paul/kalashkov/university/forthTerm/oop/repo/lab01/include/global.hpp:3,
                 from /media/paul/kalashkov/university/forthTerm/oop/repo/lab01/src/error.cpp:2:
/usr/include/c++/9/new:175:61: error: expected primary-expression before ‘void’
  175 | _GLIBCXX_NODISCARD inline void* operator new[](std::size_t, void* __p) _GLIBCXX_USE_NOEXCEPT
      |                                                             ^~~~
In file included from /usr/include/x86_64-linux-gnu/c++/9/bits/c++allocator.h:33,
                 from /usr/include/c++/9/bits/allocator.h:46,
                 from /usr/include/c++/9/string:41,
                 from /media/paul/kalashkov/university/forthTerm/oop/repo/lab01/include/global.hpp:3,
                 from /media/paul/kalashkov/university/forthTerm/oop/repo/lab01/src/error.cpp:2:
/usr/include/c++/9/ext/new_allocator.h:44:14: error: ‘std::size_t’ has not been declared
   44 |   using std::size_t;
      |              ^~~~~~
/usr/include/c++/9/ext/new_allocator.h:45:14: error: ‘std::ptrdiff_t’ has not been declared
   45 |   using std::ptrdiff_t;
      |              ^~~~~~~~~
In file included from /usr/include/c++/9/string:44,
                 from /media/paul/kalashkov/university/forthTerm/oop/repo/lab01/include/global.hpp:3,
                 from /media/paul/kalashkov/university/forthTerm/oop/repo/lab01/src/error.cpp:2:
/usr/include/c++/9/bits/ostream_insert.h:45:26: error: ‘streamsize’ has not been declared
   45 |       const _CharT* __s, streamsize __n)
      |                          ^~~~~~~~~~
/usr/include/c++/9/bits/ostream_insert.h: In function ‘void std::__ostream_write(std::basic_ostream<_CharT, _Traits>&, const _CharT*, int)’:
/usr/include/c++/9/bits/ostream_insert.h:50:13: error: ‘streamsize’ does not name a type
   50 |       const streamsize __put = __out.rdbuf()->sputn(__s, __n);
      |             ^~~~~~~~~~
/usr/include/c++/9/bits/ostream_insert.h:51:11: error: ‘__put’ was not declared in this scope; did you mean ‘__out’?
   51 |       if (__put != __n)
      |           ^~~~~
      |           __out
/usr/include/c++/9/bits/ostream_insert.h: At global scope:
/usr/include/c++/9/bits/ostream_insert.h:57:59: error: ‘streamsize’ has not been declared
   57 |     __ostream_fill(basic_ostream<_CharT, _Traits>& __out, streamsize __n)
      |                                                           ^~~~~~~~~~
/usr/include/c++/9/bits/ostream_insert.h:77:27: error: ‘streamsize’ has not been declared
   77 |        const _CharT* __s, streamsize __n)
      |                           ^~~~~~~~~~
/usr/include/c++/9/bits/ostream_insert.h: In function ‘std::basic_ostream<_CharT, _Traits>& std::__ostream_insert(std::basic_ostream<_CharT, _Traits>&, const _CharT*, int)’:
/usr/include/c++/9/bits/ostream_insert.h:87:14: error: ‘streamsize’ does not name a type
   87 |        const streamsize __w = __out.width();
      |              ^~~~~~~~~~
/usr/include/c++/9/bits/ostream_insert.h:88:12: error: ‘__w’ was not declared in this scope; did you mean ‘__s’?
   88 |        if (__w > __n)
      |            ^~~
      |            __s
/usr/include/c++/9/bits/ostream_insert.h: At global scope:
/usr/include/c++/9/bits/ostream_insert.h:118:68: error: ‘streamsize’ has not been declared
  118 |   extern template ostream& __ostream_insert(ostream&, const char*, streamsize);
      |                                                                    ^~~~~~~~~~
/usr/include/c++/9/bits/ostream_insert.h:122:11: error: ‘streamsize’ has not been declared
  122 |           streamsize);
      |           ^~~~~~~~~~
In file included from /usr/include/c++/9/ext/alloc_traits.h:36,
                 from /usr/include/c++/9/bits/basic_string.h:40,
                 from /usr/include/c++/9/string:55,
                 from /media/paul/kalashkov/university/forthTerm/oop/repo/lab01/include/global.hpp:3,
                 from /media/paul/kalashkov/university/forthTerm/oop/repo/lab01/src/error.cpp:2:
/usr/include/c++/9/bits/alloc_traits.h:412:36: error: ‘ptrdiff_t’ in namespace ‘std’ does not name a type
  412 |       using difference_type = std::ptrdiff_t;
      |                                    ^~~~~~~~~
/usr/include/c++/9/bits/alloc_traits.h:415:30: error: ‘size_t’ in namespace ‘std’ does not name a type; did you mean ‘size’?
  415 |       using size_type = std::size_t;
      |                              ^~~~~~
      |                              size
/usr/include/c++/9/bits/alloc_traits.h:443:37: error: ‘size_type’ has not been declared
  443 |       allocate(allocator_type& __a, size_type __n)
      |                                     ^~~~~~~~~
/usr/include/c++/9/bits/alloc_traits.h:457:37: error: ‘size_type’ has not been declared
  457 |       allocate(allocator_type& __a, size_type __n, const_void_pointer __hint)
      |                                     ^~~~~~~~~
/usr/include/c++/9/bits/alloc_traits.h:469:52: error: ‘size_type’ has not been declared
  469 |       deallocate(allocator_type& __a, pointer __p, size_type __n)
      |                                                    ^~~~~~~~~
/usr/include/c++/9/bits/alloc_traits.h:504:14: error: ‘size_type’ does not name a type; did you mean ‘true_type’?
  504 |       static size_type
      |              ^~~~~~~~~
      |              true_type
In file included from /usr/include/c++/9/bits/basic_string.h:6493,
                 from /usr/include/c++/9/string:55,
                 from /media/paul/kalashkov/university/forthTerm/oop/repo/lab01/include/global.hpp:3,
                 from /media/paul/kalashkov/university/forthTerm/oop/repo/lab01/src/error.cpp:2:
/usr/include/c++/9/ext/string_conversions.h:55:46: error: ‘std::size_t’ has not been declared
   55 |     const char* __name, const _CharT* __str, std::size_t* __idx,
      |                                              ^~~
/usr/include/c++/9/ext/string_conversions.h:99:43: error: ‘std::size_t’ has not been declared
   99 |     __to_xstring(int (*__convf) (_CharT*, std::size_t, const _CharT*,
      |                                           ^~~
/usr/include/c++/9/ext/string_conversions.h:100:26: error: ‘std::size_t’ has not been declared
  100 |      __builtin_va_list), std::size_t __n,
      |                          ^~~
In file included from /usr/include/c++/9/bits/basic_string.h:40,
                 from /usr/include/c++/9/string:55,
                 from /media/paul/kalashkov/university/forthTerm/oop/repo/lab01/include/global.hpp:3,
                 from /media/paul/kalashkov/university/forthTerm/oop/repo/lab01/src/error.cpp:2:
/usr/include/c++/9/ext/alloc_traits.h: In instantiation of ‘struct __gnu_cxx::__alloc_traits<std::allocator<char>, char>’:
/usr/include/c++/9/bits/basic_string.h:80:24:   required from ‘class std::__cxx11::basic_string<char>’
/usr/include/c++/9/bits/basic_string.h:6504:68:   required from here
/usr/include/c++/9/ext/alloc_traits.h:61:53: error: no type named ‘size_type’ in ‘struct std::allocator_traits<std::allocator<char> >’
   61 |     typedef typename _Base_type::size_type          size_type;
      |                                                     ^~~~~~~~~
/usr/include/c++/9/ext/alloc_traits.h:62:53: error: no type named ‘difference_type’ in ‘struct std::allocator_traits<std::allocator<char> >’
   62 |     typedef typename _Base_type::difference_type    difference_type;
      |                                                     ^~~~~~~~~~~~~~~
/usr/include/c++/9/ext/alloc_traits.h:70:23: error: no members matching ‘__gnu_cxx::__alloc_traits<std::allocator<char>, char>::_Base_type {aka std::allocator_traits<std::allocator<char> >}::max_size’ in ‘__gnu_cxx::__alloc_traits<std::allocator<char>, char>::_Base_type’ {aka ‘struct std::allocator_traits<std::allocator<char> >’}
   70 |     using _Base_type::max_size;
      |                       ^~~~~~~~
In file included from /usr/include/c++/9/string:55,
                 from /media/paul/kalashkov/university/forthTerm/oop/repo/lab01/include/global.hpp:3,
                 from /media/paul/kalashkov/university/forthTerm/oop/repo/lab01/src/error.cpp:2:
/usr/include/c++/9/bits/basic_string.h: In function ‘int std::__cxx11::stoi(const string&, size_t*, int)’:
/usr/include/c++/9/bits/basic_string.h:6505:19: error: no matching function for call to ‘__stoa<long int, int>(long int (*)(const char*, char**, int) noexcept, const char [5], const char*, size_t*&, int&)’
 6505 |      __idx, __base); }
      |                   ^
In file included from /usr/include/c++/9/bits/basic_string.h:6493,
                 from /usr/include/c++/9/string:55,
                 from /media/paul/kalashkov/university/forthTerm/oop/repo/lab01/include/global.hpp:3,
                 from /media/paul/kalashkov/university/forthTerm/oop/repo/lab01/src/error.cpp:2:
/usr/include/c++/9/ext/string_conversions.h:54:5: note: candidate: ‘template<class _TRet, class _Ret, class _CharT, class ... _Base> _Ret __gnu_cxx::__stoa(_TRet (*)(const _CharT*, _CharT**, _Base ...), const char*, const _CharT*, int*, _Base ...)’
   54 |     __stoa(_TRet (*__convf) (const _CharT*, _CharT**, _Base...),
      |     ^~~~~~
/usr/include/c++/9/ext/string_conversions.h:54:5: note:   template argument deduction/substitution failed:
In file included from /usr/include/c++/9/string:55,
                 from /media/paul/kalashkov/university/forthTerm/oop/repo/lab01/include/global.hpp:3,
                 from /media/paul/kalashkov/university/forthTerm/oop/repo/lab01/src/error.cpp:2:
/usr/include/c++/9/bits/basic_string.h:6505:6: note:   cannot convert ‘__idx’ (type ‘size_t*’ {aka ‘long unsigned int*’}) to type ‘int*’
 6505 |      __idx, __base); }
      |      ^~~~~
/usr/include/c++/9/bits/basic_string.h: In function ‘long int std::__cxx11::stol(const string&, size_t*, int)’:
/usr/include/c++/9/bits/basic_string.h:6510:22: error: no matching function for call to ‘__stoa(long int (*)(const char*, char**, int) noexcept, const char [5], const char*, size_t*&, int&)’
 6510 |         __idx, __base); }
      |                      ^
In file included from /usr/include/c++/9/bits/basic_string.h:6493,
                 from /usr/include/c++/9/string:55,
                 from /media/paul/kalashkov/university/forthTerm/oop/repo/lab01/include/global.hpp:3,
                 from /media/paul/kalashkov/university/forthTerm/oop/repo/lab01/src/error.cpp:2:
/usr/include/c++/9/ext/string_conversions.h:54:5: note: candidate: ‘template<class _TRet, class _Ret, class _CharT, class ... _Base> _Ret __gnu_cxx::__stoa(_TRet (*)(const _CharT*, _CharT**, _Base ...), const char*, const _CharT*, int*, _Base ...)’
   54 |     __stoa(_TRet (*__convf) (const _CharT*, _CharT**, _Base...),
      |     ^~~~~~
/usr/include/c++/9/ext/string_conversions.h:54:5: note:   template argument deduction/substitution failed:
In file included from /usr/include/c++/9/string:55,
                 from /media/paul/kalashkov/university/forthTerm/oop/repo/lab01/include/global.hpp:3,
                 from /media/paul/kalashkov/university/forthTerm/oop/repo/lab01/src/error.cpp:2:
/usr/include/c++/9/bits/basic_string.h:6510:9: note:   cannot convert ‘__idx’ (type ‘size_t*’ {aka ‘long unsigned int*’}) to type ‘int*’
 6510 |         __idx, __base); }
      |         ^~~~~
/usr/include/c++/9/bits/basic_string.h: In function ‘long unsigned int std::__cxx11::stoul(const string&, size_t*, int)’:
/usr/include/c++/9/bits/basic_string.h:6515:22: error: no matching function for call to ‘__stoa(long unsigned int (*)(const char*, char**, int) noexcept, const char [6], const char*, size_t*&, int&)’
 6515 |         __idx, __base); }
      |                      ^
In file included from /usr/include/c++/9/bits/basic_string.h:6493,
                 from /usr/include/c++/9/string:55,
                 from /media/paul/kalashkov/university/forthTerm/oop/repo/lab01/include/global.hpp:3,
                 from /media/paul/kalashkov/university/forthTerm/oop/repo/lab01/src/error.cpp:2:
/usr/include/c++/9/ext/string_conversions.h:54:5: note: candidate: ‘template<class _TRet, class _Ret, class _CharT, class ... _Base> _Ret __gnu_cxx::__stoa(_TRet (*)(const _CharT*, _CharT**, _Base ...), const char*, const _CharT*, int*, _Base ...)’
   54 |     __stoa(_TRet (*__convf) (const _CharT*, _CharT**, _Base...),
      |     ^~~~~~
/usr/include/c++/9/ext/string_conversions.h:54:5: note:   template argument deduction/substitution failed:
In file included from /usr/include/c++/9/string:55,
                 from /media/paul/kalashkov/university/forthTerm/oop/repo/lab01/include/global.hpp:3,
                 from /media/paul/kalashkov/university/forthTerm/oop/repo/lab01/src/error.cpp:2:
/usr/include/c++/9/bits/basic_string.h:6515:9: note:   cannot convert ‘__idx’ (type ‘size_t*’ {aka ‘long unsigned int*’}) to type ‘int*’
 6515 |         __idx, __base); }
      |         ^~~~~
/usr/include/c++/9/bits/basic_string.h: In function ‘long long int std::__cxx11::stoll(const string&, size_t*, int)’:
/usr/include/c++/9/bits/basic_string.h:6520:22: error: no matching function for call to ‘__stoa(long long int (*)(const char*, char**, int) noexcept, const char [6], const char*, size_t*&, int&)’
 6520 |         __idx, __base); }
      |                      ^
In file included from /usr/include/c++/9/bits/basic_string.h:6493,
                 from /usr/include/c++/9/string:55,
                 from /media/paul/kalashkov/university/forthTerm/oop/repo/lab01/include/global.hpp:3,
                 from /media/paul/kalashkov/university/forthTerm/oop/repo/lab01/src/error.cpp:2:
/usr/include/c++/9/ext/string_conversions.h:54:5: note: candidate: ‘template<class _TRet, class _Ret, class _CharT, class ... _Base> _Ret __gnu_cxx::__stoa(_TRet (*)(const _CharT*, _CharT**, _Base ...), const char*, const _CharT*, int*, _Base ...)’
   54 |     __stoa(_TRet (*__convf) (const _CharT*, _CharT**, _Base...),
      |     ^~~~~~
/usr/include/c++/9/ext/string_conversions.h:54:5: note:   template argument deduction/substitution failed:
In file included from /usr/include/c++/9/string:55,
                 from /media/paul/kalashkov/university/forthTerm/oop/repo/lab01/include/global.hpp:3,
                 from /media/paul/kalashkov/university/forthTerm/oop/repo/lab01/src/error.cpp:2:
/usr/include/c++/9/bits/basic_string.h:6520:9: note:   cannot convert ‘__idx’ (type ‘size_t*’ {aka ‘long unsigned int*’}) to type ‘int*’
 6520 |         __idx, __base); }
      |         ^~~~~
/usr/include/c++/9/bits/basic_string.h: In function ‘long long unsigned int std::__cxx11::stoull(const string&, size_t*, int)’:
/usr/include/c++/9/bits/basic_string.h:6525:22: error: no matching function for call to ‘__stoa(long long unsigned int (*)(const char*, char**, int) noexcept, const char [7], const char*, size_t*&, int&)’
 6525 |         __idx, __base); }
      |                      ^
In file included from /usr/include/c++/9/bits/basic_string.h:6493,
                 from /usr/include/c++/9/string:55,
                 from /media/paul/kalashkov/university/forthTerm/oop/repo/lab01/include/global.hpp:3,
                 from /media/paul/kalashkov/university/forthTerm/oop/repo/lab01/src/error.cpp:2:
/usr/include/c++/9/ext/string_conversions.h:54:5: note: candidate: ‘template<class _TRet, class _Ret, class _CharT, class ... _Base> _Ret __gnu_cxx::__stoa(_TRet (*)(const _CharT*, _CharT**, _Base ...), const char*, const _CharT*, int*, _Base ...)’
   54 |     __stoa(_TRet (*__convf) (const _CharT*, _CharT**, _Base...),
      |     ^~~~~~
/usr/include/c++/9/ext/string_conversions.h:54:5: note:   template argument deduction/substitution failed:
In file included from /usr/include/c++/9/string:55,
                 from /media/paul/kalashkov/university/forthTerm/oop/repo/lab01/include/global.hpp:3,
                 from /media/paul/kalashkov/university/forthTerm/oop/repo/lab01/src/error.cpp:2:
/usr/include/c++/9/bits/basic_string.h:6525:9: note:   cannot convert ‘__idx’ (type ‘size_t*’ {aka ‘long unsigned int*’}) to type ‘int*’
 6525 |         __idx, __base); }
      |         ^~~~~
/usr/include/c++/9/bits/basic_string.h: In function ‘float std::__cxx11::stof(const string&, size_t*)’:
/usr/include/c++/9/bits/basic_string.h:6530:72: error: no matching function for call to ‘__stoa(float (*)(const char*, char**) noexcept, const char [5], const char*, size_t*&)’
 6530 |   { return __gnu_cxx::__stoa(&std::strtof, "stof", __str.c_str(), __idx); }
      |                                                                        ^
In file included from /usr/include/c++/9/bits/basic_string.h:6493,
                 from /usr/include/c++/9/string:55,
                 from /media/paul/kalashkov/university/forthTerm/oop/repo/lab01/include/global.hpp:3,
                 from /media/paul/kalashkov/university/forthTerm/oop/repo/lab01/src/error.cpp:2:
/usr/include/c++/9/ext/string_conversions.h:54:5: note: candidate: ‘template<class _TRet, class _Ret, class _CharT, class ... _Base> _Ret __gnu_cxx::__stoa(_TRet (*)(const _CharT*, _CharT**, _Base ...), const char*, const _CharT*, int*, _Base ...)’
   54 |     __stoa(_TRet (*__convf) (const _CharT*, _CharT**, _Base...),
      |     ^~~~~~
/usr/include/c++/9/ext/string_conversions.h:54:5: note:   template argument deduction/substitution failed:
In file included from /usr/include/c++/9/string:55,
                 from /media/paul/kalashkov/university/forthTerm/oop/repo/lab01/include/global.hpp:3,
                 from /media/paul/kalashkov/university/forthTerm/oop/repo/lab01/src/error.cpp:2:
/usr/include/c++/9/bits/basic_string.h:6530:67: note:   cannot convert ‘__idx’ (type ‘size_t*’ {aka ‘long unsigned int*’}) to type ‘int*’
 6530 |   { return __gnu_cxx::__stoa(&std::strtof, "stof", __str.c_str(), __idx); }
      |                                                                   ^~~~~
/usr/include/c++/9/bits/basic_string.h: In function ‘double std::__cxx11::stod(const string&, size_t*)’:
/usr/include/c++/9/bits/basic_string.h:6534:72: error: no matching function for call to ‘__stoa(double (*)(const char*, char**) noexcept, const char [5], const char*, size_t*&)’
 6534 |   { return __gnu_cxx::__stoa(&std::strtod, "stod", __str.c_str(), __idx); }
      |                                                                        ^
In file included from /usr/include/c++/9/bits/basic_string.h:6493,
                 from /usr/include/c++/9/string:55,
                 from /media/paul/kalashkov/university/forthTerm/oop/repo/lab01/include/global.hpp:3,
                 from /media/paul/kalashkov/university/forthTerm/oop/repo/lab01/src/error.cpp:2:
/usr/include/c++/9/ext/string_conversions.h:54:5: note: candidate: ‘template<class _TRet, class _Ret, class _CharT, class ... _Base> _Ret __gnu_cxx::__stoa(_TRet (*)(const _CharT*, _CharT**, _Base ...), const char*, const _CharT*, int*, _Base ...)’
   54 |     __stoa(_TRet (*__convf) (const _CharT*, _CharT**, _Base...),
      |     ^~~~~~
/usr/include/c++/9/ext/string_conversions.h:54:5: note:   template argument deduction/substitution failed:
In file included from /usr/include/c++/9/string:55,
                 from /media/paul/kalashkov/university/forthTerm/oop/repo/lab01/include/global.hpp:3,
                 from /media/paul/kalashkov/university/forthTerm/oop/repo/lab01/src/error.cpp:2:
/usr/include/c++/9/bits/basic_string.h:6534:67: note:   cannot convert ‘__idx’ (type ‘size_t*’ {aka ‘long unsigned int*’}) to type ‘int*’
 6534 |   { return __gnu_cxx::__stoa(&std::strtod, "stod", __str.c_str(), __idx); }
      |                                                                   ^~~~~
/usr/include/c++/9/bits/basic_string.h: In function ‘long double std::__cxx11::stold(const string&, size_t*)’:
/usr/include/c++/9/bits/basic_string.h:6538:74: error: no matching function for call to ‘__stoa(long double (*)(const char*, char**) noexcept, const char [6], const char*, size_t*&)’
 6538 |   { return __gnu_cxx::__stoa(&std::strtold, "stold", __str.c_str(), __idx); }
      |                                                                          ^
In file included from /usr/include/c++/9/bits/basic_string.h:6493,
                 from /usr/include/c++/9/string:55,
                 from /media/paul/kalashkov/university/forthTerm/oop/repo/lab01/include/global.hpp:3,
                 from /media/paul/kalashkov/university/forthTerm/oop/repo/lab01/src/error.cpp:2:
/usr/include/c++/9/ext/string_conversions.h:54:5: note: candidate: ‘template<class _TRet, class _Ret, class _CharT, class ... _Base> _Ret __gnu_cxx::__stoa(_TRet (*)(const _CharT*, _CharT**, _Base ...), const char*, const _CharT*, int*, _Base ...)’
   54 |     __stoa(_TRet (*__convf) (const _CharT*, _CharT**, _Base...),
      |     ^~~~~~
/usr/include/c++/9/ext/string_conversions.h:54:5: note:   template argument deduction/substitution failed:
In file included from /usr/include/c++/9/string:55,
                 from /media/paul/kalashkov/university/forthTerm/oop/repo/lab01/include/global.hpp:3,
                 from /media/paul/kalashkov/university/forthTerm/oop/repo/lab01/src/error.cpp:2:
/usr/include/c++/9/bits/basic_string.h:6538:69: note:   cannot convert ‘__idx’ (type ‘size_t*’ {aka ‘long unsigned int*’}) to type ‘int*’
 6538 |   { return __gnu_cxx::__stoa(&std::strtold, "stold", __str.c_str(), __idx); }
      |                                                                     ^~~~~
/usr/include/c++/9/bits/basic_string.h: In function ‘std::string std::__cxx11::to_string(int)’:
/usr/include/c++/9/bits/basic_string.h:6548:20: error: no matching function for call to ‘__to_xstring<std::string>(int (*)(char*, size_t, const char*, __va_list_tag*) noexcept, long unsigned int, const char [3], int&)’
 6548 |         "%d", __val); }
      |                    ^
In file included from /usr/include/c++/9/bits/basic_string.h:6493,
                 from /usr/include/c++/9/string:55,
                 from /media/paul/kalashkov/university/forthTerm/oop/repo/lab01/include/global.hpp:3,
                 from /media/paul/kalashkov/university/forthTerm/oop/repo/lab01/src/error.cpp:2:
/usr/include/c++/9/ext/string_conversions.h:99:5: note: candidate: ‘template<class _String, class _CharT> _String __gnu_cxx::__to_xstring(int (*)(_CharT*, int, const _CharT*, __va_list_tag*), int, const _CharT*, ...)’
   99 |     __to_xstring(int (*__convf) (_CharT*, std::size_t, const _CharT*,
      |     ^~~~~~~~~~~~
/usr/include/c++/9/ext/string_conversions.h:99:5: note:   template argument deduction/substitution failed:
In file included from /usr/include/c++/9/string:55,
                 from /media/paul/kalashkov/university/forthTerm/oop/repo/lab01/include/global.hpp:3,
                 from /media/paul/kalashkov/university/forthTerm/oop/repo/lab01/src/error.cpp:2:
/usr/include/c++/9/bits/basic_string.h:6548:20: note:   mismatched types ‘int’ and ‘size_t’ {aka ‘long unsigned int’}
 6548 |         "%d", __val); }
      |                    ^
/usr/include/c++/9/bits/basic_string.h: In function ‘std::string std::__cxx11::to_string(unsigned int)’:
/usr/include/c++/9/bits/basic_string.h:6554:20: error: no matching function for call to ‘__to_xstring<std::string>(int (*)(char*, size_t, const char*, __va_list_tag*) noexcept, long unsigned int, const char [3], unsigned int&)’
 6554 |         "%u", __val); }
      |                    ^
In file included from /usr/include/c++/9/bits/basic_string.h:6493,
                 from /usr/include/c++/9/string:55,
                 from /media/paul/kalashkov/university/forthTerm/oop/repo/lab01/include/global.hpp:3,
                 from /media/paul/kalashkov/university/forthTerm/oop/repo/lab01/src/error.cpp:2:
/usr/include/c++/9/ext/string_conversions.h:99:5: note: candidate: ‘template<class _String, class _CharT> _String __gnu_cxx::__to_xstring(int (*)(_CharT*, int, const _CharT*, __va_list_tag*), int, const _CharT*, ...)’
   99 |     __to_xstring(int (*__convf) (_CharT*, std::size_t, const _CharT*,
      |     ^~~~~~~~~~~~
/usr/include/c++/9/ext/string_conversions.h:99:5: note:   template argument deduction/substitution failed:
In file included from /usr/include/c++/9/string:55,
                 from /media/paul/kalashkov/university/forthTerm/oop/repo/lab01/include/global.hpp:3,
                 from /media/paul/kalashkov/university/forthTerm/oop/repo/lab01/src/error.cpp:2:
/usr/include/c++/9/bits/basic_string.h:6554:20: note:   mismatched types ‘int’ and ‘size_t’ {aka ‘long unsigned int’}
 6554 |         "%u", __val); }
      |                    ^
/usr/include/c++/9/bits/basic_string.h: In function ‘std::string std::__cxx11::to_string(long int)’:
/usr/include/c++/9/bits/basic_string.h:6559:21: error: no matching function for call to ‘__to_xstring<std::string>(int (*)(char*, size_t, const char*, __va_list_tag*) noexcept, long unsigned int, const char [4], long int&)’
 6559 |         "%ld", __val); }
      |                     ^
In file included from /usr/include/c++/9/bits/basic_string.h:6493,
                 from /usr/include/c++/9/string:55,
                 from /media/paul/kalashkov/university/forthTerm/oop/repo/lab01/include/global.hpp:3,
                 from /media/paul/kalashkov/university/forthTerm/oop/repo/lab01/src/error.cpp:2:
/usr/include/c++/9/ext/string_conversions.h:99:5: note: candidate: ‘template<class _String, class _CharT> _String __gnu_cxx::__to_xstring(int (*)(_CharT*, int, const _CharT*, __va_list_tag*), int, const _CharT*, ...)’
   99 |     __to_xstring(int (*__convf) (_CharT*, std::size_t, const _CharT*,
      |     ^~~~~~~~~~~~
/usr/include/c++/9/ext/string_conversions.h:99:5: note:   template argument deduction/substitution failed:
In file included from /usr/include/c++/9/string:55,
                 from /media/paul/kalashkov/university/forthTerm/oop/repo/lab01/include/global.hpp:3,
                 from /media/paul/kalashkov/university/forthTerm/oop/repo/lab01/src/error.cpp:2:
/usr/include/c++/9/bits/basic_string.h:6559:21: note:   mismatched types ‘int’ and ‘size_t’ {aka ‘long unsigned int’}
 6559 |         "%ld", __val); }
      |                     ^
/usr/include/c++/9/bits/basic_string.h: In function ‘std::string std::__cxx11::to_string(long unsigned int)’:
/usr/include/c++/9/bits/basic_string.h:6565:21: error: no matching function for call to ‘__to_xstring<std::string>(int (*)(char*, size_t, const char*, __va_list_tag*) noexcept, long unsigned int, const char [4], long unsigned int&)’
 6565 |         "%lu", __val); }
      |                     ^
In file included from /usr/include/c++/9/bits/basic_string.h:6493,
                 from /usr/include/c++/9/string:55,
                 from /media/paul/kalashkov/university/forthTerm/oop/repo/lab01/include/global.hpp:3,
                 from /media/paul/kalashkov/university/forthTerm/oop/repo/lab01/src/error.cpp:2:
/usr/include/c++/9/ext/string_conversions.h:99:5: note: candidate: ‘template<class _String, class _CharT> _String __gnu_cxx::__to_xstring(int (*)(_CharT*, int, const _CharT*, __va_list_tag*), int, const _CharT*, ...)’
   99 |     __to_xstring(int (*__convf) (_CharT*, std::size_t, const _CharT*,
      |     ^~~~~~~~~~~~
/usr/include/c++/9/ext/string_conversions.h:99:5: note:   template argument deduction/substitution failed:
In file included from /usr/include/c++/9/string:55,
                 from /media/paul/kalashkov/university/forthTerm/oop/repo/lab01/include/global.hpp:3,
                 from /media/paul/kalashkov/university/forthTerm/oop/repo/lab01/src/error.cpp:2:
/usr/include/c++/9/bits/basic_string.h:6565:21: note:   mismatched types ‘int’ and ‘size_t’ {aka ‘long unsigned int’}
 6565 |         "%lu", __val); }
      |                     ^
/usr/include/c++/9/bits/basic_string.h: In function ‘std::string std::__cxx11::to_string(long long int)’:
/usr/include/c++/9/bits/basic_string.h:6571:22: error: no matching function for call to ‘__to_xstring<std::string>(int (*)(char*, size_t, const char*, __va_list_tag*) noexcept, long unsigned int, const char [5], long long int&)’
 6571 |         "%lld", __val); }
      |                      ^
In file included from /usr/include/c++/9/bits/basic_string.h:6493,
                 from /usr/include/c++/9/string:55,
                 from /media/paul/kalashkov/university/forthTerm/oop/repo/lab01/include/global.hpp:3,
                 from /media/paul/kalashkov/university/forthTerm/oop/repo/lab01/src/error.cpp:2:
/usr/include/c++/9/ext/string_conversions.h:99:5: note: candidate: ‘template<class _String, class _CharT> _String __gnu_cxx::__to_xstring(int (*)(_CharT*, int, const _CharT*, __va_list_tag*), int, const _CharT*, ...)’
   99 |     __to_xstring(int (*__convf) (_CharT*, std::size_t, const _CharT*,
      |     ^~~~~~~~~~~~
/usr/include/c++/9/ext/string_conversions.h:99:5: note:   template argument deduction/substitution failed:
In file included from /usr/include/c++/9/string:55,
                 from /media/paul/kalashkov/university/forthTerm/oop/repo/lab01/include/global.hpp:3,
                 from /media/paul/kalashkov/university/forthTerm/oop/repo/lab01/src/error.cpp:2:
/usr/include/c++/9/bits/basic_string.h:6571:22: note:   mismatched types ‘int’ and ‘size_t’ {aka ‘long unsigned int’}
 6571 |         "%lld", __val); }
      |                      ^
/usr/include/c++/9/bits/basic_string.h: In function ‘std::string std::__cxx11::to_string(long long unsigned int)’:
/usr/include/c++/9/bits/basic_string.h:6577:22: error: no matching function for call to ‘__to_xstring<std::string>(int (*)(char*, size_t, const char*, __va_list_tag*) noexcept, long unsigned int, const char [5], long long unsigned int&)’
 6577 |         "%llu", __val); }
      |                      ^
In file included from /usr/include/c++/9/bits/basic_string.h:6493,
                 from /usr/include/c++/9/string:55,
                 from /media/paul/kalashkov/university/forthTerm/oop/repo/lab01/include/global.hpp:3,
                 from /media/paul/kalashkov/university/forthTerm/oop/repo/lab01/src/error.cpp:2:
/usr/include/c++/9/ext/string_conversions.h:99:5: note: candidate: ‘template<class _String, class _CharT> _String __gnu_cxx::__to_xstring(int (*)(_CharT*, int, const _CharT*, __va_list_tag*), int, const _CharT*, ...)’
   99 |     __to_xstring(int (*__convf) (_CharT*, std::size_t, const _CharT*,
      |     ^~~~~~~~~~~~
/usr/include/c++/9/ext/string_conversions.h:99:5: note:   template argument deduction/substitution failed:
In file included from /usr/include/c++/9/string:55,
                 from /media/paul/kalashkov/university/forthTerm/oop/repo/lab01/include/global.hpp:3,
                 from /media/paul/kalashkov/university/forthTerm/oop/repo/lab01/src/error.cpp:2:
/usr/include/c++/9/bits/basic_string.h:6577:22: note:   mismatched types ‘int’ and ‘size_t’ {aka ‘long unsigned int’}
 6577 |         "%llu", __val); }
      |                      ^
/usr/include/c++/9/bits/basic_string.h: In function ‘std::string std::__cxx11::to_string(float)’:
/usr/include/c++/9/bits/basic_string.h:6585:20: error: no matching function for call to ‘__to_xstring<std::string>(int (*)(char*, size_t, const char*, __va_list_tag*) noexcept, const int&, const char [3], float&)’
 6585 |         "%f", __val);
      |                    ^
In file included from /usr/include/c++/9/bits/basic_string.h:6493,
                 from /usr/include/c++/9/string:55,
                 from /media/paul/kalashkov/university/forthTerm/oop/repo/lab01/include/global.hpp:3,
                 from /media/paul/kalashkov/university/forthTerm/oop/repo/lab01/src/error.cpp:2:
/usr/include/c++/9/ext/string_conversions.h:99:5: note: candidate: ‘template<class _String, class _CharT> _String __gnu_cxx::__to_xstring(int (*)(_CharT*, int, const _CharT*, __va_list_tag*), int, const _CharT*, ...)’
   99 |     __to_xstring(int (*__convf) (_CharT*, std::size_t, const _CharT*,
      |     ^~~~~~~~~~~~
/usr/include/c++/9/ext/string_conversions.h:99:5: note:   template argument deduction/substitution failed:
In file included from /usr/include/c++/9/string:55,
                 from /media/paul/kalashkov/university/forthTerm/oop/repo/lab01/include/global.hpp:3,
                 from /media/paul/kalashkov/university/forthTerm/oop/repo/lab01/src/error.cpp:2:
/usr/include/c++/9/bits/basic_string.h:6585:20: note:   mismatched types ‘int’ and ‘size_t’ {aka ‘long unsigned int’}
 6585 |         "%f", __val);
      |                    ^
/usr/include/c++/9/bits/basic_string.h: In function ‘std::string std::__cxx11::to_string(double)’:
/usr/include/c++/9/bits/basic_string.h:6594:20: error: no matching function for call to ‘__to_xstring<std::string>(int (*)(char*, size_t, const char*, __va_list_tag*) noexcept, const int&, const char [3], double&)’
 6594 |         "%f", __val);
      |                    ^
In file included from /usr/include/c++/9/bits/basic_string.h:6493,
                 from /usr/include/c++/9/string:55,
                 from /media/paul/kalashkov/university/forthTerm/oop/repo/lab01/include/global.hpp:3,
                 from /media/paul/kalashkov/university/forthTerm/oop/repo/lab01/src/error.cpp:2:
/usr/include/c++/9/ext/string_conversions.h:99:5: note: candidate: ‘template<class _String, class _CharT> _String __gnu_cxx::__to_xstring(int (*)(_CharT*, int, const _CharT*, __va_list_tag*), int, const _CharT*, ...)’
   99 |     __to_xstring(int (*__convf) (_CharT*, std::size_t, const _CharT*,
      |     ^~~~~~~~~~~~
/usr/include/c++/9/ext/string_conversions.h:99:5: note:   template argument deduction/substitution failed:
In file included from /usr/include/c++/9/string:55,
                 from /media/paul/kalashkov/university/forthTerm/oop/repo/lab01/include/global.hpp:3,
                 from /media/paul/kalashkov/university/forthTerm/oop/repo/lab01/src/error.cpp:2:
/usr/include/c++/9/bits/basic_string.h:6594:20: note:   mismatched types ‘int’ and ‘size_t’ {aka ‘long unsigned int’}
 6594 |         "%f", __val);
      |                    ^
/usr/include/c++/9/bits/basic_string.h: In function ‘std::string std::__cxx11::to_string(long double)’:
/usr/include/c++/9/bits/basic_string.h:6603:21: error: no matching function for call to ‘__to_xstring<std::string>(int (*)(char*, size_t, const char*, __va_list_tag*) noexcept, const int&, const char [4], long double&)’
 6603 |         "%Lf", __val);
      |                     ^
In file included from /usr/include/c++/9/bits/basic_string.h:6493,
                 from /usr/include/c++/9/string:55,
                 from /media/paul/kalashkov/university/forthTerm/oop/repo/lab01/include/global.hpp:3,
                 from /media/paul/kalashkov/university/forthTerm/oop/repo/lab01/src/error.cpp:2:
/usr/include/c++/9/ext/string_conversions.h:99:5: note: candidate: ‘template<class _String, class _CharT> _String __gnu_cxx::__to_xstring(int (*)(_CharT*, int, const _CharT*, __va_list_tag*), int, const _CharT*, ...)’
   99 |     __to_xstring(int (*__convf) (_CharT*, std::size_t, const _CharT*,
      |     ^~~~~~~~~~~~
/usr/include/c++/9/ext/string_conversions.h:99:5: note:   template argument deduction/substitution failed:
In file included from /usr/include/c++/9/string:55,
                 from /media/paul/kalashkov/university/forthTerm/oop/repo/lab01/include/global.hpp:3,
                 from /media/paul/kalashkov/university/forthTerm/oop/repo/lab01/src/error.cpp:2:
/usr/include/c++/9/bits/basic_string.h:6603:21: note:   mismatched types ‘int’ and ‘size_t’ {aka ‘long unsigned int’}
 6603 |         "%Lf", __val);
      |                     ^
In file included from /usr/include/c++/9/bits/basic_string.h:40,
                 from /usr/include/c++/9/string:55,
                 from /media/paul/kalashkov/university/forthTerm/oop/repo/lab01/include/global.hpp:3,
                 from /media/paul/kalashkov/university/forthTerm/oop/repo/lab01/src/error.cpp:2:
/usr/include/c++/9/ext/alloc_traits.h: In instantiation of ‘struct __gnu_cxx::__alloc_traits<std::allocator<wchar_t>, wchar_t>’:
/usr/include/c++/9/bits/basic_string.h:80:24:   required from ‘class std::__cxx11::basic_string<wchar_t>’
/usr/include/c++/9/bits/basic_string.h:6610:68:   required from here
/usr/include/c++/9/ext/alloc_traits.h:61:53: error: no type named ‘size_type’ in ‘struct std::allocator_traits<std::allocator<wchar_t> >’
   61 |     typedef typename _Base_type::size_type          size_type;
      |                                                     ^~~~~~~~~
/usr/include/c++/9/ext/alloc_traits.h:62:53: error: no type named ‘difference_type’ in ‘struct std::allocator_traits<std::allocator<wchar_t> >’
   62 |     typedef typename _Base_type::difference_type    difference_type;
      |                                                     ^~~~~~~~~~~~~~~
/usr/include/c++/9/ext/alloc_traits.h:70:23: error: no members matching ‘__gnu_cxx::__alloc_traits<std::allocator<wchar_t>, wchar_t>::_Base_type {aka std::allocator_traits<std::allocator<wchar_t> >}::max_size’ in ‘__gnu_cxx::__alloc_traits<std::allocator<wchar_t>, wchar_t>::_Base_type’ {aka ‘struct std::allocator_traits<std::allocator<wchar_t> >’}
   70 |     using _Base_type::max_size;
      |                       ^~~~~~~~
In file included from /usr/include/c++/9/string:55,
                 from /media/paul/kalashkov/university/forthTerm/oop/repo/lab01/include/global.hpp:3,
                 from /media/paul/kalashkov/university/forthTerm/oop/repo/lab01/src/error.cpp:2:
/usr/include/c++/9/bits/basic_string.h: In function ‘int std::__cxx11::stoi(const wstring&, size_t*, int)’:
/usr/include/c++/9/bits/basic_string.h:6611:19: error: no matching function for call to ‘__stoa<long int, int>(long int (*)(const wchar_t*, wchar_t**, int) noexcept, const char [5], const wchar_t*, size_t*&, int&)’
 6611 |      __idx, __base); }
      |                   ^
In file included from /usr/include/c++/9/bits/basic_string.h:6493,
                 from /usr/include/c++/9/string:55,
                 from /media/paul/kalashkov/university/forthTerm/oop/repo/lab01/include/global.hpp:3,
                 from /media/paul/kalashkov/university/forthTerm/oop/repo/lab01/src/error.cpp:2:
/usr/include/c++/9/ext/string_conversions.h:54:5: note: candidate: ‘template<class _TRet, class _Ret, class _CharT, class ... _Base> _Ret __gnu_cxx::__stoa(_TRet (*)(const _CharT*, _CharT**, _Base ...), const char*, const _CharT*, int*, _Base ...)’
   54 |     __stoa(_TRet (*__convf) (const _CharT*, _CharT**, _Base...),
      |     ^~~~~~
/usr/include/c++/9/ext/string_conversions.h:54:5: note:   template argument deduction/substitution failed:
In file included from /usr/include/c++/9/string:55,
                 from /media/paul/kalashkov/university/forthTerm/oop/repo/lab01/include/global.hpp:3,
                 from /media/paul/kalashkov/university/forthTerm/oop/repo/lab01/src/error.cpp:2:
/usr/include/c++/9/bits/basic_string.h:6611:6: note:   cannot convert ‘__idx’ (type ‘size_t*’ {aka ‘long unsigned int*’}) to type ‘int*’
 6611 |      __idx, __base); }
      |      ^~~~~
/usr/include/c++/9/bits/basic_string.h: In function ‘long int std::__cxx11::stol(const wstring&, size_t*, int)’:
/usr/include/c++/9/bits/basic_string.h:6616:22: error: no matching function for call to ‘__stoa(long int (*)(const wchar_t*, wchar_t**, int) noexcept, const char [5], const wchar_t*, size_t*&, int&)’
 6616 |         __idx, __base); }
      |                      ^
In file included from /usr/include/c++/9/bits/basic_string.h:6493,
                 from /usr/include/c++/9/string:55,
                 from /media/paul/kalashkov/university/forthTerm/oop/repo/lab01/include/global.hpp:3,
                 from /media/paul/kalashkov/university/forthTerm/oop/repo/lab01/src/error.cpp:2:
/usr/include/c++/9/ext/string_conversions.h:54:5: note: candidate: ‘template<class _TRet, class _Ret, class _CharT, class ... _Base> _Ret __gnu_cxx::__stoa(_TRet (*)(const _CharT*, _CharT**, _Base ...), const char*, const _CharT*, int*, _Base ...)’
   54 |     __stoa(_TRet (*__convf) (const _CharT*, _CharT**, _Base...),
      |     ^~~~~~
/usr/include/c++/9/ext/string_conversions.h:54:5: note:   template argument deduction/substitution failed:
In file included from /usr/include/c++/9/string:55,
                 from /media/paul/kalashkov/university/forthTerm/oop/repo/lab01/include/global.hpp:3,
                 from /media/paul/kalashkov/university/forthTerm/oop/repo/lab01/src/error.cpp:2:
/usr/include/c++/9/bits/basic_string.h:6616:9: note:   cannot convert ‘__idx’ (type ‘size_t*’ {aka ‘long unsigned int*’}) to type ‘int*’
 6616 |         __idx, __base); }
      |         ^~~~~
/usr/include/c++/9/bits/basic_string.h: In function ‘long unsigned int std::__cxx11::stoul(const wstring&, size_t*, int)’:
/usr/include/c++/9/bits/basic_string.h:6621:22: error: no matching function for call to ‘__stoa(long unsigned int (*)(const wchar_t*, wchar_t**, int) noexcept, const char [6], const wchar_t*, size_t*&, int&)’
 6621 |         __idx, __base); }
      |                      ^
In file included from /usr/include/c++/9/bits/basic_string.h:6493,
                 from /usr/include/c++/9/string:55,
                 from /media/paul/kalashkov/university/forthTerm/oop/repo/lab01/include/global.hpp:3,
                 from /media/paul/kalashkov/university/forthTerm/oop/repo/lab01/src/error.cpp:2:
/usr/include/c++/9/ext/string_conversions.h:54:5: note: candidate: ‘template<class _TRet, class _Ret, class _CharT, class ... _Base> _Ret __gnu_cxx::__stoa(_TRet (*)(const _CharT*, _CharT**, _Base ...), const char*, const _CharT*, int*, _Base ...)’
   54 |     __stoa(_TRet (*__convf) (const _CharT*, _CharT**, _Base...),
      |     ^~~~~~
/usr/include/c++/9/ext/string_conversions.h:54:5: note:   template argument deduction/substitution failed:
In file included from /usr/include/c++/9/string:55,
                 from /media/paul/kalashkov/university/forthTerm/oop/repo/lab01/include/global.hpp:3,
                 from /media/paul/kalashkov/university/forthTerm/oop/repo/lab01/src/error.cpp:2:
/usr/include/c++/9/bits/basic_string.h:6621:9: note:   cannot convert ‘__idx’ (type ‘size_t*’ {aka ‘long unsigned int*’}) to type ‘int*’
 6621 |         __idx, __base); }
      |         ^~~~~
/usr/include/c++/9/bits/basic_string.h: In function ‘long long int std::__cxx11::stoll(const wstring&, size_t*, int)’:
/usr/include/c++/9/bits/basic_string.h:6626:22: error: no matching function for call to ‘__stoa(long long int (*)(const wchar_t*, wchar_t**, int) noexcept, const char [6], const wchar_t*, size_t*&, int&)’
 6626 |         __idx, __base); }
      |                      ^
In file included from /usr/include/c++/9/bits/basic_string.h:6493,
                 from /usr/include/c++/9/string:55,
                 from /media/paul/kalashkov/university/forthTerm/oop/repo/lab01/include/global.hpp:3,
                 from /media/paul/kalashkov/university/forthTerm/oop/repo/lab01/src/error.cpp:2:
/usr/include/c++/9/ext/string_conversions.h:54:5: note: candidate: ‘template<class _TRet, class _Ret, class _CharT, class ... _Base> _Ret __gnu_cxx::__stoa(_TRet (*)(const _CharT*, _CharT**, _Base ...), const char*, const _CharT*, int*, _Base ...)’
   54 |     __stoa(_TRet (*__convf) (const _CharT*, _CharT**, _Base...),
      |     ^~~~~~
/usr/include/c++/9/ext/string_conversions.h:54:5: note:   template argument deduction/substitution failed:
In file included from /usr/include/c++/9/string:55,
                 from /media/paul/kalashkov/university/forthTerm/oop/repo/lab01/include/global.hpp:3,
                 from /media/paul/kalashkov/university/forthTerm/oop/repo/lab01/src/error.cpp:2:
/usr/include/c++/9/bits/basic_string.h:6626:9: note:   cannot convert ‘__idx’ (type ‘size_t*’ {aka ‘long unsigned int*’}) to type ‘int*’
 6626 |         __idx, __base); }
      |         ^~~~~
/usr/include/c++/9/bits/basic_string.h: In function ‘long long unsigned int std::__cxx11::stoull(const wstring&, size_t*, int)’:
/usr/include/c++/9/bits/basic_string.h:6631:22: error: no matching function for call to ‘__stoa(long long unsigned int (*)(const wchar_t*, wchar_t**, int) noexcept, const char [7], const wchar_t*, size_t*&, int&)’
 6631 |         __idx, __base); }
      |                      ^
In file included from /usr/include/c++/9/bits/basic_string.h:6493,
                 from /usr/include/c++/9/string:55,
                 from /media/paul/kalashkov/university/forthTerm/oop/repo/lab01/include/global.hpp:3,
                 from /media/paul/kalashkov/university/forthTerm/oop/repo/lab01/src/error.cpp:2:
/usr/include/c++/9/ext/string_conversions.h:54:5: note: candidate: ‘template<class _TRet, class _Ret, class _CharT, class ... _Base> _Ret __gnu_cxx::__stoa(_TRet (*)(const _CharT*, _CharT**, _Base ...), const char*, const _CharT*, int*, _Base ...)’
   54 |     __stoa(_TRet (*__convf) (const _CharT*, _CharT**, _Base...),
      |     ^~~~~~
/usr/include/c++/9/ext/string_conversions.h:54:5: note:   template argument deduction/substitution failed:
In file included from /usr/include/c++/9/string:55,
                 from /media/paul/kalashkov/university/forthTerm/oop/repo/lab01/include/global.hpp:3,
                 from /media/paul/kalashkov/university/forthTerm/oop/repo/lab01/src/error.cpp:2:
/usr/include/c++/9/bits/basic_string.h:6631:9: note:   cannot convert ‘__idx’ (type ‘size_t*’ {aka ‘long unsigned int*’}) to type ‘int*’
 6631 |         __idx, __base); }
      |         ^~~~~
/usr/include/c++/9/bits/basic_string.h: In function ‘float std::__cxx11::stof(const wstring&, size_t*)’:
/usr/include/c++/9/bits/basic_string.h:6636:72: error: no matching function for call to ‘__stoa(float (*)(const wchar_t*, wchar_t**) noexcept, const char [5], const wchar_t*, size_t*&)’
 6636 |   { return __gnu_cxx::__stoa(&std::wcstof, "stof", __str.c_str(), __idx); }
      |                                                                        ^
In file included from /usr/include/c++/9/bits/basic_string.h:6493,
                 from /usr/include/c++/9/string:55,
                 from /media/paul/kalashkov/university/forthTerm/oop/repo/lab01/include/global.hpp:3,
                 from /media/paul/kalashkov/university/forthTerm/oop/repo/lab01/src/error.cpp:2:
/usr/include/c++/9/ext/string_conversions.h:54:5: note: candidate: ‘template<class _TRet, class _Ret, class _CharT, class ... _Base> _Ret __gnu_cxx::__stoa(_TRet (*)(const _CharT*, _CharT**, _Base ...), const char*, const _CharT*, int*, _Base ...)’
   54 |     __stoa(_TRet (*__convf) (const _CharT*, _CharT**, _Base...),
      |     ^~~~~~
/usr/include/c++/9/ext/string_conversions.h:54:5: note:   template argument deduction/substitution failed:
In file included from /usr/include/c++/9/string:55,
                 from /media/paul/kalashkov/university/forthTerm/oop/repo/lab01/include/global.hpp:3,
                 from /media/paul/kalashkov/university/forthTerm/oop/repo/lab01/src/error.cpp:2:
/usr/include/c++/9/bits/basic_string.h:6636:67: note:   cannot convert ‘__idx’ (type ‘size_t*’ {aka ‘long unsigned int*’}) to type ‘int*’
 6636 |   { return __gnu_cxx::__stoa(&std::wcstof, "stof", __str.c_str(), __idx); }
      |                                                                   ^~~~~
/usr/include/c++/9/bits/basic_string.h: In function ‘double std::__cxx11::stod(const wstring&, size_t*)’:
/usr/include/c++/9/bits/basic_string.h:6640:72: error: no matching function for call to ‘__stoa(double (*)(const wchar_t*, wchar_t**) noexcept, const char [5], const wchar_t*, size_t*&)’
 6640 |   { return __gnu_cxx::__stoa(&std::wcstod, "stod", __str.c_str(), __idx); }
      |                                                                        ^
In file included from /usr/include/c++/9/bits/basic_string.h:6493,
                 from /usr/include/c++/9/string:55,
                 from /media/paul/kalashkov/university/forthTerm/oop/repo/lab01/include/global.hpp:3,
                 from /media/paul/kalashkov/university/forthTerm/oop/repo/lab01/src/error.cpp:2:
/usr/include/c++/9/ext/string_conversions.h:54:5: note: candidate: ‘template<class _TRet, class _Ret, class _CharT, class ... _Base> _Ret __gnu_cxx::__stoa(_TRet (*)(const _CharT*, _CharT**, _Base ...), const char*, const _CharT*, int*, _Base ...)’
   54 |     __stoa(_TRet (*__convf) (const _CharT*, _CharT**, _Base...),
      |     ^~~~~~
/usr/include/c++/9/ext/string_conversions.h:54:5: note:   template argument deduction/substitution failed:
In file included from /usr/include/c++/9/string:55,
                 from /media/paul/kalashkov/university/forthTerm/oop/repo/lab01/include/global.hpp:3,
                 from /media/paul/kalashkov/university/forthTerm/oop/repo/lab01/src/error.cpp:2:
/usr/include/c++/9/bits/basic_string.h:6640:67: note:   cannot convert ‘__idx’ (type ‘size_t*’ {aka ‘long unsigned int*’}) to type ‘int*’
 6640 |   { return __gnu_cxx::__stoa(&std::wcstod, "stod", __str.c_str(), __idx); }
      |                                                                   ^~~~~
/usr/include/c++/9/bits/basic_string.h: In function ‘long double std::__cxx11::stold(const wstring&, size_t*)’:
/usr/include/c++/9/bits/basic_string.h:6644:74: error: no matching function for call to ‘__stoa(long double (*)(const wchar_t*, wchar_t**) noexcept, const char [6], const wchar_t*, size_t*&)’
 6644 |   { return __gnu_cxx::__stoa(&std::wcstold, "stold", __str.c_str(), __idx); }
      |                                                                          ^
In file included from /usr/include/c++/9/bits/basic_string.h:6493,
                 from /usr/include/c++/9/string:55,
                 from /media/paul/kalashkov/university/forthTerm/oop/repo/lab01/include/global.hpp:3,
                 from /media/paul/kalashkov/university/forthTerm/oop/repo/lab01/src/error.cpp:2:
/usr/include/c++/9/ext/string_conversions.h:54:5: note: candidate: ‘template<class _TRet, class _Ret, class _CharT, class ... _Base> _Ret __gnu_cxx::__stoa(_TRet (*)(const _CharT*, _CharT**, _Base ...), const char*, const _CharT*, int*, _Base ...)’
   54 |     __stoa(_TRet (*__convf) (const _CharT*, _CharT**, _Base...),
      |     ^~~~~~
/usr/include/c++/9/ext/string_conversions.h:54:5: note:   template argument deduction/substitution failed:
In file included from /usr/include/c++/9/string:55,
                 from /media/paul/kalashkov/university/forthTerm/oop/repo/lab01/include/global.hpp:3,
                 from /media/paul/kalashkov/university/forthTerm/oop/repo/lab01/src/error.cpp:2:
/usr/include/c++/9/bits/basic_string.h:6644:69: note:   cannot convert ‘__idx’ (type ‘size_t*’ {aka ‘long unsigned int*’}) to type ‘int*’
 6644 |   { return __gnu_cxx::__stoa(&std::wcstold, "stold", __str.c_str(), __idx); }
      |                                                                     ^~~~~
/usr/include/c++/9/bits/basic_string.h: In function ‘std::wstring std::__cxx11::to_wstring(int)’:
/usr/include/c++/9/bits/basic_string.h:6651:22: error: no matching function for call to ‘__to_xstring<std::wstring>(int (*)(wchar_t*, size_t, const wchar_t*, __va_list_tag*) noexcept, long unsigned int, const wchar_t [3], int&)’
 6651 |          L"%d", __val); }
      |                      ^
In file included from /usr/include/c++/9/bits/basic_string.h:6493,
                 from /usr/include/c++/9/string:55,
                 from /media/paul/kalashkov/university/forthTerm/oop/repo/lab01/include/global.hpp:3,
                 from /media/paul/kalashkov/university/forthTerm/oop/repo/lab01/src/error.cpp:2:
/usr/include/c++/9/ext/string_conversions.h:99:5: note: candidate: ‘template<class _String, class _CharT> _String __gnu_cxx::__to_xstring(int (*)(_CharT*, int, const _CharT*, __va_list_tag*), int, const _CharT*, ...)’
   99 |     __to_xstring(int (*__convf) (_CharT*, std::size_t, const _CharT*,
      |     ^~~~~~~~~~~~
/usr/include/c++/9/ext/string_conversions.h:99:5: note:   template argument deduction/substitution failed:
In file included from /usr/include/c++/9/string:55,
                 from /media/paul/kalashkov/university/forthTerm/oop/repo/lab01/include/global.hpp:3,
                 from /media/paul/kalashkov/university/forthTerm/oop/repo/lab01/src/error.cpp:2:
/usr/include/c++/9/bits/basic_string.h:6651:22: note:   mismatched types ‘int’ and ‘size_t’ {aka ‘long unsigned int’}
 6651 |          L"%d", __val); }
      |                      ^
/usr/include/c++/9/bits/basic_string.h: In function ‘std::wstring std::__cxx11::to_wstring(unsigned int)’:
/usr/include/c++/9/bits/basic_string.h:6657:22: error: no matching function for call to ‘__to_xstring<std::wstring>(int (*)(wchar_t*, size_t, const wchar_t*, __va_list_tag*) noexcept, long unsigned int, const wchar_t [3], unsigned int&)’
 6657 |          L"%u", __val); }
      |                      ^
In file included from /usr/include/c++/9/bits/basic_string.h:6493,
                 from /usr/include/c++/9/string:55,
                 from /media/paul/kalashkov/university/forthTerm/oop/repo/lab01/include/global.hpp:3,
                 from /media/paul/kalashkov/university/forthTerm/oop/repo/lab01/src/error.cpp:2:
/usr/include/c++/9/ext/string_conversions.h:99:5: note: candidate: ‘template<class _String, class _CharT> _String __gnu_cxx::__to_xstring(int (*)(_CharT*, int, const _CharT*, __va_list_tag*), int, const _CharT*, ...)’
   99 |     __to_xstring(int (*__convf) (_CharT*, std::size_t, const _CharT*,
      |     ^~~~~~~~~~~~
/usr/include/c++/9/ext/string_conversions.h:99:5: note:   template argument deduction/substitution failed:
In file included from /usr/include/c++/9/string:55,
                 from /media/paul/kalashkov/university/forthTerm/oop/repo/lab01/include/global.hpp:3,
                 from /media/paul/kalashkov/university/forthTerm/oop/repo/lab01/src/error.cpp:2:
/usr/include/c++/9/bits/basic_string.h:6657:22: note:   mismatched types ‘int’ and ‘size_t’ {aka ‘long unsigned int’}
 6657 |          L"%u", __val); }
      |                      ^
/usr/include/c++/9/bits/basic_string.h: In function ‘std::wstring std::__cxx11::to_wstring(long int)’:
/usr/include/c++/9/bits/basic_string.h:6662:23: error: no matching function for call to ‘__to_xstring<std::wstring>(int (*)(wchar_t*, size_t, const wchar_t*, __va_list_tag*) noexcept, long unsigned int, const wchar_t [4], long int&)’
 6662 |          L"%ld", __val); }
      |                       ^
In file included from /usr/include/c++/9/bits/basic_string.h:6493,
                 from /usr/include/c++/9/string:55,
                 from /media/paul/kalashkov/university/forthTerm/oop/repo/lab01/include/global.hpp:3,
                 from /media/paul/kalashkov/university/forthTerm/oop/repo/lab01/src/error.cpp:2:
/usr/include/c++/9/ext/string_conversions.h:99:5: note: candidate: ‘template<class _String, class _CharT> _String __gnu_cxx::__to_xstring(int (*)(_CharT*, int, const _CharT*, __va_list_tag*), int, const _CharT*, ...)’
   99 |     __to_xstring(int (*__convf) (_CharT*, std::size_t, const _CharT*,
      |     ^~~~~~~~~~~~
/usr/include/c++/9/ext/string_conversions.h:99:5: note:   template argument deduction/substitution failed:
In file included from /usr/include/c++/9/string:55,
                 from /media/paul/kalashkov/university/forthTerm/oop/repo/lab01/include/global.hpp:3,
                 from /media/paul/kalashkov/university/forthTerm/oop/repo/lab01/src/error.cpp:2:
/usr/include/c++/9/bits/basic_string.h:6662:23: note:   mismatched types ‘int’ and ‘size_t’ {aka ‘long unsigned int’}
 6662 |          L"%ld", __val); }
      |                       ^
/usr/include/c++/9/bits/basic_string.h: In function ‘std::wstring std::__cxx11::to_wstring(long unsigned int)’:
/usr/include/c++/9/bits/basic_string.h:6668:23: error: no matching function for call to ‘__to_xstring<std::wstring>(int (*)(wchar_t*, size_t, const wchar_t*, __va_list_tag*) noexcept, long unsigned int, const wchar_t [4], long unsigned int&)’
 6668 |          L"%lu", __val); }
      |                       ^
In file included from /usr/include/c++/9/bits/basic_string.h:6493,
                 from /usr/include/c++/9/string:55,
                 from /media/paul/kalashkov/university/forthTerm/oop/repo/lab01/include/global.hpp:3,
                 from /media/paul/kalashkov/university/forthTerm/oop/repo/lab01/src/error.cpp:2:
/usr/include/c++/9/ext/string_conversions.h:99:5: note: candidate: ‘template<class _String, class _CharT> _String __gnu_cxx::__to_xstring(int (*)(_CharT*, int, const _CharT*, __va_list_tag*), int, const _CharT*, ...)’
   99 |     __to_xstring(int (*__convf) (_CharT*, std::size_t, const _CharT*,
      |     ^~~~~~~~~~~~
/usr/include/c++/9/ext/string_conversions.h:99:5: note:   template argument deduction/substitution failed:
In file included from /usr/include/c++/9/string:55,
                 from /media/paul/kalashkov/university/forthTerm/oop/repo/lab01/include/global.hpp:3,
                 from /media/paul/kalashkov/university/forthTerm/oop/repo/lab01/src/error.cpp:2:
/usr/include/c++/9/bits/basic_string.h:6668:23: note:   mismatched types ‘int’ and ‘size_t’ {aka ‘long unsigned int’}
 6668 |          L"%lu", __val); }
      |                       ^
/usr/include/c++/9/bits/basic_string.h: In function ‘std::wstring std::__cxx11::to_wstring(long long int)’:
/usr/include/c++/9/bits/basic_string.h:6674:24: error: no matching function for call to ‘__to_xstring<std::wstring>(int (*)(wchar_t*, size_t, const wchar_t*, __va_list_tag*) noexcept, long unsigned int, const wchar_t [5], long long int&)’
 6674 |          L"%lld", __val); }
      |                        ^
In file included from /usr/include/c++/9/bits/basic_string.h:6493,
                 from /usr/include/c++/9/string:55,
                 from /media/paul/kalashkov/university/forthTerm/oop/repo/lab01/include/global.hpp:3,
                 from /media/paul/kalashkov/university/forthTerm/oop/repo/lab01/src/error.cpp:2:
/usr/include/c++/9/ext/string_conversions.h:99:5: note: candidate: ‘template<class _String, class _CharT> _String __gnu_cxx::__to_xstring(int (*)(_CharT*, int, const _CharT*, __va_list_tag*), int, const _CharT*, ...)’
   99 |     __to_xstring(int (*__convf) (_CharT*, std::size_t, const _CharT*,
      |     ^~~~~~~~~~~~
/usr/include/c++/9/ext/string_conversions.h:99:5: note:   template argument deduction/substitution failed:
In file included from /usr/include/c++/9/string:55,
                 from /media/paul/kalashkov/university/forthTerm/oop/repo/lab01/include/global.hpp:3,
                 from /media/paul/kalashkov/university/forthTerm/oop/repo/lab01/src/error.cpp:2:
/usr/include/c++/9/bits/basic_string.h:6674:24: note:   mismatched types ‘int’ and ‘size_t’ {aka ‘long unsigned int’}
 6674 |          L"%lld", __val); }
      |                        ^
/usr/include/c++/9/bits/basic_string.h: In function ‘std::wstring std::__cxx11::to_wstring(long long unsigned int)’:
/usr/include/c++/9/bits/basic_string.h:6680:24: error: no matching function for call to ‘__to_xstring<std::wstring>(int (*)(wchar_t*, size_t, const wchar_t*, __va_list_tag*) noexcept, long unsigned int, const wchar_t [5], long long unsigned int&)’
 6680 |          L"%llu", __val); }
      |                        ^
In file included from /usr/include/c++/9/bits/basic_string.h:6493,
                 from /usr/include/c++/9/string:55,
                 from /media/paul/kalashkov/university/forthTerm/oop/repo/lab01/include/global.hpp:3,
                 from /media/paul/kalashkov/university/forthTerm/oop/repo/lab01/src/error.cpp:2:
/usr/include/c++/9/ext/string_conversions.h:99:5: note: candidate: ‘template<class _String, class _CharT> _String __gnu_cxx::__to_xstring(int (*)(_CharT*, int, const _CharT*, __va_list_tag*), int, const _CharT*, ...)’
   99 |     __to_xstring(int (*__convf) (_CharT*, std::size_t, const _CharT*,
      |     ^~~~~~~~~~~~
/usr/include/c++/9/ext/string_conversions.h:99:5: note:   template argument deduction/substitution failed:
In file included from /usr/include/c++/9/string:55,
                 from /media/paul/kalashkov/university/forthTerm/oop/repo/lab01/include/global.hpp:3,
                 from /media/paul/kalashkov/university/forthTerm/oop/repo/lab01/src/error.cpp:2:
/usr/include/c++/9/bits/basic_string.h:6680:24: note:   mismatched types ‘int’ and ‘size_t’ {aka ‘long unsigned int’}
 6680 |          L"%llu", __val); }
      |                        ^
/usr/include/c++/9/bits/basic_string.h: In function ‘std::wstring std::__cxx11::to_wstring(float)’:
/usr/include/c++/9/bits/basic_string.h:6688:22: error: no matching function for call to ‘__to_xstring<std::wstring>(int (*)(wchar_t*, size_t, const wchar_t*, __va_list_tag*) noexcept, const int&, const wchar_t [3], float&)’
 6688 |          L"%f", __val);
      |                      ^
In file included from /usr/include/c++/9/bits/basic_string.h:6493,
                 from /usr/include/c++/9/string:55,
                 from /media/paul/kalashkov/university/forthTerm/oop/repo/lab01/include/global.hpp:3,
                 from /media/paul/kalashkov/university/forthTerm/oop/repo/lab01/src/error.cpp:2:
/usr/include/c++/9/ext/string_conversions.h:99:5: note: candidate: ‘template<class _String, class _CharT> _String __gnu_cxx::__to_xstring(int (*)(_CharT*, int, const _CharT*, __va_list_tag*), int, const _CharT*, ...)’
   99 |     __to_xstring(int (*__convf) (_CharT*, std::size_t, const _CharT*,
      |     ^~~~~~~~~~~~
/usr/include/c++/9/ext/string_conversions.h:99:5: note:   template argument deduction/substitution failed:
In file included from /usr/include/c++/9/string:55,
                 from /media/paul/kalashkov/university/forthTerm/oop/repo/lab01/include/global.hpp:3,
                 from /media/paul/kalashkov/university/forthTerm/oop/repo/lab01/src/error.cpp:2:
/usr/include/c++/9/bits/basic_string.h:6688:22: note:   mismatched types ‘int’ and ‘size_t’ {aka ‘long unsigned int’}
 6688 |          L"%f", __val);
      |                      ^
/usr/include/c++/9/bits/basic_string.h: In function ‘std::wstring std::__cxx11::to_wstring(double)’:
/usr/include/c++/9/bits/basic_string.h:6697:22: error: no matching function for call to ‘__to_xstring<std::wstring>(int (*)(wchar_t*, size_t, const wchar_t*, __va_list_tag*) noexcept, const int&, const wchar_t [3], double&)’
 6697 |          L"%f", __val);
      |                      ^
In file included from /usr/include/c++/9/bits/basic_string.h:6493,
                 from /usr/include/c++/9/string:55,
                 from /media/paul/kalashkov/university/forthTerm/oop/repo/lab01/include/global.hpp:3,
                 from /media/paul/kalashkov/university/forthTerm/oop/repo/lab01/src/error.cpp:2:
/usr/include/c++/9/ext/string_conversions.h:99:5: note: candidate: ‘template<class _String, class _CharT> _String __gnu_cxx::__to_xstring(int (*)(_CharT*, int, const _CharT*, __va_list_tag*), int, const _CharT*, ...)’
   99 |     __to_xstring(int (*__convf) (_CharT*, std::size_t, const _CharT*,
      |     ^~~~~~~~~~~~
/usr/include/c++/9/ext/string_conversions.h:99:5: note:   template argument deduction/substitution failed:
In file included from /usr/include/c++/9/string:55,
                 from /media/paul/kalashkov/university/forthTerm/oop/repo/lab01/include/global.hpp:3,
                 from /media/paul/kalashkov/university/forthTerm/oop/repo/lab01/src/error.cpp:2:
/usr/include/c++/9/bits/basic_string.h:6697:22: note:   mismatched types ‘int’ and ‘size_t’ {aka ‘long unsigned int’}
 6697 |          L"%f", __val);
      |                      ^
/usr/include/c++/9/bits/basic_string.h: In function ‘std::wstring std::__cxx11::to_wstring(long double)’:
/usr/include/c++/9/bits/basic_string.h:6706:23: error: no matching function for call to ‘__to_xstring<std::wstring>(int (*)(wchar_t*, size_t, const wchar_t*, __va_list_tag*) noexcept, const int&, const wchar_t [4], long double&)’
 6706 |          L"%Lf", __val);
      |                       ^
In file included from /usr/include/c++/9/bits/basic_string.h:6493,
                 from /usr/include/c++/9/string:55,
                 from /media/paul/kalashkov/university/forthTerm/oop/repo/lab01/include/global.hpp:3,
                 from /media/paul/kalashkov/university/forthTerm/oop/repo/lab01/src/error.cpp:2:
/usr/include/c++/9/ext/string_conversions.h:99:5: note: candidate: ‘template<class _String, class _CharT> _String __gnu_cxx::__to_xstring(int (*)(_CharT*, int, const _CharT*, __va_list_tag*), int, const _CharT*, ...)’
   99 |     __to_xstring(int (*__convf) (_CharT*, std::size_t, const _CharT*,
      |     ^~~~~~~~~~~~
/usr/include/c++/9/ext/string_conversions.h:99:5: note:   template argument deduction/substitution failed:
In file included from /usr/include/c++/9/string:55,
                 from /media/paul/kalashkov/university/forthTerm/oop/repo/lab01/include/global.hpp:3,
                 from /media/paul/kalashkov/university/forthTerm/oop/repo/lab01/src/error.cpp:2:
/usr/include/c++/9/bits/basic_string.h:6706:23: note:   mismatched types ‘int’ and ‘size_t’ {aka ‘long unsigned int’}
 6706 |          L"%Lf", __val);
      |                       ^
/usr/include/c++/9/bits/basic_string.h: In member function ‘size_t std::hash<std::__cxx11::basic_string<char> >::operator()(const string&) const’:
/usr/include/c++/9/bits/basic_string.h:6735:54: error: ‘const string’ {aka ‘const class std::__cxx11::basic_string<char>’} has no member named ‘length’
 6735 |       { return std::_Hash_impl::hash(__s.data(), __s.length()); }
      |                                                      ^~~~~~
/usr/include/c++/9/bits/basic_string.h: In member function ‘size_t std::hash<std::__cxx11::basic_string<wchar_t> >::operator()(const wstring&) const’:
/usr/include/c++/9/bits/basic_string.h:6751:42: error: ‘const wstring’ {aka ‘const class std::__cxx11::basic_string<wchar_t>’} has no member named ‘length’
 6751 |                                      __s.length() * sizeof(wchar_t)); }
      |                                          ^~~~~~
In file included from /usr/include/c++/9/bits/basic_string.h:40,
                 from /usr/include/c++/9/string:55,
                 from /media/paul/kalashkov/university/forthTerm/oop/repo/lab01/include/global.hpp:3,
                 from /media/paul/kalashkov/university/forthTerm/oop/repo/lab01/src/error.cpp:2:
/usr/include/c++/9/ext/alloc_traits.h: In instantiation of ‘struct __gnu_cxx::__alloc_traits<std::allocator<char16_t>, char16_t>’:
/usr/include/c++/9/bits/basic_string.h:80:24:   required from ‘class std::__cxx11::basic_string<char16_t>’
/usr/include/c++/9/bits/basic_string.h:6784:41:   required from here
/usr/include/c++/9/ext/alloc_traits.h:61:53: error: no type named ‘size_type’ in ‘struct std::allocator_traits<std::allocator<char16_t> >’
   61 |     typedef typename _Base_type::size_type          size_type;
      |                                                     ^~~~~~~~~
/usr/include/c++/9/ext/alloc_traits.h:62:53: error: no type named ‘difference_type’ in ‘struct std::allocator_traits<std::allocator<char16_t> >’
   62 |     typedef typename _Base_type::difference_type    difference_type;
      |                                                     ^~~~~~~~~~~~~~~
/usr/include/c++/9/ext/alloc_traits.h:70:23: error: no members matching ‘__gnu_cxx::__alloc_traits<std::allocator<char16_t>, char16_t>::_Base_type {aka std::allocator_traits<std::allocator<char16_t> >}::max_size’ in ‘__gnu_cxx::__alloc_traits<std::allocator<char16_t>, char16_t>::_Base_type’ {aka ‘struct std::allocator_traits<std::allocator<char16_t> >’}
   70 |     using _Base_type::max_size;
      |                       ^~~~~~~~
In file included from /usr/include/c++/9/string:55,
                 from /media/paul/kalashkov/university/forthTerm/oop/repo/lab01/include/global.hpp:3,
                 from /media/paul/kalashkov/university/forthTerm/oop/repo/lab01/src/error.cpp:2:
/usr/include/c++/9/bits/basic_string.h: In member function ‘size_t std::hash<std::__cxx11::basic_string<char16_t> >::operator()(const u16string&) const’:
/usr/include/c++/9/bits/basic_string.h:6785:42: error: ‘const u16string’ {aka ‘const class std::__cxx11::basic_string<char16_t>’} has no member named ‘length’
 6785 |                                      __s.length() * sizeof(char16_t)); }
      |                                          ^~~~~~
In file included from /usr/include/c++/9/bits/basic_string.h:40,
                 from /usr/include/c++/9/string:55,
                 from /media/paul/kalashkov/university/forthTerm/oop/repo/lab01/include/global.hpp:3,
                 from /media/paul/kalashkov/university/forthTerm/oop/repo/lab01/src/error.cpp:2:
/usr/include/c++/9/ext/alloc_traits.h: In instantiation of ‘struct __gnu_cxx::__alloc_traits<std::allocator<char32_t>, char32_t>’:
/usr/include/c++/9/bits/basic_string.h:80:24:   required from ‘class std::__cxx11::basic_string<char32_t>’
/usr/include/c++/9/bits/basic_string.h:6799:41:   required from here
/usr/include/c++/9/ext/alloc_traits.h:61:53: error: no type named ‘size_type’ in ‘struct std::allocator_traits<std::allocator<char32_t> >’
   61 |     typedef typename _Base_type::size_type          size_type;
      |                                                     ^~~~~~~~~
/usr/include/c++/9/ext/alloc_traits.h:62:53: error: no type named ‘difference_type’ in ‘struct std::allocator_traits<std::allocator<char32_t> >’
   62 |     typedef typename _Base_type::difference_type    difference_type;
      |                                                     ^~~~~~~~~~~~~~~
/usr/include/c++/9/ext/alloc_traits.h:70:23: error: no members matching ‘__gnu_cxx::__alloc_traits<std::allocator<char32_t>, char32_t>::_Base_type {aka std::allocator_traits<std::allocator<char32_t> >}::max_size’ in ‘__gnu_cxx::__alloc_traits<std::allocator<char32_t>, char32_t>::_Base_type’ {aka ‘struct std::allocator_traits<std::allocator<char32_t> >’}
   70 |     using _Base_type::max_size;
      |                       ^~~~~~~~
In file included from /usr/include/c++/9/string:55,
                 from /media/paul/kalashkov/university/forthTerm/oop/repo/lab01/include/global.hpp:3,
                 from /media/paul/kalashkov/university/forthTerm/oop/repo/lab01/src/error.cpp:2:
/usr/include/c++/9/bits/basic_string.h: In member function ‘size_t std::hash<std::__cxx11::basic_string<char32_t> >::operator()(const u32string&) const’:
/usr/include/c++/9/bits/basic_string.h:6800:42: error: ‘const u32string’ {aka ‘const class std::__cxx11::basic_string<char32_t>’} has no member named ‘length’
 6800 |                                      __s.length() * sizeof(char32_t)); }
      |                                          ^~~~~~
/usr/include/c++/9/bits/basic_string.h: In function ‘std::__cxx11::basic_string<char> std::literals::string_literals::operator""s(const char*, size_t)’:
/usr/include/c++/9/bits/basic_string.h:6820:45: error: no matching function for call to ‘std::__cxx11::basic_string<char>::basic_string(<brace-enclosed initializer list>)’
 6820 |     { return basic_string<char>{__str, __len}; }
      |                                             ^
In file included from /usr/include/c++/9/string:55,
                 from /media/paul/kalashkov/university/forthTerm/oop/repo/lab01/include/global.hpp:3,
                 from /media/paul/kalashkov/university/forthTerm/oop/repo/lab01/src/error.cpp:2:
/usr/include/c++/9/bits/basic_string.h:650:2: note: candidate: ‘template<class _Tp, class> std::__cxx11::basic_string<_CharT, _Traits, _Alloc>::basic_string(const _Tp&, const _Alloc&)’
  650 |  basic_string(const _Tp& __t, const _Alloc& __a = _Alloc())
      |  ^~~~~~~~~~~~
/usr/include/c++/9/bits/basic_string.h:650:2: note:   template argument deduction/substitution failed:
In file included from /usr/include/c++/9/bits/move.h:55,
                 from /usr/include/c++/9/bits/stl_pair.h:59,
                 from /usr/include/c++/9/bits/stl_algobase.h:64,
                 from /usr/include/c++/9/bits/char_traits.h:39,
                 from /usr/include/c++/9/string:40,
                 from /media/paul/kalashkov/university/forthTerm/oop/repo/lab01/include/global.hpp:3,
                 from /media/paul/kalashkov/university/forthTerm/oop/repo/lab01/src/error.cpp:2:
/usr/include/c++/9/type_traits: In substitution of ‘template<bool _Cond, class _Tp> using enable_if_t = typename std::enable_if::type [with bool _Cond = std::integral_constant<bool, false>::value; _Tp = void]’:
/usr/include/c++/9/bits/basic_string.h:117:8:   required by substitution of ‘template<class _CharT, class _Traits, class _Alloc> template<class _Tp, class _Res> using _If_sv = std::enable_if_t<std::__and_<std::is_convertible<const _Tp&, std::basic_string_view<_CharT, _Traits> >, std::__not_<std::is_convertible<const _Tp*, const std::__cxx11::basic_string<_CharT, _Traits, _Alloc>*> >, std::__not_<std::is_convertible<const _Tp&, const _CharT*> > >::value, _Res> [with _Tp = const char*; _Res = void; _CharT = char; _Traits = std::char_traits<char>; _Alloc = std::allocator<char>]’
/usr/include/c++/9/bits/basic_string.h:648:30:   required from here
/usr/include/c++/9/type_traits:2385:11: error: no type named ‘type’ in ‘struct std::enable_if<false, void>’
 2385 |     using enable_if_t = typename enable_if<_Cond, _Tp>::type;
      |           ^~~~~~~~~~~
In file included from /usr/include/c++/9/string:55,
                 from /media/paul/kalashkov/university/forthTerm/oop/repo/lab01/include/global.hpp:3,
                 from /media/paul/kalashkov/university/forthTerm/oop/repo/lab01/src/error.cpp:2:
/usr/include/c++/9/bits/basic_string.h:625:9: note: candidate: ‘template<class _InputIterator, class> std::__cxx11::basic_string<_CharT, _Traits, _Alloc>::basic_string(_InputIterator, _InputIterator, const _Alloc&)’
  625 |         basic_string(_InputIterator __beg, _InputIterator __end,
      |         ^~~~~~~~~~~~
/usr/include/c++/9/bits/basic_string.h:625:9: note:   template argument deduction/substitution failed:
In file included from /usr/include/c++/9/string:55,
                 from /media/paul/kalashkov/university/forthTerm/oop/repo/lab01/include/global.hpp:3,
                 from /media/paul/kalashkov/university/forthTerm/oop/repo/lab01/src/error.cpp:2:
/usr/include/c++/9/bits/basic_string.h:6820:45: note:   deduced conflicting types for parameter ‘_InputIterator’ (‘const char*’ and ‘long unsigned int’)
 6820 |     { return basic_string<char>{__str, __len}; }
      |                                             ^
In file included from /usr/include/c++/9/string:55,
                 from /media/paul/kalashkov/university/forthTerm/oop/repo/lab01/include/global.hpp:3,
                 from /media/paul/kalashkov/university/forthTerm/oop/repo/lab01/src/error.cpp:2:
/usr/include/c++/9/bits/basic_string.h:587:7: note: candidate: ‘std::__cxx11::basic_string<_CharT, _Traits, _Alloc>::basic_string(std::__cxx11::basic_string<_CharT, _Traits, _Alloc>&&, const _Alloc&) [with _CharT = char; _Traits = std::char_traits<char>; _Alloc = std::allocator<char>]’
  587 |       basic_string(basic_string&& __str, const _Alloc& __a)
      |       ^~~~~~~~~~~~
/usr/include/c++/9/bits/basic_string.h:587:56: note:   no known conversion for argument 2 from ‘size_t’ {aka ‘long unsigned int’} to ‘const std::allocator<char>&’
  587 |       basic_string(basic_string&& __str, const _Alloc& __a)
      |                                          ~~~~~~~~~~~~~~^~~
/usr/include/c++/9/bits/basic_string.h:583:7: note: candidate: ‘std::__cxx11::basic_string<_CharT, _Traits, _Alloc>::basic_string(const std::__cxx11::basic_string<_CharT, _Traits, _Alloc>&, const _Alloc&) [with _CharT = char; _Traits = std::char_traits<char>; _Alloc = std::allocator<char>]’
  583 |       basic_string(const basic_string& __str, const _Alloc& __a)
      |       ^~~~~~~~~~~~
/usr/include/c++/9/bits/basic_string.h:583:61: note:   no known conversion for argument 2 from ‘size_t’ {aka ‘long unsigned int’} to ‘const std::allocator<char>&’
  583 |       basic_string(const basic_string& __str, const _Alloc& __a)
      |                                               ~~~~~~~~~~~~~~^~~
/usr/include/c++/9/bits/basic_string.h:579:7: note: candidate: ‘std::__cxx11::basic_string<_CharT, _Traits, _Alloc>::basic_string(std::initializer_list<_Tp>, const _Alloc&) [with _CharT = char; _Traits = std::char_traits<char>; _Alloc = std::allocator<char>]’
  579 |       basic_string(initializer_list<_CharT> __l, const _Alloc& __a = _Alloc())
      |       ^~~~~~~~~~~~
/usr/include/c++/9/bits/basic_string.h:579:45: note:   no known conversion for argument 1 from ‘const char*’ to ‘std::initializer_list<char>’
  579 |       basic_string(initializer_list<_CharT> __l, const _Alloc& __a = _Alloc())
      |                    ~~~~~~~~~~~~~~~~~~~~~~~~~^~~
/usr/include/c++/9/bits/basic_string.h:552:7: note: candidate: ‘std::__cxx11::basic_string<_CharT, _Traits, _Alloc>::basic_string(std::__cxx11::basic_string<_CharT, _Traits, _Alloc>&&) [with _CharT = char; _Traits = std::char_traits<char>; _Alloc = std::allocator<char>]’
  552 |       basic_string(basic_string&& __str) noexcept
      |       ^~~~~~~~~~~~
/usr/include/c++/9/bits/basic_string.h:552:7: note:   candidate expects 1 argument, 2 provided
/usr/include/c++/9/bits/basic_string.h:525:7: note: candidate: ‘template<class> std::__cxx11::basic_string<_CharT, _Traits, _Alloc>::basic_string(const _CharT*, const _Alloc&)’
  525 |       basic_string(const _CharT* __s, const _Alloc& __a = _Alloc())
      |       ^~~~~~~~~~~~
/usr/include/c++/9/bits/basic_string.h:525:7: note:   template argument deduction/substitution failed:
In file included from /usr/include/c++/9/string:55,
                 from /media/paul/kalashkov/university/forthTerm/oop/repo/lab01/include/global.hpp:3,
                 from /media/paul/kalashkov/university/forthTerm/oop/repo/lab01/src/error.cpp:2:
/usr/include/c++/9/bits/basic_string.h:6820:40: note:   cannot convert ‘__len’ (type ‘size_t’ {aka ‘long unsigned int’}) to type ‘const std::allocator<char>&’
 6820 |     { return basic_string<char>{__str, __len}; }
      |                                        ^~~~~
In file included from /usr/include/c++/9/string:55,
                 from /media/paul/kalashkov/university/forthTerm/oop/repo/lab01/include/global.hpp:3,
                 from /media/paul/kalashkov/university/forthTerm/oop/repo/lab01/src/error.cpp:2:
/usr/include/c++/9/bits/basic_string.h:448:7: note: candidate: ‘std::__cxx11::basic_string<_CharT, _Traits, _Alloc>::basic_string(const std::__cxx11::basic_string<_CharT, _Traits, _Alloc>&) [with _CharT = char; _Traits = std::char_traits<char>; _Alloc = std::allocator<char>]’
  448 |       basic_string(const basic_string& __str)
      |       ^~~~~~~~~~~~
/usr/include/c++/9/bits/basic_string.h:448:7: note:   candidate expects 1 argument, 2 provided
/usr/include/c++/9/bits/basic_string.h:440:7: note: candidate: ‘std::__cxx11::basic_string<_CharT, _Traits, _Alloc>::basic_string(const _Alloc&) [with _CharT = char; _Traits = std::char_traits<char>; _Alloc = std::allocator<char>]’
  440 |       basic_string(const _Alloc& __a) _GLIBCXX_NOEXCEPT
      |       ^~~~~~~~~~~~
/usr/include/c++/9/bits/basic_string.h:440:7: note:   candidate expects 1 argument, 2 provided
/usr/include/c++/9/bits/basic_string.h:431:7: note: candidate: ‘std::__cxx11::basic_string<_CharT, _Traits, _Alloc>::basic_string() [with _CharT = char; _Traits = std::char_traits<char>; _Alloc = std::allocator<char>]’
  431 |       basic_string()
      |       ^~~~~~~~~~~~
/usr/include/c++/9/bits/basic_string.h:431:7: note:   candidate expects 0 arguments, 2 provided
/usr/include/c++/9/bits/basic_string.h:145:7: note: candidate: ‘std::__cxx11::basic_string<_CharT, _Traits, _Alloc>::basic_string(std::__cxx11::basic_string<_CharT, _Traits, _Alloc>::__sv_wrapper, const _Alloc&) [with _CharT = char; _Traits = std::char_traits<char>; _Alloc = std::allocator<char>]’
  145 |       basic_string(__sv_wrapper __svw, const _Alloc& __a)
      |       ^~~~~~~~~~~~
/usr/include/c++/9/bits/basic_string.h:145:33: note:   no known conversion for argument 1 from ‘const char*’ to ‘std::__cxx11::basic_string<char>::__sv_wrapper’
  145 |       basic_string(__sv_wrapper __svw, const _Alloc& __a)
      |                    ~~~~~~~~~~~~~^~~~~
In file included from /usr/include/c++/9/string:55,
                 from /media/paul/kalashkov/university/forthTerm/oop/repo/lab01/include/global.hpp:3,
                 from /media/paul/kalashkov/university/forthTerm/oop/repo/lab01/src/error.cpp:2:
/usr/include/c++/9/bits/basic_string.h: In function ‘std::__cxx11::basic_string<wchar_t> std::literals::string_literals::operator""s(const wchar_t*, size_t)’:
/usr/include/c++/9/bits/basic_string.h:6826:48: error: no matching function for call to ‘std::__cxx11::basic_string<wchar_t>::basic_string(<brace-enclosed initializer list>)’
 6826 |     { return basic_string<wchar_t>{__str, __len}; }
      |                                                ^
In file included from /usr/include/c++/9/string:55,
                 from /media/paul/kalashkov/university/forthTerm/oop/repo/lab01/include/global.hpp:3,
                 from /media/paul/kalashkov/university/forthTerm/oop/repo/lab01/src/error.cpp:2:
/usr/include/c++/9/bits/basic_string.h:650:2: note: candidate: ‘template<class _Tp, class> std::__cxx11::basic_string<_CharT, _Traits, _Alloc>::basic_string(const _Tp&, const _Alloc&)’
  650 |  basic_string(const _Tp& __t, const _Alloc& __a = _Alloc())
      |  ^~~~~~~~~~~~
/usr/include/c++/9/bits/basic_string.h:650:2: note:   template argument deduction/substitution failed:
/usr/include/c++/9/bits/basic_string.h:625:9: note: candidate: ‘template<class _InputIterator, class> std::__cxx11::basic_string<_CharT, _Traits, _Alloc>::basic_string(_InputIterator, _InputIterator, const _Alloc&)’
  625 |         basic_string(_InputIterator __beg, _InputIterator __end,
      |         ^~~~~~~~~~~~
/usr/include/c++/9/bits/basic_string.h:625:9: note:   template argument deduction/substitution failed:
In file included from /usr/include/c++/9/string:55,
                 from /media/paul/kalashkov/university/forthTerm/oop/repo/lab01/include/global.hpp:3,
                 from /media/paul/kalashkov/university/forthTerm/oop/repo/lab01/src/error.cpp:2:
/usr/include/c++/9/bits/basic_string.h:6826:48: note:   deduced conflicting types for parameter ‘_InputIterator’ (‘const wchar_t*’ and ‘long unsigned int’)
 6826 |     { return basic_string<wchar_t>{__str, __len}; }
      |                                                ^
In file included from /usr/include/c++/9/string:55,
                 from /media/paul/kalashkov/university/forthTerm/oop/repo/lab01/include/global.hpp:3,
                 from /media/paul/kalashkov/university/forthTerm/oop/repo/lab01/src/error.cpp:2:
/usr/include/c++/9/bits/basic_string.h:587:7: note: candidate: ‘std::__cxx11::basic_string<_CharT, _Traits, _Alloc>::basic_string(std::__cxx11::basic_string<_CharT, _Traits, _Alloc>&&, const _Alloc&) [with _CharT = wchar_t; _Traits = std::char_traits<wchar_t>; _Alloc = std::allocator<wchar_t>]’
  587 |       basic_string(basic_string&& __str, const _Alloc& __a)
      |       ^~~~~~~~~~~~
/usr/include/c++/9/bits/basic_string.h:587:56: note:   no known conversion for argument 2 from ‘size_t’ {aka ‘long unsigned int’} to ‘const std::allocator<wchar_t>&’
  587 |       basic_string(basic_string&& __str, const _Alloc& __a)
      |                                          ~~~~~~~~~~~~~~^~~
/usr/include/c++/9/bits/basic_string.h:583:7: note: candidate: ‘std::__cxx11::basic_string<_CharT, _Traits, _Alloc>::basic_string(const std::__cxx11::basic_string<_CharT, _Traits, _Alloc>&, const _Alloc&) [with _CharT = wchar_t; _Traits = std::char_traits<wchar_t>; _Alloc = std::allocator<wchar_t>]’
  583 |       basic_string(const basic_string& __str, const _Alloc& __a)
      |       ^~~~~~~~~~~~
/usr/include/c++/9/bits/basic_string.h:583:61: note:   no known conversion for argument 2 from ‘size_t’ {aka ‘long unsigned int’} to ‘const std::allocator<wchar_t>&’
  583 |       basic_string(const basic_string& __str, const _Alloc& __a)
      |                                               ~~~~~~~~~~~~~~^~~
/usr/include/c++/9/bits/basic_string.h:579:7: note: candidate: ‘std::__cxx11::basic_string<_CharT, _Traits, _Alloc>::basic_string(std::initializer_list<_Tp>, const _Alloc&) [with _CharT = wchar_t; _Traits = std::char_traits<wchar_t>; _Alloc = std::allocator<wchar_t>]’
  579 |       basic_string(initializer_list<_CharT> __l, const _Alloc& __a = _Alloc())
      |       ^~~~~~~~~~~~
/usr/include/c++/9/bits/basic_string.h:579:45: note:   no known conversion for argument 1 from ‘const wchar_t*’ to ‘std::initializer_list<wchar_t>’
  579 |       basic_string(initializer_list<_CharT> __l, const _Alloc& __a = _Alloc())
      |                    ~~~~~~~~~~~~~~~~~~~~~~~~~^~~
/usr/include/c++/9/bits/basic_string.h:552:7: note: candidate: ‘std::__cxx11::basic_string<_CharT, _Traits, _Alloc>::basic_string(std::__cxx11::basic_string<_CharT, _Traits, _Alloc>&&) [with _CharT = wchar_t; _Traits = std::char_traits<wchar_t>; _Alloc = std::allocator<wchar_t>]’
  552 |       basic_string(basic_string&& __str) noexcept
      |       ^~~~~~~~~~~~
/usr/include/c++/9/bits/basic_string.h:552:7: note:   candidate expects 1 argument, 2 provided
/usr/include/c++/9/bits/basic_string.h:525:7: note: candidate: ‘template<class> std::__cxx11::basic_string<_CharT, _Traits, _Alloc>::basic_string(const _CharT*, const _Alloc&)’
  525 |       basic_string(const _CharT* __s, const _Alloc& __a = _Alloc())
      |       ^~~~~~~~~~~~
/usr/include/c++/9/bits/basic_string.h:525:7: note:   template argument deduction/substitution failed:
In file included from /usr/include/c++/9/string:55,
                 from /media/paul/kalashkov/university/forthTerm/oop/repo/lab01/include/global.hpp:3,
                 from /media/paul/kalashkov/university/forthTerm/oop/repo/lab01/src/error.cpp:2:
/usr/include/c++/9/bits/basic_string.h:6826:43: note:   cannot convert ‘__len’ (type ‘size_t’ {aka ‘long unsigned int’}) to type ‘const std::allocator<wchar_t>&’
 6826 |     { return basic_string<wchar_t>{__str, __len}; }
      |                                           ^~~~~
In file included from /usr/include/c++/9/string:55,
                 from /media/paul/kalashkov/university/forthTerm/oop/repo/lab01/include/global.hpp:3,
                 from /media/paul/kalashkov/university/forthTerm/oop/repo/lab01/src/error.cpp:2:
/usr/include/c++/9/bits/basic_string.h:448:7: note: candidate: ‘std::__cxx11::basic_string<_CharT, _Traits, _Alloc>::basic_string(const std::__cxx11::basic_string<_CharT, _Traits, _Alloc>&) [with _CharT = wchar_t; _Traits = std::char_traits<wchar_t>; _Alloc = std::allocator<wchar_t>]’
  448 |       basic_string(const basic_string& __str)
      |       ^~~~~~~~~~~~
/usr/include/c++/9/bits/basic_string.h:448:7: note:   candidate expects 1 argument, 2 provided
/usr/include/c++/9/bits/basic_string.h:440:7: note: candidate: ‘std::__cxx11::basic_string<_CharT, _Traits, _Alloc>::basic_string(const _Alloc&) [with _CharT = wchar_t; _Traits = std::char_traits<wchar_t>; _Alloc = std::allocator<wchar_t>]’
  440 |       basic_string(const _Alloc& __a) _GLIBCXX_NOEXCEPT
      |       ^~~~~~~~~~~~
/usr/include/c++/9/bits/basic_string.h:440:7: note:   candidate expects 1 argument, 2 provided
/usr/include/c++/9/bits/basic_string.h:431:7: note: candidate: ‘std::__cxx11::basic_string<_CharT, _Traits, _Alloc>::basic_string() [with _CharT = wchar_t; _Traits = std::char_traits<wchar_t>; _Alloc = std::allocator<wchar_t>]’
  431 |       basic_string()
      |       ^~~~~~~~~~~~
/usr/include/c++/9/bits/basic_string.h:431:7: note:   candidate expects 0 arguments, 2 provided
/usr/include/c++/9/bits/basic_string.h:145:7: note: candidate: ‘std::__cxx11::basic_string<_CharT, _Traits, _Alloc>::basic_string(std::__cxx11::basic_string<_CharT, _Traits, _Alloc>::__sv_wrapper, const _Alloc&) [with _CharT = wchar_t; _Traits = std::char_traits<wchar_t>; _Alloc = std::allocator<wchar_t>]’
  145 |       basic_string(__sv_wrapper __svw, const _Alloc& __a)
      |       ^~~~~~~~~~~~
/usr/include/c++/9/bits/basic_string.h:145:33: note:   no known conversion for argument 1 from ‘const wchar_t*’ to ‘std::__cxx11::basic_string<wchar_t>::__sv_wrapper’
  145 |       basic_string(__sv_wrapper __svw, const _Alloc& __a)
      |                    ~~~~~~~~~~~~~^~~~~
In file included from /usr/include/c++/9/string:55,
                 from /media/paul/kalashkov/university/forthTerm/oop/repo/lab01/include/global.hpp:3,
                 from /media/paul/kalashkov/university/forthTerm/oop/repo/lab01/src/error.cpp:2:
/usr/include/c++/9/bits/basic_string.h: In function ‘std::__cxx11::basic_string<char16_t> std::literals::string_literals::operator""s(const char16_t*, size_t)’:
/usr/include/c++/9/bits/basic_string.h:6839:49: error: no matching function for call to ‘std::__cxx11::basic_string<char16_t>::basic_string(<brace-enclosed initializer list>)’
 6839 |     { return basic_string<char16_t>{__str, __len}; }
      |                                                 ^
In file included from /usr/include/c++/9/string:55,
                 from /media/paul/kalashkov/university/forthTerm/oop/repo/lab01/include/global.hpp:3,
                 from /media/paul/kalashkov/university/forthTerm/oop/repo/lab01/src/error.cpp:2:
/usr/include/c++/9/bits/basic_string.h:650:2: note: candidate: ‘template<class _Tp, class> std::__cxx11::basic_string<_CharT, _Traits, _Alloc>::basic_string(const _Tp&, const _Alloc&)’
  650 |  basic_string(const _Tp& __t, const _Alloc& __a = _Alloc())
      |  ^~~~~~~~~~~~
/usr/include/c++/9/bits/basic_string.h:650:2: note:   template argument deduction/substitution failed:
/usr/include/c++/9/bits/basic_string.h:625:9: note: candidate: ‘template<class _InputIterator, class> std::__cxx11::basic_string<_CharT, _Traits, _Alloc>::basic_string(_InputIterator, _InputIterator, const _Alloc&)’
  625 |         basic_string(_InputIterator __beg, _InputIterator __end,
      |         ^~~~~~~~~~~~
/usr/include/c++/9/bits/basic_string.h:625:9: note:   template argument deduction/substitution failed:
In file included from /usr/include/c++/9/string:55,
                 from /media/paul/kalashkov/university/forthTerm/oop/repo/lab01/include/global.hpp:3,
                 from /media/paul/kalashkov/university/forthTerm/oop/repo/lab01/src/error.cpp:2:
/usr/include/c++/9/bits/basic_string.h:6839:49: note:   deduced conflicting types for parameter ‘_InputIterator’ (‘const char16_t*’ and ‘long unsigned int’)
 6839 |     { return basic_string<char16_t>{__str, __len}; }
      |                                                 ^
In file included from /usr/include/c++/9/string:55,
                 from /media/paul/kalashkov/university/forthTerm/oop/repo/lab01/include/global.hpp:3,
                 from /media/paul/kalashkov/university/forthTerm/oop/repo/lab01/src/error.cpp:2:
/usr/include/c++/9/bits/basic_string.h:587:7: note: candidate: ‘std::__cxx11::basic_string<_CharT, _Traits, _Alloc>::basic_string(std::__cxx11::basic_string<_CharT, _Traits, _Alloc>&&, const _Alloc&) [with _CharT = char16_t; _Traits = std::char_traits<char16_t>; _Alloc = std::allocator<char16_t>]’
  587 |       basic_string(basic_string&& __str, const _Alloc& __a)
      |       ^~~~~~~~~~~~
/usr/include/c++/9/bits/basic_string.h:587:56: note:   no known conversion for argument 2 from ‘size_t’ {aka ‘long unsigned int’} to ‘const std::allocator<char16_t>&’
  587 |       basic_string(basic_string&& __str, const _Alloc& __a)
      |                                          ~~~~~~~~~~~~~~^~~
/usr/include/c++/9/bits/basic_string.h:583:7: note: candidate: ‘std::__cxx11::basic_string<_CharT, _Traits, _Alloc>::basic_string(const std::__cxx11::basic_string<_CharT, _Traits, _Alloc>&, const _Alloc&) [with _CharT = char16_t; _Traits = std::char_traits<char16_t>; _Alloc = std::allocator<char16_t>]’
  583 |       basic_string(const basic_string& __str, const _Alloc& __a)
      |       ^~~~~~~~~~~~
/usr/include/c++/9/bits/basic_string.h:583:61: note:   no known conversion for argument 2 from ‘size_t’ {aka ‘long unsigned int’} to ‘const std::allocator<char16_t>&’
  583 |       basic_string(const basic_string& __str, const _Alloc& __a)
      |                                               ~~~~~~~~~~~~~~^~~
/usr/include/c++/9/bits/basic_string.h:579:7: note: candidate: ‘std::__cxx11::basic_string<_CharT, _Traits, _Alloc>::basic_string(std::initializer_list<_Tp>, const _Alloc&) [with _CharT = char16_t; _Traits = std::char_traits<char16_t>; _Alloc = std::allocator<char16_t>]’
  579 |       basic_string(initializer_list<_CharT> __l, const _Alloc& __a = _Alloc())
      |       ^~~~~~~~~~~~
/usr/include/c++/9/bits/basic_string.h:579:45: note:   no known conversion for argument 1 from ‘const char16_t*’ to ‘std::initializer_list<char16_t>’
  579 |       basic_string(initializer_list<_CharT> __l, const _Alloc& __a = _Alloc())
      |                    ~~~~~~~~~~~~~~~~~~~~~~~~~^~~
/usr/include/c++/9/bits/basic_string.h:552:7: note: candidate: ‘std::__cxx11::basic_string<_CharT, _Traits, _Alloc>::basic_string(std::__cxx11::basic_string<_CharT, _Traits, _Alloc>&&) [with _CharT = char16_t; _Traits = std::char_traits<char16_t>; _Alloc = std::allocator<char16_t>]’
  552 |       basic_string(basic_string&& __str) noexcept
      |       ^~~~~~~~~~~~
/usr/include/c++/9/bits/basic_string.h:552:7: note:   candidate expects 1 argument, 2 provided
/usr/include/c++/9/bits/basic_string.h:525:7: note: candidate: ‘template<class> std::__cxx11::basic_string<_CharT, _Traits, _Alloc>::basic_string(const _CharT*, const _Alloc&)’
  525 |       basic_string(const _CharT* __s, const _Alloc& __a = _Alloc())
      |       ^~~~~~~~~~~~
/usr/include/c++/9/bits/basic_string.h:525:7: note:   template argument deduction/substitution failed:
In file included from /usr/include/c++/9/string:55,
                 from /media/paul/kalashkov/university/forthTerm/oop/repo/lab01/include/global.hpp:3,
                 from /media/paul/kalashkov/university/forthTerm/oop/repo/lab01/src/error.cpp:2:
/usr/include/c++/9/bits/basic_string.h:6839:44: note:   cannot convert ‘__len’ (type ‘size_t’ {aka ‘long unsigned int’}) to type ‘const std::allocator<char16_t>&’
 6839 |     { return basic_string<char16_t>{__str, __len}; }
      |                                            ^~~~~
In file included from /usr/include/c++/9/string:55,
                 from /media/paul/kalashkov/university/forthTerm/oop/repo/lab01/include/global.hpp:3,
                 from /media/paul/kalashkov/university/forthTerm/oop/repo/lab01/src/error.cpp:2:
/usr/include/c++/9/bits/basic_string.h:448:7: note: candidate: ‘std::__cxx11::basic_string<_CharT, _Traits, _Alloc>::basic_string(const std::__cxx11::basic_string<_CharT, _Traits, _Alloc>&) [with _CharT = char16_t; _Traits = std::char_traits<char16_t>; _Alloc = std::allocator<char16_t>]’
  448 |       basic_string(const basic_string& __str)
      |       ^~~~~~~~~~~~
/usr/include/c++/9/bits/basic_string.h:448:7: note:   candidate expects 1 argument, 2 provided
/usr/include/c++/9/bits/basic_string.h:440:7: note: candidate: ‘std::__cxx11::basic_string<_CharT, _Traits, _Alloc>::basic_string(const _Alloc&) [with _CharT = char16_t; _Traits = std::char_traits<char16_t>; _Alloc = std::allocator<char16_t>]’
  440 |       basic_string(const _Alloc& __a) _GLIBCXX_NOEXCEPT
      |       ^~~~~~~~~~~~
/usr/include/c++/9/bits/basic_string.h:440:7: note:   candidate expects 1 argument, 2 provided
/usr/include/c++/9/bits/basic_string.h:431:7: note: candidate: ‘std::__cxx11::basic_string<_CharT, _Traits, _Alloc>::basic_string() [with _CharT = char16_t; _Traits = std::char_traits<char16_t>; _Alloc = std::allocator<char16_t>]’
  431 |       basic_string()
      |       ^~~~~~~~~~~~
/usr/include/c++/9/bits/basic_string.h:431:7: note:   candidate expects 0 arguments, 2 provided
/usr/include/c++/9/bits/basic_string.h:145:7: note: candidate: ‘std::__cxx11::basic_string<_CharT, _Traits, _Alloc>::basic_string(std::__cxx11::basic_string<_CharT, _Traits, _Alloc>::__sv_wrapper, const _Alloc&) [with _CharT = char16_t; _Traits = std::char_traits<char16_t>; _Alloc = std::allocator<char16_t>]’
  145 |       basic_string(__sv_wrapper __svw, const _Alloc& __a)
      |       ^~~~~~~~~~~~
/usr/include/c++/9/bits/basic_string.h:145:33: note:   no known conversion for argument 1 from ‘const char16_t*’ to ‘std::__cxx11::basic_string<char16_t>::__sv_wrapper’
  145 |       basic_string(__sv_wrapper __svw, const _Alloc& __a)
      |                    ~~~~~~~~~~~~~^~~~~
In file included from /usr/include/c++/9/string:55,
                 from /media/paul/kalashkov/university/forthTerm/oop/repo/lab01/include/global.hpp:3,
                 from /media/paul/kalashkov/university/forthTerm/oop/repo/lab01/src/error.cpp:2:
/usr/include/c++/9/bits/basic_string.h: In function ‘std::__cxx11::basic_string<char32_t> std::literals::string_literals::operator""s(const char32_t*, size_t)’:
/usr/include/c++/9/bits/basic_string.h:6844:49: error: no matching function for call to ‘std::__cxx11::basic_string<char32_t>::basic_string(<brace-enclosed initializer list>)’
 6844 |     { return basic_string<char32_t>{__str, __len}; }
      |                                                 ^
In file included from /usr/include/c++/9/string:55,
                 from /media/paul/kalashkov/university/forthTerm/oop/repo/lab01/include/global.hpp:3,
                 from /media/paul/kalashkov/university/forthTerm/oop/repo/lab01/src/error.cpp:2:
/usr/include/c++/9/bits/basic_string.h:650:2: note: candidate: ‘template<class _Tp, class> std::__cxx11::basic_string<_CharT, _Traits, _Alloc>::basic_string(const _Tp&, const _Alloc&)’
  650 |  basic_string(const _Tp& __t, const _Alloc& __a = _Alloc())
      |  ^~~~~~~~~~~~
/usr/include/c++/9/bits/basic_string.h:650:2: note:   template argument deduction/substitution failed:
/usr/include/c++/9/bits/basic_string.h:625:9: note: candidate: ‘template<class _InputIterator, class> std::__cxx11::basic_string<_CharT, _Traits, _Alloc>::basic_string(_InputIterator, _InputIterator, const _Alloc&)’
  625 |         basic_string(_InputIterator __beg, _InputIterator __end,
      |         ^~~~~~~~~~~~
/usr/include/c++/9/bits/basic_string.h:625:9: note:   template argument deduction/substitution failed:
In file included from /usr/include/c++/9/string:55,
                 from /media/paul/kalashkov/university/forthTerm/oop/repo/lab01/include/global.hpp:3,
                 from /media/paul/kalashkov/university/forthTerm/oop/repo/lab01/src/error.cpp:2:
/usr/include/c++/9/bits/basic_string.h:6844:49: note:   deduced conflicting types for parameter ‘_InputIterator’ (‘const char32_t*’ and ‘long unsigned int’)
 6844 |     { return basic_string<char32_t>{__str, __len}; }
      |                                                 ^
In file included from /usr/include/c++/9/string:55,
                 from /media/paul/kalashkov/university/forthTerm/oop/repo/lab01/include/global.hpp:3,
                 from /media/paul/kalashkov/university/forthTerm/oop/repo/lab01/src/error.cpp:2:
/usr/include/c++/9/bits/basic_string.h:587:7: note: candidate: ‘std::__cxx11::basic_string<_CharT, _Traits, _Alloc>::basic_string(std::__cxx11::basic_string<_CharT, _Traits, _Alloc>&&, const _Alloc&) [with _CharT = char32_t; _Traits = std::char_traits<char32_t>; _Alloc = std::allocator<char32_t>]’
  587 |       basic_string(basic_string&& __str, const _Alloc& __a)
      |       ^~~~~~~~~~~~
/usr/include/c++/9/bits/basic_string.h:587:56: note:   no known conversion for argument 2 from ‘size_t’ {aka ‘long unsigned int’} to ‘const std::allocator<char32_t>&’
  587 |       basic_string(basic_string&& __str, const _Alloc& __a)
      |                                          ~~~~~~~~~~~~~~^~~
/usr/include/c++/9/bits/basic_string.h:583:7: note: candidate: ‘std::__cxx11::basic_string<_CharT, _Traits, _Alloc>::basic_string(const std::__cxx11::basic_string<_CharT, _Traits, _Alloc>&, const _Alloc&) [with _CharT = char32_t; _Traits = std::char_traits<char32_t>; _Alloc = std::allocator<char32_t>]’
  583 |       basic_string(const basic_string& __str, const _Alloc& __a)
      |       ^~~~~~~~~~~~
/usr/include/c++/9/bits/basic_string.h:583:61: note:   no known conversion for argument 2 from ‘size_t’ {aka ‘long unsigned int’} to ‘const std::allocator<char32_t>&’
  583 |       basic_string(const basic_string& __str, const _Alloc& __a)
      |                                               ~~~~~~~~~~~~~~^~~
/usr/include/c++/9/bits/basic_string.h:579:7: note: candidate: ‘std::__cxx11::basic_string<_CharT, _Traits, _Alloc>::basic_string(std::initializer_list<_Tp>, const _Alloc&) [with _CharT = char32_t; _Traits = std::char_traits<char32_t>; _Alloc = std::allocator<char32_t>]’
  579 |       basic_string(initializer_list<_CharT> __l, const _Alloc& __a = _Alloc())
      |       ^~~~~~~~~~~~
/usr/include/c++/9/bits/basic_string.h:579:45: note:   no known conversion for argument 1 from ‘const char32_t*’ to ‘std::initializer_list<char32_t>’
  579 |       basic_string(initializer_list<_CharT> __l, const _Alloc& __a = _Alloc())
      |                    ~~~~~~~~~~~~~~~~~~~~~~~~~^~~
/usr/include/c++/9/bits/basic_string.h:552:7: note: candidate: ‘std::__cxx11::basic_string<_CharT, _Traits, _Alloc>::basic_string(std::__cxx11::basic_string<_CharT, _Traits, _Alloc>&&) [with _CharT = char32_t; _Traits = std::char_traits<char32_t>; _Alloc = std::allocator<char32_t>]’
  552 |       basic_string(basic_string&& __str) noexcept
      |       ^~~~~~~~~~~~
/usr/include/c++/9/bits/basic_string.h:552:7: note:   candidate expects 1 argument, 2 provided
/usr/include/c++/9/bits/basic_string.h:525:7: note: candidate: ‘template<class> std::__cxx11::basic_string<_CharT, _Traits, _Alloc>::basic_string(const _CharT*, const _Alloc&)’
  525 |       basic_string(const _CharT* __s, const _Alloc& __a = _Alloc())
      |       ^~~~~~~~~~~~
/usr/include/c++/9/bits/basic_string.h:525:7: note:   template argument deduction/substitution failed:
In file included from /usr/include/c++/9/string:55,
                 from /media/paul/kalashkov/university/forthTerm/oop/repo/lab01/include/global.hpp:3,
                 from /media/paul/kalashkov/university/forthTerm/oop/repo/lab01/src/error.cpp:2:
/usr/include/c++/9/bits/basic_string.h:6844:44: note:   cannot convert ‘__len’ (type ‘size_t’ {aka ‘long unsigned int’}) to type ‘const std::allocator<char32_t>&’
 6844 |     { return basic_string<char32_t>{__str, __len}; }
      |                                            ^~~~~
In file included from /usr/include/c++/9/string:55,
                 from /media/paul/kalashkov/university/forthTerm/oop/repo/lab01/include/global.hpp:3,
                 from /media/paul/kalashkov/university/forthTerm/oop/repo/lab01/src/error.cpp:2:
/usr/include/c++/9/bits/basic_string.h:448:7: note: candidate: ‘std::__cxx11::basic_string<_CharT, _Traits, _Alloc>::basic_string(const std::__cxx11::basic_string<_CharT, _Traits, _Alloc>&) [with _CharT = char32_t; _Traits = std::char_traits<char32_t>; _Alloc = std::allocator<char32_t>]’
  448 |       basic_string(const basic_string& __str)
      |       ^~~~~~~~~~~~
/usr/include/c++/9/bits/basic_string.h:448:7: note:   candidate expects 1 argument, 2 provided
/usr/include/c++/9/bits/basic_string.h:440:7: note: candidate: ‘std::__cxx11::basic_string<_CharT, _Traits, _Alloc>::basic_string(const _Alloc&) [with _CharT = char32_t; _Traits = std::char_traits<char32_t>; _Alloc = std::allocator<char32_t>]’
  440 |       basic_string(const _Alloc& __a) _GLIBCXX_NOEXCEPT
      |       ^~~~~~~~~~~~
/usr/include/c++/9/bits/basic_string.h:440:7: note:   candidate expects 1 argument, 2 provided
/usr/include/c++/9/bits/basic_string.h:431:7: note: candidate: ‘std::__cxx11::basic_string<_CharT, _Traits, _Alloc>::basic_string() [with _CharT = char32_t; _Traits = std::char_traits<char32_t>; _Alloc = std::allocator<char32_t>]’
  431 |       basic_string()
      |       ^~~~~~~~~~~~
/usr/include/c++/9/bits/basic_string.h:431:7: note:   candidate expects 0 arguments, 2 provided
/usr/include/c++/9/bits/basic_string.h:145:7: note: candidate: ‘std::__cxx11::basic_string<_CharT, _Traits, _Alloc>::basic_string(std::__cxx11::basic_string<_CharT, _Traits, _Alloc>::__sv_wrapper, const _Alloc&) [with _CharT = char32_t; _Traits = std::char_traits<char32_t>; _Alloc = std::allocator<char32_t>]’
  145 |       basic_string(__sv_wrapper __svw, const _Alloc& __a)
      |       ^~~~~~~~~~~~
/usr/include/c++/9/bits/basic_string.h:145:33: note:   no known conversion for argument 1 from ‘const char32_t*’ to ‘std::__cxx11::basic_string<char32_t>::__sv_wrapper’
  145 |       basic_string(__sv_wrapper __svw, const _Alloc& __a)
      |                    ~~~~~~~~~~~~~^~~~~
In file included from /usr/include/c++/9/string:56,
                 from /media/paul/kalashkov/university/forthTerm/oop/repo/lab01/include/global.hpp:3,
                 from /media/paul/kalashkov/university/forthTerm/oop/repo/lab01/src/error.cpp:2:
/usr/include/c++/9/bits/basic_string.tcc: In function ‘std::basic_istream<_CharT, _Traits>& std::operator>>(std::basic_istream<_CharT, _Traits>&, std::__cxx11::basic_string<_CharT, _Traits, _Allocator>&)’:
/usr/include/c++/9/bits/basic_string.tcc:1488:14: error: ‘streamsize’ does not name a type
 1488 |        const streamsize __w = __in.width();
      |              ^~~~~~~~~~
/usr/include/c++/9/bits/basic_string.tcc:1489:32: error: ‘__w’ was not declared in this scope; did you mean ‘__n’?
 1489 |        const __size_type __n = __w > 0 ? static_cast<__size_type>(__w)
      |                                ^~~
      |                                __n
In file included from /usr/include/c++/9/ios:42,
                 from /usr/include/c++/9/ostream:38,
                 from /usr/include/c++/9/iostream:39,
                 from /media/paul/kalashkov/university/forthTerm/oop/repo/lab01/src/error.cpp:4:
/usr/include/c++/9/bits/ios_base.h: At global scope:
/usr/include/c++/9/bits/ios_base.h:522:5: error: ‘streamsize’ does not name a type
  522 |     streamsize  _M_precision;
      |     ^~~~~~~~~~
/usr/include/c++/9/bits/ios_base.h:523:5: error: ‘streamsize’ does not name a type
  523 |     streamsize  _M_width;
      |     ^~~~~~~~~~
/usr/include/c++/9/bits/ios_base.h:695:5: error: ‘streamsize’ does not name a type
  695 |     streamsize
      |     ^~~~~~~~~~
/usr/include/c++/9/bits/ios_base.h:704:5: error: ‘streamsize’ does not name a type
  704 |     streamsize
      |     ^~~~~~~~~~
/usr/include/c++/9/bits/ios_base.h:718:5: error: ‘streamsize’ does not name a type
  718 |     streamsize
      |     ^~~~~~~~~~
/usr/include/c++/9/bits/ios_base.h:727:5: error: ‘streamsize’ does not name a type
  727 |     streamsize
      |     ^~~~~~~~~~
In file included from /usr/include/c++/9/ios:43,
                 from /usr/include/c++/9/ostream:38,
                 from /usr/include/c++/9/iostream:39,
                 from /media/paul/kalashkov/university/forthTerm/oop/repo/lab01/src/error.cpp:4:
/usr/include/c++/9/streambuf:52:5: error: ‘streamsize’ does not name a type
   52 |     streamsize
      |     ^~~~~~~~~~
/usr/include/c++/9/streambuf:149:14: error: ‘streamsize’ does not name a type
  149 |       friend streamsize
      |              ^~~~~~~~~~
/usr/include/c++/9/streambuf:246:33: error: ‘streamsize’ has not been declared
  246 |       pubsetbuf(char_type* __s, streamsize __n)
      |                                 ^~~~~~~~~~
/usr/include/c++/9/streambuf:290:7: error: ‘streamsize’ does not name a type
  290 |       streamsize
      |       ^~~~~~~~~~
/usr/include/c++/9/streambuf:363:7: error: ‘streamsize’ does not name a type
  363 |       streamsize
      |       ^~~~~~~~~~
/usr/include/c++/9/streambuf:456:7: error: ‘streamsize’ does not name a type
  456 |       streamsize
      |       ^~~~~~~~~~
/usr/include/c++/9/streambuf:598:26: error: ‘streamsize’ has not been declared
  598 |       setbuf(char_type*, streamsize)
      |                          ^~~~~~~~~~
/usr/include/c++/9/streambuf:655:15: error: ‘streamsize’ does not name a type
  655 |       virtual streamsize
      |               ^~~~~~~~~~
/usr/include/c++/9/streambuf:671:15: error: ‘streamsize’ does not name a type
  671 |       virtual streamsize
      |               ^~~~~~~~~~
/usr/include/c++/9/streambuf:748:15: error: ‘streamsize’ does not name a type
  748 |       virtual streamsize
      |               ^~~~~~~~~~
/usr/include/c++/9/streambuf:804:20: error: ‘streamsize’ has not been declared
  804 |       __safe_gbump(streamsize __n) { _M_in_cur += __n; }
      |                    ^~~~~~~~~~
/usr/include/c++/9/streambuf:807:20: error: ‘streamsize’ has not been declared
  807 |       __safe_pbump(streamsize __n) { _M_out_cur += __n; }
      |                    ^~~~~~~~~~
/usr/include/c++/9/streambuf:847:5: error: ‘streamsize’ does not name a type
  847 |     streamsize
      |     ^~~~~~~~~~
/usr/include/c++/9/streambuf:852:5: error: ‘streamsize’ does not name a type
  852 |     streamsize
      |     ^~~~~~~~~~
In file included from /usr/include/c++/9/streambuf:862,
                 from /usr/include/c++/9/ios:43,
                 from /usr/include/c++/9/ostream:38,
                 from /usr/include/c++/9/iostream:39,
                 from /media/paul/kalashkov/university/forthTerm/oop/repo/lab01/src/error.cpp:4:
/usr/include/c++/9/bits/streambuf.tcc:44:5: error: ‘streamsize’ does not name a type
   44 |     streamsize
      |     ^~~~~~~~~~
/usr/include/c++/9/bits/streambuf.tcc:78:5: error: ‘streamsize’ does not name a type
   78 |     streamsize
      |     ^~~~~~~~~~
/usr/include/c++/9/bits/streambuf.tcc:115:5: error: ‘streamsize’ does not name a type
  115 |     streamsize
      |     ^~~~~~~~~~
/usr/include/c++/9/bits/streambuf.tcc:138:12: error: ‘streamsize’ does not name a type
  138 |     inline streamsize
      |            ^~~~~~~~~~
/usr/include/c++/9/bits/streambuf.tcc:151:5: error: ‘streamsize’ is not a template function
  151 |     streamsize
      |     ^~~~~~~~~~
/usr/include/c++/9/bits/streambuf.tcc:151:15: error: expected ‘;’ before ‘__copy_streambufs’
  151 |     streamsize
      |               ^
      |               ;
  152 |     __copy_streambufs(basic_streambuf<char>*,
      |     ~~~~~~~~~~~~~~~~~
/usr/include/c++/9/bits/streambuf.tcc:155:5: error: ‘streamsize’ is not a template function
  155 |     streamsize
      |     ^~~~~~~~~~
/usr/include/c++/9/bits/streambuf.tcc:155:15: error: expected ‘;’ before ‘__copy_streambufs_eof’
  155 |     streamsize
      |               ^
      |               ;
  156 |     __copy_streambufs_eof(basic_streambuf<char>*,
      |     ~~~~~~~~~~~~~~~~~~~~~
/usr/include/c++/9/bits/streambuf.tcc:162:5: error: ‘streamsize’ is not a template function
  162 |     streamsize
      |     ^~~~~~~~~~
/usr/include/c++/9/bits/streambuf.tcc:162:15: error: expected ‘;’ before ‘__copy_streambufs’
  162 |     streamsize
      |               ^
      |               ;
  163 |     __copy_streambufs(basic_streambuf<wchar_t>*,
      |     ~~~~~~~~~~~~~~~~~
/usr/include/c++/9/bits/streambuf.tcc:166:5: error: ‘streamsize’ is not a template function
  166 |     streamsize
      |     ^~~~~~~~~~
/usr/include/c++/9/bits/streambuf.tcc:166:15: error: expected ‘;’ before ‘__copy_streambufs_eof’
  166 |     streamsize
      |               ^
      |               ;
  167 |     __copy_streambufs_eof(basic_streambuf<wchar_t>*,
      |     ~~~~~~~~~~~~~~~~~~~~~
In file included from /usr/include/c++/9/bits/locale_facets.h:48,
                 from /usr/include/c++/9/bits/basic_ios.h:37,
                 from /usr/include/c++/9/ios:44,
                 from /usr/include/c++/9/ostream:38,
                 from /usr/include/c++/9/iostream:39,
                 from /media/paul/kalashkov/university/forthTerm/oop/repo/lab01/src/error.cpp:4:
/usr/include/c++/9/bits/streambuf_iterator.h:283:34: error: ‘streamsize’ has not been declared
  283 |       _M_put(const _CharT* __ws, streamsize __len)
      |                                  ^~~~~~~~~~
/usr/include/c++/9/bits/streambuf_iterator.h: In function ‘typename __gnu_cxx::__enable_if<std::__is_char<_CharT>::__value, std::ostreambuf_iterator<_CharT, std::char_traits<_CharT> > >::__type std::__copy_move_a2(_CharT*, _CharT*, std::ostreambuf_iterator<_CharT, std::char_traits<_CharT> >)’:
/usr/include/c++/9/bits/streambuf_iterator.h:317:13: error: ‘streamsize’ does not name a type
  317 |       const streamsize __num = __last - __first;
      |             ^~~~~~~~~~
/usr/include/c++/9/bits/streambuf_iterator.h:318:11: error: ‘__num’ was not declared in this scope
  318 |       if (__num > 0)
      |           ^~~~~
/usr/include/c++/9/bits/streambuf_iterator.h: In function ‘typename __gnu_cxx::__enable_if<std::__is_char<_CharT>::__value, std::ostreambuf_iterator<_CharT, std::char_traits<_CharT> > >::__type std::__copy_move_a2(const _CharT*, const _CharT*, std::ostreambuf_iterator<_CharT, std::char_traits<_CharT> >)’:
/usr/include/c++/9/bits/streambuf_iterator.h:329:13: error: ‘streamsize’ does not name a type
  329 |       const streamsize __num = __last - __first;
      |             ^~~~~~~~~~
/usr/include/c++/9/bits/streambuf_iterator.h:330:11: error: ‘__num’ was not declared in this scope
  330 |       if (__num > 0)
      |           ^~~~~
/usr/include/c++/9/bits/streambuf_iterator.h: In function ‘typename __gnu_cxx::__enable_if<std::__is_char<_CharT>::__value, _CharT*>::__type std::__copy_move_a2(std::istreambuf_iterator<_CharT, std::char_traits<_CharT> >, std::istreambuf_iterator<_CharT, std::char_traits<_CharT> >, _CharT*)’:
/usr/include/c++/9/bits/streambuf_iterator.h:352:14: error: ‘streamsize’ does not name a type
  352 |        const streamsize __n = __sb->egptr() - __sb->gptr();
      |              ^~~~~~~~~~
/usr/include/c++/9/bits/streambuf_iterator.h:353:12: error: ‘__n’ was not declared in this scope; did you mean ‘__c’?
  353 |        if (__n > 1)
      |            ^~~
      |            __c
/usr/include/c++/9/bits/streambuf_iterator.h: In function ‘typename __gnu_cxx::__enable_if<std::__is_char<_CharT2>::__value, std::istreambuf_iterator<_CharT> >::__type std::find(std::istreambuf_iterator<_CharT>, std::istreambuf_iterator<_CharT>, const _CharT2&)’:
/usr/include/c++/9/bits/streambuf_iterator.h:390:8: error: ‘streamsize’ was not declared in this scope
  390 |        streamsize __n = __sb->egptr() - __sb->gptr();
      |        ^~~~~~~~~~
/usr/include/c++/9/bits/streambuf_iterator.h:391:12: error: ‘__n’ was not declared in this scope; did you mean ‘__c’?
  391 |        if (__n > 1)
      |            ^~~
      |            __c
/usr/include/c++/9/bits/streambuf_iterator.h: In function ‘typename __gnu_cxx::__enable_if<std::__is_char<_CharT2>::__value, void>::__type std::advance(std::istreambuf_iterator<_CharT>&, _Distance)’:
/usr/include/c++/9/bits/streambuf_iterator.h:432:4: error: ‘streamsize’ was not declared in this scope
  432 |    streamsize __size = __sb->egptr() - __sb->gptr();
      |    ^~~~~~~~~~
/usr/include/c++/9/bits/streambuf_iterator.h:433:8: error: ‘__size’ was not declared in this scope; did you mean ‘size’?
  433 |    if (__size > __n)
      |        ^~~~~~
      |        size
/usr/include/c++/9/bits/streambuf_iterator.h:439:23: error: ‘__size’ was not declared in this scope; did you mean ‘size’?
  439 |    __sb->__safe_gbump(__size);
      |                       ^~~~~~
      |                       size
In file included from /usr/include/c++/9/bits/basic_ios.h:37,
                 from /usr/include/c++/9/ios:44,
                 from /usr/include/c++/9/ostream:38,
                 from /usr/include/c++/9/iostream:39,
                 from /media/paul/kalashkov/university/forthTerm/oop/repo/lab01/src/error.cpp:4:
/usr/include/c++/9/bits/locale_facets.h: At global scope:
/usr/include/c++/9/bits/locale_facets.h:99:29: error: ‘streamsize’ has not been declared
   99 |       const _CharT* __olds, streamsize __newlen, streamsize __oldlen);
      |                             ^~~~~~~~~~
/usr/include/c++/9/bits/locale_facets.h:99:50: error: ‘streamsize’ has not been declared
   99 |       const _CharT* __olds, streamsize __newlen, streamsize __oldlen);
      |                                                  ^~~~~~~~~~
In file included from /usr/include/c++/9/bits/basic_ios.h:37,
                 from /usr/include/c++/9/ios:44,
                 from /usr/include/c++/9/ostream:38,
                 from /usr/include/c++/9/iostream:39,
                 from /media/paul/kalashkov/university/forthTerm/oop/repo/lab01/src/error.cpp:4:
/usr/include/c++/9/bits/locale_facets.h:2488:32: error: ‘streamsize’ has not been declared
 2488 |       _M_pad(char_type __fill, streamsize __w, ios_base& __io,
      |                                ^~~~~~~~~~
In file included from /usr/include/c++/9/bits/locale_facets.h:2655,
                 from /usr/include/c++/9/bits/basic_ios.h:37,
                 from /usr/include/c++/9/ios:44,
                 from /usr/include/c++/9/ostream:38,
                 from /usr/include/c++/9/iostream:39,
                 from /media/paul/kalashkov/university/forthTerm/oop/repo/lab01/src/error.cpp:4:
/usr/include/c++/9/bits/locale_facets.tcc: In member function ‘void std::__numpunct_cache<_CharT>::_M_cache(const std::locale&)’:
/usr/include/c++/9/bits/locale_facets.tcc:88:27: error: ‘const string’ {aka ‘const class std::__cxx11::basic_string<char>’} has no member named ‘size’
   88 |    _M_grouping_size = __g.size();
      |                           ^~~~
/usr/include/c++/9/bits/locale_facets.tcc:90:8: error: ‘const string’ {aka ‘const class std::__cxx11::basic_string<char>’} has no member named ‘copy’
   90 |    __g.copy(__grouping, _M_grouping_size);
      |        ^~~~
/usr/include/c++/9/bits/locale_facets.tcc: In member function ‘_InIter std::num_get<_CharT, _InIter>::_M_extract_float(_InIter, _InIter, std::ios_base&, std::ios_base::iostate&, std::string&) const’:
/usr/include/c++/9/bits/locale_facets.tcc:211:19: error: ‘std::string’ {aka ‘class std::__cxx11::basic_string<char>’} has no member named ‘reserve’
  211 |  __found_grouping.reserve(32);
      |                   ^~~~~~~
/usr/include/c++/9/bits/locale_facets.tcc:296:28: error: ‘std::string’ {aka ‘class std::__cxx11::basic_string<char>’} has no member named ‘size’
  296 |       if (__found_grouping.size())
      |                            ^~~~
/usr/include/c++/9/bits/locale_facets.tcc:319:28: error: ‘std::string’ {aka ‘class std::__cxx11::basic_string<char>’} has no member named ‘size’
  319 |       if (__found_grouping.size() && !__found_dec)
      |                            ^~~~
/usr/include/c++/9/bits/locale_facets.tcc:355:28: error: ‘std::string’ {aka ‘class std::__cxx11::basic_string<char>’} has no member named ‘size’
  355 |       if (__found_grouping.size())
      |                            ^~~~
/usr/include/c++/9/bits/locale_facets.tcc: In member function ‘_InIter std::num_get<_CharT, _InIter>::_M_extract_int(_InIter, _InIter, std::ios_base&, std::ios_base::iostate&, _ValueT&) const’:
/usr/include/c++/9/bits/locale_facets.tcc:469:21: error: ‘std::string’ {aka ‘class std::__cxx11::basic_string<char>’} has no member named ‘reserve’
  469 |    __found_grouping.reserve(32);
      |                     ^~~~~~~
/usr/include/c++/9/bits/locale_facets.tcc:555:23: error: ‘std::string’ {aka ‘class std::__cxx11::basic_string<char>’} has no member named ‘size’
  555 |  if (__found_grouping.size())
      |                       ^~~~
/usr/include/c++/9/bits/locale_facets.tcc:568:56: error: ‘std::string’ {aka ‘class std::__cxx11::basic_string<char>’} has no member named ‘size’
  568 |  if ((!__sep_pos && !__found_zero && !__found_grouping.size())
      |                                                        ^~~~
/usr/include/c++/9/bits/locale_facets.tcc: In member function ‘virtual _InIter std::num_get<_CharT, _InIter>::do_get(std::num_get<_CharT, _InIter>::iter_type, std::num_get<_CharT, _InIter>::iter_type, std::ios_base&, std::ios_base::iostate&, float&) const’:
/usr/include/c++/9/bits/locale_facets.tcc:695:14: error: ‘std::string’ {aka ‘class std::__cxx11::basic_string<char>’} has no member named ‘reserve’
  695 |       __xtrc.reserve(32);
      |              ^~~~~~~
/usr/include/c++/9/bits/locale_facets.tcc: In member function ‘virtual _InIter std::num_get<_CharT, _InIter>::do_get(std::num_get<_CharT, _InIter>::iter_type, std::num_get<_CharT, _InIter>::iter_type, std::ios_base&, std::ios_base::iostate&, double&) const’:
/usr/include/c++/9/bits/locale_facets.tcc:710:14: error: ‘std::string’ {aka ‘class std::__cxx11::basic_string<char>’} has no member named ‘reserve’
  710 |       __xtrc.reserve(32);
      |              ^~~~~~~
/usr/include/c++/9/bits/locale_facets.tcc: In member function ‘virtual _InIter std::num_get<_CharT, _InIter>::do_get(std::num_get<_CharT, _InIter>::iter_type, std::num_get<_CharT, _InIter>::iter_type, std::ios_base&, std::ios_base::iostate&, long double&) const’:
/usr/include/c++/9/bits/locale_facets.tcc:742:14: error: ‘std::string’ {aka ‘class std::__cxx11::basic_string<char>’} has no member named ‘reserve’
  742 |       __xtrc.reserve(32);
      |              ^~~~~~~
/usr/include/c++/9/bits/locale_facets.tcc: At global scope:
/usr/include/c++/9/bits/locale_facets.tcc:780:27: error: ‘streamsize’ has not been declared
  780 |     _M_pad(_CharT __fill, streamsize __w, ios_base& __io,
      |                           ^~~~~~~~~~
/usr/include/c++/9/bits/locale_facets.tcc: In member function ‘_OutIter std::num_put<_CharT, _OutIter>::_M_insert_int(_OutIter, std::ios_base&, _CharT, _ValueT) const’:
/usr/include/c++/9/bits/locale_facets.tcc:921:8: error: ‘streamsize’ does not name a type
  921 |  const streamsize __w = __io.width();
      |        ^~~~~~~~~~
/usr/include/c++/9/bits/locale_facets.tcc:922:6: error: ‘__w’ was not declared in this scope; did you mean ‘__u’?
  922 |  if (__w > static_cast<streamsize>(__len))
      |      ^~~
      |      __u
/usr/include/c++/9/bits/locale_facets.tcc:922:24: error: ‘streamsize’ does not name a type
  922 |  if (__w > static_cast<streamsize>(__len))
      |                        ^~~~~~~~~~
/usr/include/c++/9/bits/locale_facets.tcc:929:7: error: ‘class std::ios_base’ has no member named ‘width’
  929 |  __io.width(0);
      |       ^~~~~
/usr/include/c++/9/bits/locale_facets.tcc: In member function ‘_OutIter std::num_put<_CharT, _OutIter>::_M_insert_float(_OutIter, std::ios_base&, _CharT, char, _ValueT) const’:
/usr/include/c++/9/bits/locale_facets.tcc:984:8: error: ‘streamsize’ does not name a type
  984 |  const streamsize __prec = __io.precision() < 0 ? 6 : __io.precision();
      |        ^~~~~~~~~~
/usr/include/c++/9/bits/locale_facets.tcc:1006:14: error: ‘__prec’ was not declared in this scope
 1006 |      __fbuf, __prec, __v);
      |              ^~~~~~
/usr/include/c++/9/bits/locale_facets.tcc:1018:18: error: ‘__prec’ was not declared in this scope
 1018 |          __fbuf, __prec, __v);
      |                  ^~~~~~
/usr/include/c++/9/bits/locale_facets.tcc:1071:6: error: ‘streamsize’ was not declared in this scope
 1071 |      streamsize __off = 0;
      |      ^~~~~~~~~~
/usr/include/c++/9/bits/locale_facets.tcc:1074:3: error: ‘__off’ was not declared in this scope
 1074 |   __off = 1;
      |   ^~~~~
/usr/include/c++/9/bits/locale_facets.tcc:1080:45: error: ‘__off’ was not declared in this scope
 1080 |       __lc->_M_thousands_sep, __wp, __ws2 + __off,
      |                                             ^~~~~
/usr/include/c++/9/bits/locale_facets.tcc:1088:8: error: ‘streamsize’ does not name a type
 1088 |  const streamsize __w = __io.width();
      |        ^~~~~~~~~~
/usr/include/c++/9/bits/locale_facets.tcc:1089:6: error: ‘__w’ was not declared in this scope; did you mean ‘__p’?
 1089 |  if (__w > static_cast<streamsize>(__len))
      |      ^~~
      |      __p
/usr/include/c++/9/bits/locale_facets.tcc:1089:24: error: ‘streamsize’ does not name a type
 1089 |  if (__w > static_cast<streamsize>(__len))
      |                        ^~~~~~~~~~
/usr/include/c++/9/bits/locale_facets.tcc:1096:7: error: ‘class std::ios_base’ has no member named ‘width’
 1096 |  __io.width(0);
      |       ^~~~~
/usr/include/c++/9/bits/locale_facets.tcc: In member function ‘virtual _OutIter std::num_put<_CharT, _OutIter>::do_put(std::num_put<_CharT, _OutIter>::iter_type, std::ios_base&, std::num_put<_CharT, _OutIter>::char_type, bool) const’:
/usr/include/c++/9/bits/locale_facets.tcc:1126:10: error: ‘streamsize’ does not name a type
 1126 |    const streamsize __w = __io.width();
      |          ^~~~~~~~~~
/usr/include/c++/9/bits/locale_facets.tcc:1127:8: error: ‘__w’ was not declared in this scope; did you mean ‘__s’?
 1127 |    if (__w > static_cast<streamsize>(__len))
      |        ^~~
      |        __s
/usr/include/c++/9/bits/locale_facets.tcc:1127:26: error: ‘streamsize’ does not name a type
 1127 |    if (__w > static_cast<streamsize>(__len))
      |                          ^~~~~~~~~~
/usr/include/c++/9/bits/locale_facets.tcc:1129:14: error: ‘streamsize’ does not name a type
 1129 |        const streamsize __plen = __w - __len;
      |              ^~~~~~~~~~
/usr/include/c++/9/bits/locale_facets.tcc:1132:10: error: ‘__plen’ was not declared in this scope; did you mean ‘__len’?
 1132 |        * __plen));
      |          ^~~~~~
      |          __len
/usr/include/c++/9/bits/locale_facets.tcc:1135:13: error: ‘class std::ios_base’ has no member named ‘width’
 1135 |        __io.width(0);
      |             ^~~~~
/usr/include/c++/9/bits/locale_facets.tcc:1149:9: error: ‘class std::ios_base’ has no member named ‘width’
 1149 |    __io.width(0);
      |         ^~~~~
/usr/include/c++/9/bits/locale_facets.tcc: At global scope:
/usr/include/c++/9/bits/locale_facets.tcc:1210:8: error: ‘streamsize’ has not been declared
 1210 |        streamsize __newlen, streamsize __oldlen)
      |        ^~~~~~~~~~
/usr/include/c++/9/bits/locale_facets.tcc:1210:29: error: ‘streamsize’ has not been declared
 1210 |        streamsize __newlen, streamsize __oldlen)
      |                             ^~~~~~~~~~
In file included from /usr/include/c++/9/iostream:39,
                 from /media/paul/kalashkov/university/forthTerm/oop/repo/lab01/src/error.cpp:4:
/usr/include/c++/9/ostream:317:38: error: ‘streamsize’ has not been declared
  317 |       _M_write(const char_type* __s, streamsize __n)
      |                                      ^~~~~~~~~~
/usr/include/c++/9/ostream:341:35: error: ‘streamsize’ has not been declared
  341 |       write(const char_type* __s, streamsize __n);
      |                                   ^~~~~~~~~~
/usr/include/c++/9/ostream: In member function ‘void std::basic_ostream<_CharT, _Traits>::_M_write(const char_type*, int)’:
/usr/include/c++/9/ostream:319:8: error: ‘streamsize’ does not name a type
  319 |  const streamsize __put = this->rdbuf()->sputn(__s, __n);
      |        ^~~~~~~~~~
/usr/include/c++/9/ostream:320:6: error: ‘__put’ was not declared in this scope; did you mean ‘put’?
  320 |  if (__put != __n)
      |      ^~~~~
      |      put
/usr/include/c++/9/ostream: In function ‘std::basic_ostream<_CharT, _Traits>& std::operator<<(std::basic_ostream<_CharT, _Traits>&, const _CharT*)’:
/usr/include/c++/9/ostream:554:17: error: ‘streamsize’ does not name a type
  554 |     static_cast<streamsize>(_Traits::length(__s)));
      |                 ^~~~~~~~~~
/usr/include/c++/9/ostream: In function ‘std::basic_ostream<char, _Traits>& std::operator<<(std::basic_ostream<char, _Traits>&, const char*)’:
/usr/include/c++/9/ostream:571:17: error: ‘streamsize’ does not name a type
  571 |     static_cast<streamsize>(_Traits::length(__s)));
      |                 ^~~~~~~~~~
In file included from /usr/include/c++/9/ostream:702,
                 from /usr/include/c++/9/iostream:39,
                 from /media/paul/kalashkov/university/forthTerm/oop/repo/lab01/src/error.cpp:4:
/usr/include/c++/9/bits/ostream.tcc: At global scope:
/usr/include/c++/9/bits/ostream.tcc:183:30: error: ‘streamsize’ has not been declared
  183 |     write(const _CharT* __s, streamsize __n)
      |                              ^~~~~~~~~~
In file included from /usr/include/c++/9/iostream:40,
                 from /media/paul/kalashkov/university/forthTerm/oop/repo/lab01/src/error.cpp:4:
/usr/include/c++/9/istream:82:7: error: ‘streamsize’ does not name a type
   82 |       streamsize   _M_gcount;
      |       ^~~~~~~~~~
/usr/include/c++/9/istream:268:7: error: ‘streamsize’ does not name a type
  268 |       streamsize
      |       ^~~~~~~~~~
/usr/include/c++/9/istream:343:27: error: ‘streamsize’ has not been declared
  343 |       get(char_type* __s, streamsize __n, char_type __delim);
      |                           ^~~~~~~~~~
/usr/include/c++/9/istream:354:27: error: ‘streamsize’ has not been declared
  354 |       get(char_type* __s, streamsize __n)
      |                           ^~~~~~~~~~
/usr/include/c++/9/istream:416:31: error: ‘streamsize’ has not been declared
  416 |       getline(char_type* __s, streamsize __n, char_type __delim);
      |                               ^~~~~~~~~~
/usr/include/c++/9/istream:427:31: error: ‘streamsize’ has not been declared
  427 |       getline(char_type* __s, streamsize __n)
      |                               ^~~~~~~~~~
/usr/include/c++/9/istream:451:7: error: expected ‘;’ at end of member declaration
  451 |       ignore(streamsize __n, int_type __delim);
      |       ^~~~~~
      |             ;
/usr/include/c++/9/istream:451:24: error: expected ‘)’ before ‘__n’
  451 |       ignore(streamsize __n, int_type __delim);
      |             ~          ^~~~
      |                        )
/usr/include/c++/9/istream:454:7: error: expected ‘;’ at end of member declaration
  454 |       ignore(streamsize __n);
      |       ^~~~~~
      |             ;
/usr/include/c++/9/istream:454:14: error: redeclaration of ‘std::basic_istream<_CharT, _Traits>::__istream_type& std::basic_istream<_CharT, _Traits>::ignore’
  454 |       ignore(streamsize __n);
      |              ^~~~~~~~~~
/usr/include/c++/9/istream:451:7: note: previous declaration ‘std::basic_istream<_CharT, _Traits>::__istream_type& std::basic_istream<_CharT, _Traits>::ignore’
  451 |       ignore(streamsize __n, int_type __delim);
      |       ^~~~~~
/usr/include/c++/9/istream:454:24: error: expected ‘)’ before ‘__n’
  454 |       ignore(streamsize __n);
      |             ~          ^~~~
      |                        )
/usr/include/c++/9/istream:457:14: error: ‘std::basic_istream<_CharT, _Traits>::__istream_type& std::basic_istream<_CharT, _Traits>::ignore()’ conflicts with a previous declaration
  457 |       ignore();
      |              ^
/usr/include/c++/9/istream:451:7: note: previous declaration ‘std::basic_istream<_CharT, _Traits>::__istream_type& std::basic_istream<_CharT, _Traits>::ignore’
  451 |       ignore(streamsize __n, int_type __delim);
      |       ^~~~~~
/usr/include/c++/9/istream:486:28: error: ‘streamsize’ has not been declared
  486 |       read(char_type* __s, streamsize __n);
      |                            ^~~~~~~~~~
/usr/include/c++/9/istream:504:7: error: ‘streamsize’ does not name a type
  504 |       streamsize
      |       ^~~~~~~~~~
/usr/include/c++/9/istream: In constructor ‘std::basic_istream<_CharT, _Traits>::basic_istream(std::basic_istream<_CharT, _Traits>::__streambuf_type*)’:
/usr/include/c++/9/istream:94:9: error: class ‘std::basic_istream<_CharT, _Traits>’ does not have any field named ‘_M_gcount’
   94 |       : _M_gcount(streamsize(0))
      |         ^~~~~~~~~
/usr/include/c++/9/istream:94:19: error: there are no arguments to ‘streamsize’ that depend on a template parameter, so a declaration of ‘streamsize’ must be available [-fpermissive]
   94 |       : _M_gcount(streamsize(0))
      |                   ^~~~~~~~~~
/usr/include/c++/9/istream:94:19: note: (if you use ‘-fpermissive’, G++ will accept your code, but allowing the use of an undeclared name is deprecated)
/usr/include/c++/9/istream: In destructor ‘virtual std::basic_istream<_CharT, _Traits>::~basic_istream()’:
/usr/include/c++/9/istream:104:9: error: ‘_M_gcount’ was not declared in this scope
  104 |       { _M_gcount = streamsize(0); }
      |         ^~~~~~~~~
/usr/include/c++/9/istream:104:21: error: there are no arguments to ‘streamsize’ that depend on a template parameter, so a declaration of ‘streamsize’ must be available [-fpermissive]
  104 |       { _M_gcount = streamsize(0); }
      |                     ^~~~~~~~~~
/usr/include/c++/9/istream: In constructor ‘std::basic_istream<_CharT, _Traits>::basic_istream()’:
/usr/include/c++/9/istream:607:9: error: class ‘std::basic_istream<_CharT, _Traits>’ does not have any field named ‘_M_gcount’
  607 |       : _M_gcount(streamsize(0))
      |         ^~~~~~~~~
/usr/include/c++/9/istream:607:19: error: there are no arguments to ‘streamsize’ that depend on a template parameter, so a declaration of ‘streamsize’ must be available [-fpermissive]
  607 |       : _M_gcount(streamsize(0))
      |                   ^~~~~~~~~~
/usr/include/c++/9/istream: In constructor ‘std::basic_istream<_CharT, _Traits>::basic_istream(std::basic_istream<_CharT, _Traits>&&)’:
/usr/include/c++/9/istream:614:23: error: class ‘std::basic_istream<_CharT, _Traits>’ does not have any field named ‘_M_gcount’
  614 |       : __ios_type(), _M_gcount(__rhs._M_gcount)
      |                       ^~~~~~~~~
/usr/include/c++/9/istream: In member function ‘void std::basic_istream<_CharT, _Traits>::swap(std::basic_istream<_CharT, _Traits>&)’:
/usr/include/c++/9/istream:635:12: error: ‘_M_gcount’ was not declared in this scope
  635 |  std::swap(_M_gcount, __rhs._M_gcount);
      |            ^~~~~~~~~
/usr/include/c++/9/istream: At global scope:
/usr/include/c++/9/istream:648:29: error: ‘streamsize’ has not been declared
  648 |     getline(char_type* __s, streamsize __n, char_type __delim);
      |                             ^~~~~~~~~~
/usr/include/c++/9/istream:652:5: error: ‘std::basic_istream<char>& std::basic_istream<char>::ignore’ is not a static data member of ‘class std::basic_istream<char>’
  652 |     basic_istream<char>::
      |     ^~~~~~~~~~~~~~~~~~~
/usr/include/c++/9/istream:653:12: error: ‘streamsize’ was not declared in this scope
  653 |     ignore(streamsize __n);
      |            ^~~~~~~~~~
/usr/include/c++/9/istream:657:5: error: ‘std::basic_istream<char>& std::basic_istream<char>::ignore’ is not a static data member of ‘class std::basic_istream<char>’
  657 |     basic_istream<char>::
      |     ^~~~~~~~~~~~~~~~~~~
/usr/include/c++/9/istream:658:12: error: ‘streamsize’ was not declared in this scope
  658 |     ignore(streamsize __n, int_type __delim);
      |            ^~~~~~~~~~
/usr/include/c++/9/istream:658:37: error: expected primary-expression before ‘__delim’
  658 |     ignore(streamsize __n, int_type __delim);
      |                                     ^~~~~~~
/usr/include/c++/9/istream:658:44: error: expression list treated as compound expression in initializer [-fpermissive]
  658 |     ignore(streamsize __n, int_type __delim);
      |                                            ^
/usr/include/c++/9/istream:664:29: error: ‘streamsize’ has not been declared
  664 |     getline(char_type* __s, streamsize __n, char_type __delim);
      |                             ^~~~~~~~~~
/usr/include/c++/9/istream:668:5: error: ‘std::basic_istream<wchar_t>& std::basic_istream<wchar_t>::ignore’ is not a static data member of ‘class std::basic_istream<wchar_t>’
  668 |     basic_istream<wchar_t>::
      |     ^~~~~~~~~~~~~~~~~~~~~~
/usr/include/c++/9/istream:669:12: error: ‘streamsize’ was not declared in this scope
  669 |     ignore(streamsize __n);
      |            ^~~~~~~~~~
/usr/include/c++/9/istream:673:5: error: ‘std::basic_istream<wchar_t>& std::basic_istream<wchar_t>::ignore’ is not a static data member of ‘class std::basic_istream<wchar_t>’
  673 |     basic_istream<wchar_t>::
      |     ^~~~~~~~~~~~~~~~~~~~~~
/usr/include/c++/9/istream:674:12: error: ‘streamsize’ was not declared in this scope
  674 |     ignore(streamsize __n, int_type __delim);
      |            ^~~~~~~~~~
/usr/include/c++/9/istream:674:37: error: expected primary-expression before ‘__delim’
  674 |     ignore(streamsize __n, int_type __delim);
      |                                     ^~~~~~~
/usr/include/c++/9/istream:674:44: error: expression list treated as compound expression in initializer [-fpermissive]
  674 |     ignore(streamsize __n, int_type __delim);
      |                                            ^
In file included from /usr/include/c++/9/istream:991,
                 from /usr/include/c++/9/iostream:40,
                 from /media/paul/kalashkov/university/forthTerm/oop/repo/lab01/src/error.cpp:4:
/usr/include/c++/9/bits/istream.tcc: In member function ‘std::basic_istream<_CharT, _Traits>::int_type std::basic_istream<_CharT, _Traits>::get()’:
/usr/include/c++/9/bits/istream.tcc:248:7: error: ‘_M_gcount’ was not declared in this scope
  248 |       _M_gcount = 0;
      |       ^~~~~~~~~
/usr/include/c++/9/bits/istream.tcc: In member function ‘std::basic_istream<_CharT, _Traits>& std::basic_istream<_CharT, _Traits>::get(std::basic_istream<_CharT, _Traits>::char_type&)’:
/usr/include/c++/9/bits/istream.tcc:282:7: error: ‘_M_gcount’ was not declared in this scope
  282 |       _M_gcount = 0;
      |       ^~~~~~~~~
/usr/include/c++/9/bits/istream.tcc: At global scope:
/usr/include/c++/9/bits/istream.tcc:317:25: error: ‘streamsize’ has not been declared
  317 |     get(char_type* __s, streamsize __n, char_type __delim)
      |                         ^~~~~~~~~~
/usr/include/c++/9/bits/istream.tcc: In member function ‘std::basic_istream<_CharT, _Traits>& std::basic_istream<_CharT, _Traits>::get(std::basic_istream<_CharT, _Traits>::char_type*, int, std::basic_istream<_CharT, _Traits>::char_type)’:
/usr/include/c++/9/bits/istream.tcc:319:7: error: ‘_M_gcount’ was not declared in this scope
  319 |       _M_gcount = 0;
      |       ^~~~~~~~~
/usr/include/c++/9/bits/istream.tcc: In member function ‘std::basic_istream<_CharT, _Traits>& std::basic_istream<_CharT, _Traits>::get(std::basic_istream<_CharT, _Traits>::__streambuf_type&, std::basic_istream<_CharT, _Traits>::char_type)’:
/usr/include/c++/9/bits/istream.tcc:366:7: error: ‘_M_gcount’ was not declared in this scope
  366 |       _M_gcount = 0;
      |       ^~~~~~~~~
/usr/include/c++/9/bits/istream.tcc: At global scope:
/usr/include/c++/9/bits/istream.tcc:408:29: error: ‘streamsize’ has not been declared
  408 |     getline(char_type* __s, streamsize __n, char_type __delim)
      |                             ^~~~~~~~~~
/usr/include/c++/9/bits/istream.tcc: In member function ‘std::basic_istream<_CharT, _Traits>& std::basic_istream<_CharT, _Traits>::getline(std::basic_istream<_CharT, _Traits>::char_type*, int, std::basic_istream<_CharT, _Traits>::char_type)’:
/usr/include/c++/9/bits/istream.tcc:410:7: error: ‘_M_gcount’ was not declared in this scope
  410 |       _M_gcount = 0;
      |       ^~~~~~~~~
/usr/include/c++/9/bits/istream.tcc: At global scope:
/usr/include/c++/9/bits/istream.tcc:467:5: error: no declaration matches ‘std::basic_istream<_CharT, _Traits>& std::basic_istream<_CharT, _Traits>::ignore()’
  467 |     basic_istream<_CharT, _Traits>::
      |     ^~~~~~~~~~~~~~~~~~~~~~~~~~~~~~
In file included from /usr/include/c++/9/iostream:40,
                 from /media/paul/kalashkov/university/forthTerm/oop/repo/lab01/src/error.cpp:4:
/usr/include/c++/9/istream:451:7: note: candidate is: ‘std::basic_istream<_CharT, _Traits>::__istream_type& std::basic_istream<_CharT, _Traits>::ignore’
  451 |       ignore(streamsize __n, int_type __delim);
      |       ^~~~~~
/usr/include/c++/9/istream:58:11: note: ‘class std::basic_istream<_CharT, _Traits>’ defined here
   58 |     class basic_istream : virtual public basic_ios<_CharT, _Traits>
      |           ^~~~~~~~~~~~~
In file included from /usr/include/c++/9/istream:991,
                 from /usr/include/c++/9/iostream:40,
                 from /media/paul/kalashkov/university/forthTerm/oop/repo/lab01/src/error.cpp:4:
/usr/include/c++/9/bits/istream.tcc:500:5: error: ‘std::basic_istream<_CharT, _Traits>& std::basic_istream<_CharT, _Traits>::ignore’ is not a static data member of ‘class std::basic_istream<_CharT, _Traits>’
  500 |     basic_istream<_CharT, _Traits>::
      |     ^~~~~~~~~~~~~~~~~~~~~~~~~~~~~~
/usr/include/c++/9/bits/istream.tcc:501:12: error: template definition of non-template ‘std::basic_istream<_CharT, _Traits>& std::basic_istream<_CharT, _Traits>::ignore’
  501 |     ignore(streamsize __n)
      |            ^~~~~~~~~~
/usr/include/c++/9/bits/istream.tcc:501:12: error: ‘streamsize’ was not declared in this scope
/usr/include/c++/9/bits/istream.tcc:562:5: error: ‘std::basic_istream<_CharT, _Traits>& std::basic_istream<_CharT, _Traits>::ignore’ is not a static data member of ‘class std::basic_istream<_CharT, _Traits>’
  562 |     basic_istream<_CharT, _Traits>::
      |     ^~~~~~~~~~~~~~~~~~~~~~~~~~~~~~
/usr/include/c++/9/bits/istream.tcc:563:12: error: template definition of non-template ‘std::basic_istream<_CharT, _Traits>& std::basic_istream<_CharT, _Traits>::ignore’
  563 |     ignore(streamsize __n, int_type __delim)
      |            ^~~~~~~~~~
/usr/include/c++/9/bits/istream.tcc:563:12: error: ‘streamsize’ was not declared in this scope
/usr/include/c++/9/bits/istream.tcc:563:37: error: expected primary-expression before ‘__delim’
  563 |     ignore(streamsize __n, int_type __delim)
      |                                     ^~~~~~~
/usr/include/c++/9/bits/istream.tcc: In member function ‘std::basic_istream<_CharT, _Traits>::int_type std::basic_istream<_CharT, _Traits>::peek()’:
/usr/include/c++/9/bits/istream.tcc:631:7: error: ‘_M_gcount’ was not declared in this scope
  631 |       _M_gcount = 0;
      |       ^~~~~~~~~
/usr/include/c++/9/bits/istream.tcc: At global scope:
/usr/include/c++/9/bits/istream.tcc:658:26: error: ‘streamsize’ has not been declared
  658 |     read(char_type* __s, streamsize __n)
      |                          ^~~~~~~~~~
/usr/include/c++/9/bits/istream.tcc: In member function ‘std::basic_istream<_CharT, _Traits>& std::basic_istream<_CharT, _Traits>::read(std::basic_istream<_CharT, _Traits>::char_type*, int)’:
/usr/include/c++/9/bits/istream.tcc:660:7: error: ‘_M_gcount’ was not declared in this scope
  660 |       _M_gcount = 0;
      |       ^~~~~~~~~
/usr/include/c++/9/bits/istream.tcc: At global scope:
/usr/include/c++/9/bits/istream.tcc:685:5: error: ‘streamsize’ does not name a type
  685 |     streamsize
      |     ^~~~~~~~~~
/usr/include/c++/9/bits/istream.tcc: In member function ‘std::basic_istream<_CharT, _Traits>& std::basic_istream<_CharT, _Traits>::putback(std::basic_istream<_CharT, _Traits>::char_type)’:
/usr/include/c++/9/bits/istream.tcc:723:7: error: ‘_M_gcount’ was not declared in this scope
  723 |       _M_gcount = 0;
      |       ^~~~~~~~~
/usr/include/c++/9/bits/istream.tcc: In member function ‘std::basic_istream<_CharT, _Traits>& std::basic_istream<_CharT, _Traits>::unget()’:
/usr/include/c++/9/bits/istream.tcc:758:7: error: ‘_M_gcount’ was not declared in this scope
  758 |       _M_gcount = 0;
      |       ^~~~~~~~~
/usr/include/c++/9/bits/istream.tcc: In function ‘std::basic_istream<_CharT, _Traits>& std::operator>>(std::basic_istream<_CharT, _Traits>&, _CharT2*)’:
/usr/include/c++/9/bits/istream.tcc:971:7: error: ‘streamsize’ was not declared in this scope
  971 |       streamsize __extracted = 0;
      |       ^~~~~~~~~~
/usr/include/c++/9/bits/istream.tcc:979:18: error: expected ‘;’ before ‘__num’
  979 |        streamsize __num = __in.width();
      |                  ^~~~~~
      |                  ;
/usr/include/c++/9/bits/istream.tcc:980:12: error: ‘__num’ was not declared in this scope
  980 |        if (__num <= 0)
      |            ^~~~~
/usr/include/c++/9/bits/istream.tcc:989:15: error: ‘__extracted’ was not declared in this scope
  989 |        while (__extracted < __num - 1
      |               ^~~~~~~~~~~
/usr/include/c++/9/bits/istream.tcc:989:29: error: ‘__num’ was not declared in this scope
  989 |        while (__extracted < __num - 1
      |                             ^~~~~
/usr/include/c++/9/bits/istream.tcc:1014:12: error: ‘__extracted’ was not declared in this scope
 1014 |       if (!__extracted)
      |            ^~~~~~~~~~~
In file included from /usr/include/c++/9/string:55,
                 from /media/paul/kalashkov/university/forthTerm/oop/repo/lab01/include/global.hpp:3,
                 from /media/paul/kalashkov/university/forthTerm/oop/repo/lab01/src/error.cpp:2:
/usr/include/c++/9/bits/basic_string.h: In instantiation of ‘std::__cxx11::basic_string<_CharT, _Traits, _Allocator> std::operator+(std::__cxx11::basic_string<_CharT, _Traits, _Allocator>&&, std::__cxx11::basic_string<_CharT, _Traits, _Allocator>&&) [with _CharT = char; _Traits = std::char_traits<char>; _Alloc = std::allocator<char>]’:
/usr/include/c++/9/system_error:351:50:   required from here
/usr/include/c++/9/bits/basic_string.h:6100:33: error: ‘class std::__cxx11::basic_string<char>’ has no member named ‘size’
 6100 |       const auto __size = __lhs.size() + __rhs.size();
      |                           ~~~~~~^~~~
/usr/include/c++/9/bits/basic_string.h:6100:48: error: ‘class std::__cxx11::basic_string<char>’ has no member named ‘size’
 6100 |       const auto __size = __lhs.size() + __rhs.size();
      |                                          ~~~~~~^~~~
/usr/include/c++/9/bits/basic_string.h:6101:43: error: ‘class std::__cxx11::basic_string<char>’ has no member named ‘capacity’
 6101 |       const bool __cond = (__size > __lhs.capacity()
      |                                     ~~~~~~^~~~~~~~
/usr/include/c++/9/bits/basic_string.h:6102:26: error: ‘class std::__cxx11::basic_string<char>’ has no member named ‘capacity’
 6102 |       && __size <= __rhs.capacity());
      |                    ~~~~~~^~~~~~~~
In file included from /usr/include/c++/9/bits/stl_algobase.h:67,
                 from /usr/include/c++/9/bits/char_traits.h:39,
                 from /usr/include/c++/9/string:40,
                 from /media/paul/kalashkov/university/forthTerm/oop/repo/lab01/include/global.hpp:3,
                 from /media/paul/kalashkov/university/forthTerm/oop/repo/lab01/src/error.cpp:2:
/usr/include/c++/9/bits/stl_iterator.h: In instantiation of ‘class __gnu_cxx::__normal_iterator<const char*, std::__cxx11::basic_string<char> >’:
/usr/include/c++/9/bits/basic_string.h:6103:32:   required from ‘std::__cxx11::basic_string<_CharT, _Traits, _Allocator> std::operator+(std::__cxx11::basic_string<_CharT, _Traits, _Allocator>&&, std::__cxx11::basic_string<_CharT, _Traits, _Allocator>&&) [with _CharT = char; _Traits = std::char_traits<char>; _Alloc = std::allocator<char>]’
/usr/include/c++/9/system_error:351:50:   required from here
/usr/include/c++/9/bits/stl_iterator.h:798:56: error: no type named ‘difference_type’ in ‘struct std::iterator_traits<const char*>’
  798 |       typedef typename __traits_type::difference_type  difference_type;
      |                                                        ^~~~~~~~~~~~~~~
In file included from /usr/include/c++/9/string:55,
                 from /media/paul/kalashkov/university/forthTerm/oop/repo/lab01/include/global.hpp:3,
                 from /media/paul/kalashkov/university/forthTerm/oop/repo/lab01/src/error.cpp:2:
/usr/include/c++/9/bits/basic_string.h: In instantiation of ‘std::__cxx11::basic_string<_CharT, _Traits, _Allocator> std::operator+(std::__cxx11::basic_string<_CharT, _Traits, _Allocator>&&, std::__cxx11::basic_string<_CharT, _Traits, _Allocator>&&) [with _CharT = char; _Traits = std::char_traits<char>; _Alloc = std::allocator<char>]’:
/usr/include/c++/9/system_error:351:50:   required from here
/usr/include/c++/9/bits/basic_string.h:6103:32: error: no matching function for call to ‘std::__cxx11::basic_string<char>::insert(int, std::__cxx11::basic_string<char>&)’
 6103 |       return __cond ? std::move(__rhs.insert(0, __lhs))
      |                       ~~~~~~~~~^~~~~~~~~~~~~~~~~~~~~~~~
/usr/include/c++/9/bits/basic_string.h:1578:9: note: candidate: ‘template<class _InputIterator, class> std::__cxx11::basic_string<_CharT, _Traits, _Alloc>::iterator std::__cxx11::basic_string<_CharT, _Traits, _Alloc>::insert(std::__cxx11::basic_string<_CharT, _Traits, _Alloc>::const_iterator, _InputIterator, _InputIterator) [with _InputIterator = _InputIterator; <template-parameter-2-2> = <template-parameter-1-2>; _CharT = char; _Traits = std::char_traits<char>; _Alloc = std::allocator<char>]’
 1578 |         insert(const_iterator __p, _InputIterator __beg, _InputIterator __end)
      |         ^~~~~~
/usr/include/c++/9/bits/basic_string.h:1578:9: note:   template argument deduction/substitution failed:
/usr/include/c++/9/bits/basic_string.h:6103:32: note:   candidate expects 3 arguments, 2 provided
 6103 |       return __cond ? std::move(__rhs.insert(0, __lhs))
      |                       ~~~~~~~~~^~~~~~~~~~~~~~~~~~~~~~~~
/usr/include/c++/9/bits/basic_string.h:1612:7: note: candidate: ‘std::__cxx11::basic_string<_CharT, _Traits, _Alloc>::iterator std::__cxx11::basic_string<_CharT, _Traits, _Alloc>::insert(std::__cxx11::basic_string<_CharT, _Traits, _Alloc>::const_iterator, std::initializer_list<_Tp>) [with _CharT = char; _Traits = std::char_traits<char>; _Alloc = std::allocator<char>; std::__cxx11::basic_string<_CharT, _Traits, _Alloc>::iterator = __gnu_cxx::__normal_iterator<char*, std::__cxx11::basic_string<char> >; typename __gnu_cxx::__alloc_traits<typename __gnu_cxx::__alloc_traits<_Alloc>::rebind<_CharT>::other>::pointer = char*; std::__cxx11::basic_string<_CharT, _Traits, _Alloc>::const_iterator = __gnu_cxx::__normal_iterator<const char*, std::__cxx11::basic_string<char> >; typename __gnu_cxx::__alloc_traits<typename __gnu_cxx::__alloc_traits<_Alloc>::rebind<_CharT>::other>::const_pointer = const char*]’
 1612 |       insert(const_iterator __p, initializer_list<_CharT> __l)
      |       ^~~~~~
/usr/include/c++/9/bits/basic_string.h:1612:29: note:   no known conversion for argument 1 from ‘int’ to ‘std::__cxx11::basic_string<char>::const_iterator’ {aka ‘__gnu_cxx::__normal_iterator<const char*, std::__cxx11::basic_string<char> >’}
 1612 |       insert(const_iterator __p, initializer_list<_CharT> __l)
      |              ~~~~~~~~~~~~~~~^~~
/usr/include/c++/9/bits/basic_string.h:1746:7: note: candidate: ‘std::__cxx11::basic_string<_CharT, _Traits, _Alloc>::iterator std::__cxx11::basic_string<_CharT, _Traits, _Alloc>::insert(std::__cxx11::basic_string<_CharT, _Traits, _Alloc>::__const_iterator, _CharT) [with _CharT = char; _Traits = std::char_traits<char>; _Alloc = std::allocator<char>; std::__cxx11::basic_string<_CharT, _Traits, _Alloc>::iterator = __gnu_cxx::__normal_iterator<char*, std::__cxx11::basic_string<char> >; typename __gnu_cxx::__alloc_traits<typename __gnu_cxx::__alloc_traits<_Alloc>::rebind<_CharT>::other>::pointer = char*; std::__cxx11::basic_string<_CharT, _Traits, _Alloc>::__const_iterator = __gnu_cxx::__normal_iterator<const char*, std::__cxx11::basic_string<char> >; typename __gnu_cxx::__alloc_traits<typename __gnu_cxx::__alloc_traits<_Alloc>::rebind<_CharT>::other>::const_pointer = const char*]’
 1746 |       insert(__const_iterator __p, _CharT __c)
      |       ^~~~~~
/usr/include/c++/9/bits/basic_string.h:1746:31: note:   no known conversion for argument 1 from ‘int’ to ‘std::__cxx11::basic_string<char>::__const_iterator’ {aka ‘__gnu_cxx::__normal_iterator<const char*, std::__cxx11::basic_string<char> >’}
 1746 |       insert(__const_iterator __p, _CharT __c)
      |              ~~~~~~~~~~~~~~~~~^~~
/usr/include/c++/9/bits/basic_string.h: In instantiation of ‘std::__cxx11::basic_string<_CharT, _Traits, _Allocator> std::operator+(const _CharT*, std::__cxx11::basic_string<_CharT, _Traits, _Allocator>&&) [with _CharT = char; _Traits = std::char_traits<char>; _Alloc = std::allocator<char>]’:
/usr/include/c++/9/system_error:354:51:   required from here
/usr/include/c++/9/bits/basic_string.h:6111:23: error: no matching function for call to ‘std::__cxx11::basic_string<char>::insert(int, const char*&)’
 6111 |     { return std::move(__rhs.insert(0, __lhs)); }
      |              ~~~~~~~~~^~~~~~~~~~~~~~~~~~~~~~~~
/usr/include/c++/9/bits/basic_string.h:1578:9: note: candidate: ‘template<class _InputIterator, class> std::__cxx11::basic_string<_CharT, _Traits, _Alloc>::iterator std::__cxx11::basic_string<_CharT, _Traits, _Alloc>::insert(std::__cxx11::basic_string<_CharT, _Traits, _Alloc>::const_iterator, _InputIterator, _InputIterator) [with _InputIterator = _InputIterator; <template-parameter-2-2> = <template-parameter-1-2>; _CharT = char; _Traits = std::char_traits<char>; _Alloc = std::allocator<char>]’
 1578 |         insert(const_iterator __p, _InputIterator __beg, _InputIterator __end)
      |         ^~~~~~
/usr/include/c++/9/bits/basic_string.h:1578:9: note:   template argument deduction/substitution failed:
/usr/include/c++/9/bits/basic_string.h:6111:23: note:   candidate expects 3 arguments, 2 provided
 6111 |     { return std::move(__rhs.insert(0, __lhs)); }
      |              ~~~~~~~~~^~~~~~~~~~~~~~~~~~~~~~~~
/usr/include/c++/9/bits/basic_string.h:1612:7: note: candidate: ‘std::__cxx11::basic_string<_CharT, _Traits, _Alloc>::iterator std::__cxx11::basic_string<_CharT, _Traits, _Alloc>::insert(std::__cxx11::basic_string<_CharT, _Traits, _Alloc>::const_iterator, std::initializer_list<_Tp>) [with _CharT = char; _Traits = std::char_traits<char>; _Alloc = std::allocator<char>; std::__cxx11::basic_string<_CharT, _Traits, _Alloc>::iterator = __gnu_cxx::__normal_iterator<char*, std::__cxx11::basic_string<char> >; typename __gnu_cxx::__alloc_traits<typename __gnu_cxx::__alloc_traits<_Alloc>::rebind<_CharT>::other>::pointer = char*; std::__cxx11::basic_string<_CharT, _Traits, _Alloc>::const_iterator = __gnu_cxx::__normal_iterator<const char*, std::__cxx11::basic_string<char> >; typename __gnu_cxx::__alloc_traits<typename __gnu_cxx::__alloc_traits<_Alloc>::rebind<_CharT>::other>::const_pointer = const char*]’
 1612 |       insert(const_iterator __p, initializer_list<_CharT> __l)
      |       ^~~~~~
/usr/include/c++/9/bits/basic_string.h:1612:29: note:   no known conversion for argument 1 from ‘int’ to ‘std::__cxx11::basic_string<char>::const_iterator’ {aka ‘__gnu_cxx::__normal_iterator<const char*, std::__cxx11::basic_string<char> >’}
 1612 |       insert(const_iterator __p, initializer_list<_CharT> __l)
      |              ~~~~~~~~~~~~~~~^~~
/usr/include/c++/9/bits/basic_string.h:1746:7: note: candidate: ‘std::__cxx11::basic_string<_CharT, _Traits, _Alloc>::iterator std::__cxx11::basic_string<_CharT, _Traits, _Alloc>::insert(std::__cxx11::basic_string<_CharT, _Traits, _Alloc>::__const_iterator, _CharT) [with _CharT = char; _Traits = std::char_traits<char>; _Alloc = std::allocator<char>; std::__cxx11::basic_string<_CharT, _Traits, _Alloc>::iterator = __gnu_cxx::__normal_iterator<char*, std::__cxx11::basic_string<char> >; typename __gnu_cxx::__alloc_traits<typename __gnu_cxx::__alloc_traits<_Alloc>::rebind<_CharT>::other>::pointer = char*; std::__cxx11::basic_string<_CharT, _Traits, _Alloc>::__const_iterator = __gnu_cxx::__normal_iterator<const char*, std::__cxx11::basic_string<char> >; typename __gnu_cxx::__alloc_traits<typename __gnu_cxx::__alloc_traits<_Alloc>::rebind<_CharT>::other>::const_pointer = const char*]’
 1746 |       insert(__const_iterator __p, _CharT __c)
      |       ^~~~~~
/usr/include/c++/9/bits/basic_string.h:1746:31: note:   no known conversion for argument 1 from ‘int’ to ‘std::__cxx11::basic_string<char>::__const_iterator’ {aka ‘__gnu_cxx::__normal_iterator<const char*, std::__cxx11::basic_string<char> >’}
 1746 |       insert(__const_iterator __p, _CharT __c)
      |              ~~~~~~~~~~~~~~~~~^~~
/usr/include/c++/9/bits/basic_string.h: In instantiation of ‘std::basic_ostream<_CharT, _Traits>& std::operator<<(std::basic_ostream<_CharT, _Traits>&, const std::__cxx11::basic_string<_CharT, _Traits, _Allocator>&) [with _CharT = char; _Traits = std::char_traits<char>; _Alloc = std::allocator<char>]’:
/media/paul/kalashkov/university/forthTerm/oop/repo/lab01/src/error.cpp:15:16:   required from here
/usr/include/c++/9/bits/basic_string.h:6421:57: error: ‘const class std::__cxx11::basic_string<char>’ has no member named ‘size’
 6421 |       return __ostream_insert(__os, __str.data(), __str.size());
      |                                                   ~~~~~~^~~~
/usr/include/c++/9/bits/basic_string.h: In instantiation of ‘void std::__cxx11::basic_string<_CharT, _Traits, _Alloc>::_M_dispose() [with _CharT = char; _Traits = std::char_traits<char>; _Alloc = std::allocator<char>]’:
/usr/include/c++/9/bits/basic_string.h:658:9:   required from ‘std::__cxx11::basic_string<_CharT, _Traits, _Alloc>::~basic_string() [with _CharT = char; _Traits = std::char_traits<char>; _Alloc = std::allocator<char>]’
/usr/include/c++/9/system_error:189:40:   required from here
/usr/include/c++/9/bits/basic_string.h:232:15: error: using invalid field ‘std::__cxx11::basic_string<_CharT, _Traits, _Alloc>::<unnamed union>::_M_allocated_capacity’
  232 |    _M_destroy(_M_allocated_capacity);
      |               ^~~~~~~~~~~~~~~~~~~~~
/usr/include/c++/9/bits/basic_string.h: In instantiation of ‘std::__cxx11::basic_string<_CharT, _Traits, _Alloc>::basic_string(std::__cxx11::basic_string<_CharT, _Traits, _Alloc>&&) [with _CharT = char; _Traits = std::char_traits<char>; _Alloc = std::allocator<char>]’:
/usr/include/c++/9/bits/basic_string.h:6062:14:   required from ‘std::__cxx11::basic_string<_CharT, _Traits, _Allocator> std::operator+(const std::__cxx11::basic_string<_CharT, _Traits, _Allocator>&, const _CharT*) [with _CharT = char; _Traits = std::char_traits<char>; _Alloc = std::allocator<char>]’
/usr/include/c++/9/system_error:351:30:   required from here
/usr/include/c++/9/bits/basic_string.h:563:24: error: ‘class std::__cxx11::basic_string<char>’ has no member named ‘_M_allocated_capacity’; did you mean ‘_S_local_capacity’?
  563 |      _M_capacity(__str._M_allocated_capacity);
      |                  ~~~~~~^~~~~~~~~~~~~~~~~~~~~
      |                  _S_local_capacity
make[2]: *** [CMakeFiles/calculations.dir/build.make:63: CMakeFiles/calculations.dir/src/error.cpp.o] Error 1
make[1]: *** [CMakeFiles/Makefile2:105: CMakeFiles/calculations.dir/all] Error 2
make: *** [Makefile:84: all] Error 2
